2025-04-05 17:14:47.477 [info] [main] Log level: Info
2025-04-05 17:14:47.477 [info] [main] Validating found git in: "git"
2025-04-05 17:14:47.477 [info] [main] Using git "2.43.0" from "git"
2025-04-05 17:14:47.477 [info] [Model][doInitialScan] Initial repository scan started
2025-04-05 17:14:47.477 [info] [Model][doInitialScan] Initial repository scan completed - repositories (0), closed repositories (0), parent repositories (0), unsafe repositories (0)
2025-04-05 17:19:08.703 [info] [main] Log level: Info
2025-04-05 17:19:08.703 [info] [main] Validating found git in: "git"
2025-04-05 17:19:08.703 [info] [main] Using git "2.43.0" from "git"
2025-04-05 17:19:08.703 [info] [Model][doInitialScan] Initial repository scan started
2025-04-05 17:19:08.703 [info] > git rev-parse --show-toplevel [34ms]
2025-04-05 17:19:08.721 [info] > git rev-parse --git-dir --git-common-dir [4ms]
2025-04-05 17:19:08.729 [info] [Model][openRepository] Opened repository: /home/shiy/Desktop/Projects/portifolio/FastAPI-template/FastAPI-ToDoList
2025-04-05 17:19:08.764 [info] > git rev-parse --show-toplevel [4ms]
2025-04-05 17:19:08.764 [info] > git config --get commit.template [19ms]
2025-04-05 17:19:08.800 [info] > git rev-parse --show-toplevel [20ms]
2025-04-05 17:19:08.801 [info] [Model][doInitialScan] Initial repository scan completed - repositories (1), closed repositories (0), parent repositories (0), unsafe repositories (0)
2025-04-05 17:19:08.802 [info] > git for-each-ref --format=%(refname)%00%(upstream:short)%00%(objectname)%00%(upstream:track)%00%(upstream:remotename)%00%(upstream:remoteref) refs/heads/main refs/remotes/main [7ms]
2025-04-05 17:19:08.836 [info] > git status -z -uall [17ms]
2025-04-05 17:19:08.837 [info] > git for-each-ref --sort -committerdate --format %(refname)%00%(objectname)%00%(*objectname) [4ms]
2025-04-05 17:19:08.873 [info] > git for-each-ref --format=%(refname)%00%(upstream:short)%00%(objectname)%00%(upstream:track)%00%(upstream:remotename)%00%(upstream:remoteref) refs/heads/main refs/remotes/main [17ms]
2025-04-05 17:19:08.890 [info] > git config --get --local branch.main.vscode-merge-base [3ms]
2025-04-05 17:19:08.890 [warning] [Git][config] git config failed: Failed to execute git
2025-04-05 17:19:08.904 [info] > git config --get commit.template [31ms]
2025-04-05 17:19:08.980 [info] > git reflog main --grep-reflog=branch: Created from *. [77ms]
2025-04-05 17:19:09.258 [info] > git symbolic-ref --short refs/remotes/origin/HEAD [264ms]
2025-04-05 17:19:09.258 [info] fatal: ref refs/remotes/origin/HEAD is not a symbolic ref
2025-04-05 17:19:09.258 [warning] [Repository][getDefaultBranch] Failed to get default branch details: Failed to execute git.
2025-04-05 17:19:09.275 [info] > git for-each-ref --format=%(refname)%00%(upstream:short)%00%(objectname)%00%(upstream:track)%00%(upstream:remotename)%00%(upstream:remoteref) refs/heads/main refs/remotes/main [355ms]
2025-04-05 17:19:09.294 [info] > git check-ignore -v -z --stdin [2ms]
2025-04-05 17:19:09.295 [info] > git merge-base refs/heads/main refs/remotes/origin/main [21ms]
2025-04-05 17:19:09.349 [info] > git diff --name-status -z --diff-filter=ADMR dde64a2d87286c48d40bc8d0d9be42946f748614...refs/remotes/origin/main [39ms]
2025-04-05 17:19:09.406 [info] > git status -z -uall [21ms]
2025-04-05 17:19:09.410 [info] > git for-each-ref --sort -committerdate --format %(refname)%00%(objectname)%00%(*objectname) [10ms]
2025-04-05 17:19:09.429 [info] > git config --get commit.template [2ms]
2025-04-05 17:19:09.445 [info] > git for-each-ref --format=%(refname)%00%(upstream:short)%00%(objectname)%00%(upstream:track)%00%(upstream:remotename)%00%(upstream:remoteref) refs/heads/main refs/remotes/main [1ms]
2025-04-05 17:19:09.476 [info] > git status -z -uall [16ms]
2025-04-05 17:19:09.476 [info] > git for-each-ref --sort -committerdate --format %(refname)%00%(objectname)%00%(*objectname) [1ms]
2025-04-05 17:19:09.840 [info] > git diff --name-status -z --diff-filter=ADMR @{upstream} [1ms]
2025-04-05 17:19:10.846 [info] > git check-ignore -v -z --stdin [1ms]
2025-04-05 17:20:18.704 [info] > git show --textconv :fastapi_todolist/app.py [78ms]
2025-04-05 17:20:18.711 [info] > git ls-files --stage -- fastapi_todolist/app.py [64ms]
2025-04-05 17:20:18.740 [info] > git cat-file -s c76a0dd8afa5b25691aafdb603f604847fdaa80e [4ms]
2025-04-05 17:20:18.787 [info] > git blame --root --incremental dde64a2d87286c48d40bc8d0d9be42946f748614 -- fastapi_todolist/app.py [4ms]
2025-04-05 17:21:09.840 [info] > git diff --name-status -z --diff-filter=ADMR @{upstream} [1ms]
2025-04-05 17:21:18.478 [info] > git config --get commit.template [14ms]
2025-04-05 17:21:18.478 [info] > git for-each-ref --format=%(refname)%00%(upstream:short)%00%(objectname)%00%(upstream:track)%00%(upstream:remotename)%00%(upstream:remoteref) refs/heads/main refs/remotes/main [0ms]
2025-04-05 17:21:18.508 [info] > git status -z -uall [16ms]
2025-04-05 17:21:18.508 [info] > git for-each-ref --sort -committerdate --format %(refname)%00%(objectname)%00%(*objectname) [2ms]
2025-04-05 17:22:06.071 [info] > git config --get commit.template [14ms]
2025-04-05 17:22:06.071 [info] > git for-each-ref --format=%(refname)%00%(upstream:short)%00%(objectname)%00%(upstream:track)%00%(upstream:remotename)%00%(upstream:remoteref) refs/heads/main refs/remotes/main [1ms]
2025-04-05 17:22:06.098 [info] > git status -z -uall [12ms]
2025-04-05 17:22:06.098 [info] > git for-each-ref --sort -committerdate --format %(refname)%00%(objectname)%00%(*objectname) [1ms]
2025-04-05 17:22:29.793 [info] [main] Log level: Info
2025-04-05 17:22:29.793 [info] [main] Validating found git in: "git"
2025-04-05 17:22:29.793 [info] [main] Using git "2.43.0" from "git"
2025-04-05 17:22:29.793 [info] [Model][doInitialScan] Initial repository scan started
2025-04-05 17:22:29.793 [info] > git rev-parse --show-toplevel [24ms]
2025-04-05 17:22:29.807 [info] > git rev-parse --git-dir --git-common-dir [2ms]
2025-04-05 17:22:29.814 [info] [Model][openRepository] Opened repository: /home/shiy/Desktop/Java/Intellij/Fintech
2025-04-05 17:22:29.845 [info] > git rev-parse --show-toplevel [3ms]
2025-04-05 17:22:29.846 [info] > git config --get commit.template [16ms]
2025-04-05 17:22:29.872 [info] > git rev-parse --show-toplevel [13ms]
2025-04-05 17:22:29.885 [info] > git rev-parse --show-toplevel [1ms]
2025-04-05 17:22:29.886 [info] [Model][doInitialScan] Initial repository scan completed - repositories (1), closed repositories (0), parent repositories (0), unsafe repositories (0)
2025-04-05 17:22:29.956 [info] > git for-each-ref --format=%(refname)%00%(upstream:short)%00%(objectname)%00%(upstream:track)%00%(upstream:remotename)%00%(upstream:remoteref) refs/heads/main refs/remotes/main [85ms]
2025-04-05 17:22:30.252 [info] > git status -z -uall [283ms]
2025-04-05 17:22:30.253 [info] > git for-each-ref --sort -committerdate --format %(refname)%00%(objectname)%00%(*objectname) [271ms]
2025-04-05 17:22:30.284 [info] > git for-each-ref --format=%(refname)%00%(upstream:short)%00%(objectname)%00%(upstream:track)%00%(upstream:remotename)%00%(upstream:remoteref) refs/heads/main refs/remotes/main [15ms]
2025-04-05 17:22:30.312 [info] > git config --get --local branch.main.vscode-merge-base [16ms]
2025-04-05 17:22:30.312 [warning] [Git][config] git config failed: Failed to execute git
2025-04-05 17:22:30.325 [info] > git config --get commit.template [42ms]
2025-04-05 17:22:30.373 [info] > git for-each-ref --format=%(refname)%00%(upstream:short)%00%(objectname)%00%(upstream:track)%00%(upstream:remotename)%00%(upstream:remoteref) refs/heads/main refs/remotes/main [35ms]
2025-04-05 17:22:30.415 [info] > git status -z -uall [30ms]
2025-04-05 17:22:30.415 [info] > git check-ignore -v -z --stdin [7ms]
2025-04-05 17:22:30.416 [info] > git for-each-ref --sort -committerdate --format %(refname)%00%(objectname)%00%(*objectname) [19ms]
2025-04-05 17:22:30.447 [info] > git for-each-ref --format=%(refname)%00%(upstream:short)%00%(objectname)%00%(upstream:track)%00%(upstream:remotename)%00%(upstream:remoteref) refs/heads/main refs/remotes/main [16ms]
2025-04-05 17:22:30.459 [info] > git config --get commit.template [12ms]
2025-04-05 17:22:30.460 [info] > git config --get --local branch.main.vscode-merge-base [1ms]
2025-04-05 17:22:30.460 [warning] [Git][config] git config failed: Failed to execute git
2025-04-05 17:22:30.488 [info] > git for-each-ref --format=%(refname)%00%(upstream:short)%00%(objectname)%00%(upstream:track)%00%(upstream:remotename)%00%(upstream:remoteref) refs/heads/main refs/remotes/main [1ms]
2025-04-05 17:22:30.515 [info] > git status -z -uall [15ms]
2025-04-05 17:22:30.515 [info] > git for-each-ref --sort -committerdate --format %(refname)%00%(objectname)%00%(*objectname) [2ms]
2025-04-05 17:22:30.553 [info] > git for-each-ref --format=%(refname)%00%(upstream:short)%00%(objectname)%00%(upstream:track)%00%(upstream:remotename)%00%(upstream:remoteref) refs/heads/main refs/remotes/main [24ms]
2025-04-05 17:22:30.573 [info] > git reflog main --grep-reflog=branch: Created from *. [249ms]
2025-04-05 17:22:30.592 [info] > git reflog main --grep-reflog=branch: Created from *. [119ms]
2025-04-05 17:22:30.616 [info] > git symbolic-ref --short refs/remotes/origin/HEAD [8ms]
2025-04-05 17:22:30.616 [info] fatal: ref refs/remotes/origin/HEAD is not a symbolic ref
2025-04-05 17:22:30.616 [warning] [Repository][getDefaultBranch] Failed to get default branch details: Failed to execute git.
2025-04-05 17:22:30.617 [info] > git symbolic-ref --short refs/remotes/origin/HEAD [26ms]
2025-04-05 17:22:30.617 [info] fatal: ref refs/remotes/origin/HEAD is not a symbolic ref
2025-04-05 17:22:30.617 [warning] [Repository][getDefaultBranch] Failed to get default branch details: Failed to execute git.
2025-04-05 17:22:30.617 [info] > git config --get --local branch.main.vscode-merge-base [44ms]
2025-04-05 17:22:30.617 [warning] [Git][config] git config failed: Failed to execute git
2025-04-05 17:22:30.669 [info] > git reflog main --grep-reflog=branch: Created from *. [36ms]
2025-04-05 17:22:30.710 [info] > git symbolic-ref --short refs/remotes/origin/HEAD [25ms]
2025-04-05 17:22:30.710 [info] fatal: ref refs/remotes/origin/HEAD is not a symbolic ref
2025-04-05 17:22:30.710 [warning] [Repository][getDefaultBranch] Failed to get default branch details: Failed to execute git.
2025-04-05 17:22:30.875 [info] > git ls-files --stage -- src/Main.java [1ms]
2025-04-05 17:22:30.891 [info] > git show --textconv :src/Main.java [34ms]
2025-04-05 17:22:30.892 [info] > git cat-file -s 5e89ea109bb1264d00d1664bf5ff2eb9039450d9 [2ms]
2025-04-05 17:22:31.065 [info] > git diff --name-status -z --diff-filter=ADMR @{upstream} [1ms]
2025-04-05 17:22:31.065 [info] fatal: ambiguous argument '@{upstream}': unknown revision or path not in the working tree.
Use '--' to separate paths from revisions, like this:
'git <command> [<revision>...] -- [<file>...]'
2025-04-05 17:22:47.550 [info] [main] Log level: Info
2025-04-05 17:22:47.550 [info] [main] Validating found git in: "git"
2025-04-05 17:22:47.550 [info] [main] Using git "2.43.0" from "git"
2025-04-05 17:22:47.550 [info] [Model][doInitialScan] Initial repository scan started
2025-04-05 17:22:47.550 [info] > git rev-parse --show-toplevel [25ms]
2025-04-05 17:22:47.550 [info] fatal: not a git repository (or any of the parent directories): .git
2025-04-05 17:22:47.551 [info] > git rev-parse --show-toplevel [2ms]
2025-04-05 17:22:47.551 [info] fatal: not a git repository (or any of the parent directories): .git
2025-04-05 17:22:47.553 [info] [Model][doInitialScan] Initial repository scan completed - repositories (0), closed repositories (0), parent repositories (0), unsafe repositories (0)
2025-04-05 17:22:48.401 [info] > git rev-parse --show-toplevel [4ms]
2025-04-05 17:22:48.401 [info] fatal: not a git repository (or any of the parent directories): .git
