2025-04-06 17:05:30.808 [info] Reading sessions from keychain...
2025-04-06 17:05:30.808 [info] Getting sessions for all scopes...
2025-04-06 17:05:30.808 [info] Getting sessions for all scopes...
2025-04-06 17:05:30.808 [info] Getting sessions for all scopes...
2025-04-06 17:05:30.808 [info] Getting sessions for all scopes...
2025-04-06 17:05:30.808 [info] Getting sessions for all scopes...
2025-04-06 17:05:30.808 [info] Getting sessions for all scopes...
2025-04-06 17:05:30.808 [info] Getting sessions for all scopes...
2025-04-06 17:05:30.808 [info] Getting sessions for all scopes...
2025-04-06 17:05:30.808 [info] Got stored sessions!
2025-04-06 17:05:30.808 [info] Got 1 verified sessions.
2025-04-06 17:05:30.808 [info] Got 1 sessions for ...
2025-04-06 17:05:30.808 [info] Got 1 sessions for ...
2025-04-06 17:05:30.808 [info] Got 1 sessions for ...
2025-04-06 17:05:30.808 [info] Got 1 sessions for ...
2025-04-06 17:05:30.808 [info] Got 1 sessions for ...
2025-04-06 17:05:30.808 [info] Got 1 sessions for ...
2025-04-06 17:05:30.808 [info] Got 1 sessions for ...
2025-04-06 17:05:30.808 [info] Got 1 sessions for ...
2025-04-06 17:05:30.808 [info] Getting sessions for all scopes...
2025-04-06 17:05:30.808 [info] Got 1 sessions for ...
2025-04-06 17:05:30.808 [info] Getting sessions for all scopes...
2025-04-06 17:05:30.808 [info] Got 1 sessions for ...
2025-04-06 17:05:30.859 [info] Getting sessions for read:user,repo,user:email,workflow...
2025-04-06 17:05:30.859 [info] Got 0 sessions for read:user,repo,user:email,workflow...
2025-04-06 17:05:30.916 [info] Getting sessions for read:user,repo,user:email,workflow...
2025-04-06 17:05:30.916 [info] Got 0 sessions for read:user,repo,user:email,workflow...
2025-04-06 17:05:31.002 [info] Getting sessions for read:user...
2025-04-06 17:05:31.002 [info] Got 0 sessions for read:user...
2025-04-06 17:05:31.331 [info] Getting sessions for user:email...
2025-04-06 17:05:31.331 [info] Got 1 sessions for user:email...
2025-04-06 17:05:31.331 [info] Getting sessions for read:user,repo,user:email,workflow...
2025-04-06 17:05:31.331 [info] Got 0 sessions for read:user,repo,user:email,workflow...
2025-04-06 17:05:31.375 [info] Getting sessions for user:email...
2025-04-06 17:05:31.375 [info] Got 1 sessions for user:email...
2025-04-06 17:05:31.400 [info] Getting sessions for all scopes...
2025-04-06 17:05:31.401 [info] Got 1 sessions for ...
2025-04-06 17:05:31.401 [info] Getting sessions for all scopes...
2025-04-06 17:05:31.401 [info] Got 1 sessions for ...
2025-04-06 17:05:31.488 [info] Getting sessions for read:user,repo,user:email,workflow...
2025-04-06 17:05:31.488 [info] Got 0 sessions for read:user,repo,user:email,workflow...
2025-04-06 17:05:31.566 [info] Getting sessions for read:user,repo,user:email,workflow...
2025-04-06 17:05:31.566 [info] Got 0 sessions for read:user,repo,user:email,workflow...
2025-04-06 17:05:31.621 [info] Getting sessions for user:email...
2025-04-06 17:05:31.621 [info] Got 1 sessions for user:email...
2025-04-06 17:05:31.744 [info] Getting sessions for all scopes...
2025-04-06 17:05:31.744 [info] Got 1 sessions for ...
2025-04-06 17:05:31.745 [info] Getting sessions for read:user,repo,user:email,workflow...
2025-04-06 17:05:31.745 [info] Got 0 sessions for read:user,repo,user:email,workflow...
2025-04-06 17:05:31.746 [info] Getting sessions for read:user,repo,user:email,workflow...
2025-04-06 17:05:31.746 [info] Got 0 sessions for read:user,repo,user:email,workflow...
2025-04-06 17:05:31.746 [info] Getting sessions for all scopes...
2025-04-06 17:05:31.746 [info] Got 1 sessions for ...
2025-04-06 17:05:31.748 [info] Getting sessions for read:user,repo,user:email,workflow...
2025-04-06 17:05:31.748 [info] Got 0 sessions for read:user,repo,user:email,workflow...
2025-04-06 17:05:31.749 [info] Getting sessions for user:email...
2025-04-06 17:05:31.749 [info] Got 1 sessions for user:email...
2025-04-06 17:05:32.202 [info] Getting sessions for all scopes...
2025-04-06 17:05:32.202 [info] Got 1 sessions for ...
2025-04-06 17:05:32.202 [info] Getting sessions for all scopes...
2025-04-06 17:05:32.202 [info] Got 1 sessions for ...
2025-04-06 17:05:32.202 [info] Getting sessions for read:user,repo,user:email,workflow...
2025-04-06 17:05:32.202 [info] Got 0 sessions for read:user,repo,user:email,workflow...
2025-04-06 17:05:32.203 [info] Getting sessions for user:email...
2025-04-06 17:05:32.203 [info] Got 1 sessions for user:email...
2025-04-06 17:05:32.203 [info] Getting sessions for read:user,repo,user:email,workflow...
2025-04-06 17:05:32.203 [info] Got 0 sessions for read:user,repo,user:email,workflow...
2025-04-06 17:05:32.207 [info] Getting sessions for all scopes...
2025-04-06 17:05:32.207 [info] Got 1 sessions for ...
2025-04-06 17:05:32.210 [info] Getting sessions for read:user,repo,user:email,workflow...
2025-04-06 17:05:32.210 [info] Got 0 sessions for read:user,repo,user:email,workflow...
2025-04-06 17:05:32.211 [info] Getting sessions for user:email...
2025-04-06 17:05:32.211 [info] Got 1 sessions for user:email...
2025-04-06 17:05:32.288 [info] Getting sessions for all scopes...
2025-04-06 17:05:32.288 [info] Got 1 sessions for ...
2025-04-06 17:05:32.288 [info] Getting sessions for all scopes...
2025-04-06 17:05:32.288 [info] Got 1 sessions for ...
2025-04-06 17:05:32.289 [info] Getting sessions for read:user,repo,user:email,workflow...
2025-04-06 17:05:32.289 [info] Got 0 sessions for read:user,repo,user:email,workflow...
2025-04-06 17:05:32.294 [info] Getting sessions for user:email...
2025-04-06 17:05:32.294 [info] Got 1 sessions for user:email...
2025-04-06 17:05:32.294 [info] Getting sessions for read:user,repo,user:email,workflow...
2025-04-06 17:05:32.294 [info] Got 0 sessions for read:user,repo,user:email,workflow...
2025-04-06 17:05:32.299 [info] Getting sessions for all scopes...
2025-04-06 17:05:32.299 [info] Got 1 sessions for ...
2025-04-06 17:05:32.300 [info] Getting sessions for read:user,repo,user:email,workflow...
2025-04-06 17:05:32.300 [info] Got 0 sessions for read:user,repo,user:email,workflow...
2025-04-06 17:05:32.300 [info] Getting sessions for user:email...
2025-04-06 17:05:32.300 [info] Got 1 sessions for user:email...
2025-04-06 17:05:33.606 [info] Getting sessions for all scopes...
2025-04-06 17:05:33.606 [info] Got 1 sessions for ...
2025-04-06 17:05:33.607 [info] Getting sessions for read:user,repo,user:email,workflow...
2025-04-06 17:05:33.607 [info] Got 0 sessions for read:user,repo,user:email,workflow...
2025-04-06 17:05:33.608 [info] Getting sessions for user:email...
2025-04-06 17:05:33.608 [info] Got 1 sessions for user:email...
2025-04-06 17:06:32.216 [info] Getting sessions for all scopes...
2025-04-06 17:06:32.217 [info] Got 1 sessions for ...
2025-04-06 17:06:32.217 [info] Getting sessions for read:user,repo,user:email,workflow...
2025-04-06 17:06:32.217 [info] Got 0 sessions for read:user,repo,user:email,workflow...
2025-04-06 17:06:32.218 [info] Getting sessions for user:email...
2025-04-06 17:06:32.218 [info] Got 1 sessions for user:email...
2025-04-06 17:09:37.886 [info] Getting sessions for all scopes...
2025-04-06 17:09:37.886 [info] Got 1 sessions for ...
2025-04-06 17:09:37.887 [info] Getting sessions for read:user,repo,user:email,workflow...
2025-04-06 17:09:37.887 [info] Got 0 sessions for read:user,repo,user:email,workflow...
2025-04-06 17:09:37.887 [info] Getting sessions for user:email...
2025-04-06 17:09:37.887 [info] Got 1 sessions for user:email...
2025-04-06 17:17:43.440 [info] Getting sessions for all scopes...
2025-04-06 17:17:43.440 [info] Got 1 sessions for ...
2025-04-06 17:17:43.441 [info] Getting sessions for read:user,repo,user:email,workflow...
2025-04-06 17:17:43.441 [info] Got 0 sessions for read:user,repo,user:email,workflow...
2025-04-06 17:17:43.441 [info] Getting sessions for user:email...
2025-04-06 17:17:43.441 [info] Got 1 sessions for user:email...
2025-04-06 17:19:45.622 [info] Getting sessions for all scopes...
2025-04-06 17:19:45.622 [info] Got 1 sessions for ...
2025-04-06 17:19:45.623 [info] Getting sessions for read:user,repo,user:email,workflow...
2025-04-06 17:19:45.623 [info] Got 0 sessions for read:user,repo,user:email,workflow...
2025-04-06 17:19:45.624 [info] Getting sessions for user:email...
2025-04-06 17:19:45.624 [info] Got 1 sessions for user:email...
2025-04-06 17:20:33.612 [info] Getting sessions for all scopes...
2025-04-06 17:20:33.612 [info] Got 1 sessions for ...
2025-04-06 17:20:33.613 [info] Getting sessions for read:user,repo,user:email,workflow...
2025-04-06 17:20:33.613 [info] Got 0 sessions for read:user,repo,user:email,workflow...
2025-04-06 17:20:33.613 [info] Getting sessions for user:email...
2025-04-06 17:20:33.613 [info] Got 1 sessions for user:email...
2025-04-06 17:20:33.614 [info] Getting sessions for all scopes...
2025-04-06 17:20:33.614 [info] Got 1 sessions for ...
2025-04-06 17:20:33.614 [info] Getting sessions for read:user,repo,user:email,workflow...
2025-04-06 17:20:33.614 [info] Got 0 sessions for read:user,repo,user:email,workflow...
2025-04-06 17:20:33.615 [info] Getting sessions for user:email...
2025-04-06 17:20:33.615 [info] Got 1 sessions for user:email...
2025-04-06 17:20:42.244 [info] Getting sessions for all scopes...
2025-04-06 17:20:42.244 [info] Got 1 sessions for ...
2025-04-06 17:20:42.244 [info] Getting sessions for read:user,repo,user:email,workflow...
2025-04-06 17:20:42.244 [info] Got 0 sessions for read:user,repo,user:email,workflow...
2025-04-06 17:20:42.245 [info] Getting sessions for user:email...
2025-04-06 17:20:42.245 [info] Got 1 sessions for user:email...
2025-04-06 17:20:49.795 [info] Getting sessions for all scopes...
2025-04-06 17:20:49.795 [info] Got 1 sessions for ...
2025-04-06 17:20:49.796 [info] Getting sessions for read:user,repo,user:email,workflow...
2025-04-06 17:20:49.796 [info] Got 0 sessions for read:user,repo,user:email,workflow...
2025-04-06 17:20:49.797 [info] Getting sessions for user:email...
2025-04-06 17:20:49.797 [info] Got 1 sessions for user:email...
