2025-04-06 17:05:30.917 [info] [main] Log level: Info
2025-04-06 17:05:30.917 [info] [main] Validating found git in: "git"
2025-04-06 17:05:30.917 [info] [main] Using git "2.43.0" from "git"
2025-04-06 17:05:30.917 [info] [Model][doInitialScan] Initial repository scan started
2025-04-06 17:05:30.917 [info] > git rev-parse --show-toplevel [3343ms]
2025-04-06 17:05:30.917 [info] > git rev-parse --git-dir --git-common-dir [46ms]
2025-04-06 17:05:30.917 [info] [Model][openRepository] Opened repository: /home/shiy/Desktop/Projects/portifolio/FastAPI-template/FastAPI-ToDoList
2025-04-06 17:05:30.967 [info] > git rev-parse --show-toplevel [22ms]
2025-04-06 17:05:30.968 [info] > git config --get commit.template [37ms]
2025-04-06 17:05:31.000 [info] > git rev-parse --show-toplevel [18ms]
2025-04-06 17:05:31.001 [info] [Model][doInitialScan] Initial repository scan completed - repositories (1), closed repositories (0), parent repositories (0), unsafe repositories (0)
2025-04-06 17:05:31.330 [info] > git for-each-ref --format=%(refname)%00%(upstream:short)%00%(objectname)%00%(upstream:track)%00%(upstream:remotename)%00%(upstream:remoteref) refs/heads/main refs/remotes/main [332ms]
2025-04-06 17:05:31.403 [info] > git status -z -uall [17ms]
2025-04-06 17:05:31.403 [info] > git for-each-ref --sort -committerdate --format %(refname)%00%(objectname)%00%(*objectname) [5ms]
2025-04-06 17:05:31.423 [info] > git ls-files --stage -- poetry.lock [51ms]
2025-04-06 17:05:31.446 [info] > git show --textconv :poetry.lock [86ms]
2025-04-06 17:05:31.446 [info] > git for-each-ref --format=%(refname)%00%(upstream:short)%00%(objectname)%00%(upstream:track)%00%(upstream:remotename)%00%(upstream:remoteref) refs/heads/main refs/remotes/main [26ms]
2025-04-06 17:05:31.462 [info] > git config --get --local branch.main.vscode-merge-base [2ms]
2025-04-06 17:05:31.462 [warning] [Git][config] git config failed: Failed to execute git
2025-04-06 17:05:31.473 [info] > git config --get commit.template [27ms]
2025-04-06 17:05:31.473 [info] > git cat-file -s 9696901417d2a99ce09c05fb49eec9ca8cafd9cb [40ms]
2025-04-06 17:05:31.563 [info] > git check-ignore -v -z --stdin [78ms]
2025-04-06 17:05:31.568 [info] > git for-each-ref --format=%(refname)%00%(upstream:short)%00%(objectname)%00%(upstream:track)%00%(upstream:remotename)%00%(upstream:remoteref) refs/heads/main refs/remotes/main [65ms]
2025-04-06 17:05:31.607 [info] > git status -z -uall [12ms]
2025-04-06 17:05:31.607 [info] > git for-each-ref --sort -committerdate --format %(refname)%00%(objectname)%00%(*objectname) [1ms]
2025-04-06 17:05:31.632 [info] > git for-each-ref --format=%(refname)%00%(upstream:short)%00%(objectname)%00%(upstream:track)%00%(upstream:remotename)%00%(upstream:remoteref) refs/heads/main refs/remotes/main [13ms]
2025-04-06 17:05:31.644 [info] > git config --get --local branch.main.vscode-merge-base [2ms]
2025-04-06 17:05:31.644 [warning] [Git][config] git config failed: Failed to execute git
2025-04-06 17:05:31.655 [info] > git config --get commit.template [23ms]
2025-04-06 17:05:31.672 [info] > git for-each-ref --format=%(refname)%00%(upstream:short)%00%(objectname)%00%(upstream:track)%00%(upstream:remotename)%00%(upstream:remoteref) refs/heads/main refs/remotes/main [5ms]
2025-04-06 17:05:31.706 [info] > git status -z -uall [13ms]
2025-04-06 17:05:31.706 [info] > git for-each-ref --sort -committerdate --format %(refname)%00%(objectname)%00%(*objectname) [2ms]
2025-04-06 17:05:31.722 [info] > git for-each-ref --format=%(refname)%00%(upstream:short)%00%(objectname)%00%(upstream:track)%00%(upstream:remotename)%00%(upstream:remoteref) refs/heads/main refs/remotes/main [2ms]
2025-04-06 17:05:31.734 [info] > git config --get --local branch.main.vscode-merge-base [2ms]
2025-04-06 17:05:31.734 [warning] [Git][config] git config failed: Failed to execute git
2025-04-06 17:05:31.763 [info] > git reflog main --grep-reflog=branch: Created from *. [290ms]
2025-04-06 17:05:31.776 [info] > git reflog main --grep-reflog=branch: Created from *. [32ms]
2025-04-06 17:05:31.786 [info] > git reflog main --grep-reflog=branch: Created from *. [132ms]
2025-04-06 17:05:31.866 [info] > git symbolic-ref --short refs/remotes/origin/HEAD [91ms]
2025-04-06 17:05:31.866 [info] fatal: ref refs/remotes/origin/HEAD is not a symbolic ref
2025-04-06 17:05:31.866 [warning] [Repository][getDefaultBranch] Failed to get default branch details: Failed to execute git.
2025-04-06 17:05:31.879 [info] > git symbolic-ref --short refs/remotes/origin/HEAD [82ms]
2025-04-06 17:05:31.879 [info] fatal: ref refs/remotes/origin/HEAD is not a symbolic ref
2025-04-06 17:05:31.879 [warning] [Repository][getDefaultBranch] Failed to get default branch details: Failed to execute git.
2025-04-06 17:05:31.894 [info] > git symbolic-ref --short refs/remotes/origin/HEAD [108ms]
2025-04-06 17:05:31.894 [info] fatal: ref refs/remotes/origin/HEAD is not a symbolic ref
2025-04-06 17:05:31.894 [warning] [Repository][getDefaultBranch] Failed to get default branch details: Failed to execute git.
2025-04-06 17:05:31.910 [info] > git merge-base refs/heads/main refs/remotes/origin/main [16ms]
2025-04-06 17:05:31.923 [info] > git merge-base refs/heads/main refs/remotes/origin/main [44ms]
2025-04-06 17:05:31.937 [info] > git diff --name-status -z --diff-filter=ADMR dde64a2d87286c48d40bc8d0d9be42946f748614...refs/remotes/origin/main [14ms]
2025-04-06 17:05:31.938 [info] > git merge-base refs/heads/main refs/remotes/origin/main [29ms]
2025-04-06 17:05:31.950 [info] > git diff --name-status -z --diff-filter=ADMR dde64a2d87286c48d40bc8d0d9be42946f748614...refs/remotes/origin/main [15ms]
2025-04-06 17:05:31.951 [info] > git diff --name-status -z --diff-filter=ADMR dde64a2d87286c48d40bc8d0d9be42946f748614...refs/remotes/origin/main [2ms]
2025-04-06 17:05:32.049 [info] > git blame --root --incremental dde64a2d87286c48d40bc8d0d9be42946f748614 -- poetry.lock [365ms]
2025-04-06 17:05:32.208 [info] > git diff --name-status -z --diff-filter=ADMR @{upstream} [160ms]
2025-04-06 17:07:01.047 [info] > git config --get commit.template [14ms]
2025-04-06 17:07:01.047 [info] > git for-each-ref --format=%(refname)%00%(upstream:short)%00%(objectname)%00%(upstream:track)%00%(upstream:remotename)%00%(upstream:remoteref) refs/heads/main refs/remotes/main [1ms]
2025-04-06 17:07:01.073 [info] > git status -z -uall [14ms]
2025-04-06 17:07:01.074 [info] > git for-each-ref --sort -committerdate --format %(refname)%00%(objectname)%00%(*objectname) [1ms]
2025-04-06 17:07:32.051 [info] > git diff --name-status -z --diff-filter=ADMR @{upstream} [1ms]
2025-04-06 17:07:44.213 [info] > git config --get commit.template [13ms]
2025-04-06 17:07:44.213 [info] > git for-each-ref --format=%(refname)%00%(upstream:short)%00%(objectname)%00%(upstream:track)%00%(upstream:remotename)%00%(upstream:remoteref) refs/heads/main refs/remotes/main [0ms]
2025-04-06 17:07:44.238 [info] > git status -z -uall [12ms]
2025-04-06 17:07:44.239 [info] > git for-each-ref --sort -committerdate --format %(refname)%00%(objectname)%00%(*objectname) [1ms]
2025-04-06 17:08:21.514 [info] > git config --get commit.template [14ms]
2025-04-06 17:08:21.515 [info] > git for-each-ref --format=%(refname)%00%(upstream:short)%00%(objectname)%00%(upstream:track)%00%(upstream:remotename)%00%(upstream:remoteref) refs/heads/main refs/remotes/main [1ms]
2025-04-06 17:08:21.543 [info] > git status -z -uall [14ms]
2025-04-06 17:08:21.543 [info] > git for-each-ref --sort -committerdate --format %(refname)%00%(objectname)%00%(*objectname) [1ms]
2025-04-06 17:08:38.896 [info] > git config --get commit.template [3ms]
2025-04-06 17:08:38.916 [info] > git for-each-ref --format=%(refname)%00%(upstream:short)%00%(objectname)%00%(upstream:track)%00%(upstream:remotename)%00%(upstream:remoteref) refs/heads/main refs/remotes/main [1ms]
2025-04-06 17:08:38.943 [info] > git status -z -uall [14ms]
2025-04-06 17:08:38.943 [info] > git for-each-ref --sort -committerdate --format %(refname)%00%(objectname)%00%(*objectname) [1ms]
2025-04-06 17:09:32.057 [info] > git diff --name-status -z --diff-filter=ADMR @{upstream} [2ms]
2025-04-06 17:11:32.060 [info] > git diff --name-status -z --diff-filter=ADMR @{upstream} [1ms]
2025-04-06 17:13:32.067 [info] > git diff --name-status -z --diff-filter=ADMR @{upstream} [2ms]
2025-04-06 17:13:35.681 [info] > git config --get commit.template [13ms]
2025-04-06 17:13:35.693 [info] > git ls-files --stage -- poetry.lock [13ms]
2025-04-06 17:13:35.704 [info] > git for-each-ref --format=%(refname)%00%(upstream:short)%00%(objectname)%00%(upstream:track)%00%(upstream:remotename)%00%(upstream:remoteref) refs/heads/main refs/remotes/main [12ms]
2025-04-06 17:13:35.705 [info] > git cat-file -s 9696901417d2a99ce09c05fb49eec9ca8cafd9cb [1ms]
2025-04-06 17:13:35.739 [info] > git status -z -uall [22ms]
2025-04-06 17:13:35.739 [info] > git for-each-ref --sort -committerdate --format %(refname)%00%(objectname)%00%(*objectname) [11ms]
2025-04-06 17:13:35.743 [info] > git show --textconv :poetry.lock [4ms]
2025-04-06 17:13:46.434 [info] > git config --get commit.template [3ms]
2025-04-06 17:13:46.446 [info] > git for-each-ref --format=%(refname)%00%(upstream:short)%00%(objectname)%00%(upstream:track)%00%(upstream:remotename)%00%(upstream:remoteref) refs/heads/main refs/remotes/main [1ms]
2025-04-06 17:13:46.468 [info] > git status -z -uall [11ms]
2025-04-06 17:13:46.468 [info] > git for-each-ref --sort -committerdate --format %(refname)%00%(objectname)%00%(*objectname) [1ms]
2025-04-06 17:14:15.368 [info] > git show --textconv :pyproject.toml [14ms]
2025-04-06 17:14:15.369 [info] > git ls-files --stage -- pyproject.toml [1ms]
2025-04-06 17:14:15.387 [info] > git cat-file -s 0c4dbca80b4a5d1e74902b53d0715d54a8b79749 [2ms]
2025-04-06 17:14:15.446 [info] > git blame --root --incremental dde64a2d87286c48d40bc8d0d9be42946f748614 -- pyproject.toml [37ms]
2025-04-06 17:15:32.065 [info] > git diff --name-status -z --diff-filter=ADMR @{upstream} [1ms]
2025-04-06 17:16:01.088 [info] > git config --get commit.template [11ms]
2025-04-06 17:16:01.088 [info] > git for-each-ref --format=%(refname)%00%(upstream:short)%00%(objectname)%00%(upstream:track)%00%(upstream:remotename)%00%(upstream:remoteref) refs/heads/main refs/remotes/main [0ms]
2025-04-06 17:16:01.110 [info] > git status -z -uall [11ms]
2025-04-06 17:16:01.111 [info] > git for-each-ref --sort -committerdate --format %(refname)%00%(objectname)%00%(*objectname) [2ms]
2025-04-06 17:16:07.907 [info] > git config --get commit.template [10ms]
2025-04-06 17:16:07.908 [info] > git for-each-ref --format=%(refname)%00%(upstream:short)%00%(objectname)%00%(upstream:track)%00%(upstream:remotename)%00%(upstream:remoteref) refs/heads/main refs/remotes/main [1ms]
2025-04-06 17:16:07.930 [info] > git status -z -uall [12ms]
2025-04-06 17:16:07.930 [info] > git for-each-ref --sort -committerdate --format %(refname)%00%(objectname)%00%(*objectname) [1ms]
2025-04-06 17:16:24.728 [info] > git show --textconv :pyproject.toml [15ms]
2025-04-06 17:16:24.728 [info] > git ls-files --stage -- pyproject.toml [1ms]
2025-04-06 17:16:24.743 [info] > git cat-file -s 0c4dbca80b4a5d1e74902b53d0715d54a8b79749 [1ms]
2025-04-06 17:16:34.695 [info] > git show --textconv :pyproject.toml [15ms]
2025-04-06 17:16:34.695 [info] > git ls-files --stage -- pyproject.toml [1ms]
2025-04-06 17:16:34.711 [info] > git cat-file -s 0c4dbca80b4a5d1e74902b53d0715d54a8b79749 [2ms]
2025-04-06 17:16:35.464 [info] > git config --get commit.template [14ms]
2025-04-06 17:16:35.465 [info] > git for-each-ref --format=%(refname)%00%(upstream:short)%00%(objectname)%00%(upstream:track)%00%(upstream:remotename)%00%(upstream:remoteref) refs/heads/main refs/remotes/main [1ms]
2025-04-06 17:16:35.493 [info] > git status -z -uall [15ms]
2025-04-06 17:16:35.493 [info] > git for-each-ref --sort -committerdate --format %(refname)%00%(objectname)%00%(*objectname) [1ms]
2025-04-06 17:16:44.467 [info] > git config --get commit.template [21ms]
2025-04-06 17:16:44.468 [info] > git for-each-ref --format=%(refname)%00%(upstream:short)%00%(objectname)%00%(upstream:track)%00%(upstream:remotename)%00%(upstream:remoteref) refs/heads/main refs/remotes/main [1ms]
2025-04-06 17:16:44.506 [info] > git status -z -uall [19ms]
2025-04-06 17:16:44.507 [info] > git for-each-ref --sort -committerdate --format %(refname)%00%(objectname)%00%(*objectname) [2ms]
2025-04-06 17:17:32.071 [info] > git diff --name-status -z --diff-filter=ADMR @{upstream} [1ms]
2025-04-06 17:18:38.444 [info] > git config --get commit.template [1ms]
2025-04-06 17:18:38.458 [info] > git for-each-ref --format=%(refname)%00%(upstream:short)%00%(objectname)%00%(upstream:track)%00%(upstream:remotename)%00%(upstream:remoteref) refs/heads/main refs/remotes/main [1ms]
2025-04-06 17:18:38.484 [info] > git status -z -uall [14ms]
2025-04-06 17:18:38.484 [info] > git for-each-ref --sort -committerdate --format %(refname)%00%(objectname)%00%(*objectname) [1ms]
2025-04-06 17:18:43.512 [info] > git config --get commit.template [12ms]
2025-04-06 17:18:43.512 [info] > git for-each-ref --format=%(refname)%00%(upstream:short)%00%(objectname)%00%(upstream:track)%00%(upstream:remotename)%00%(upstream:remoteref) refs/heads/main refs/remotes/main [1ms]
2025-04-06 17:18:43.538 [info] > git status -z -uall [13ms]
2025-04-06 17:18:43.538 [info] > git for-each-ref --sort -committerdate --format %(refname)%00%(objectname)%00%(*objectname) [1ms]
2025-04-06 17:18:48.567 [info] > git config --get commit.template [12ms]
2025-04-06 17:18:48.568 [info] > git for-each-ref --format=%(refname)%00%(upstream:short)%00%(objectname)%00%(upstream:track)%00%(upstream:remotename)%00%(upstream:remoteref) refs/heads/main refs/remotes/main [2ms]
2025-04-06 17:18:48.594 [info] > git status -z -uall [13ms]
2025-04-06 17:18:48.595 [info] > git for-each-ref --sort -committerdate --format %(refname)%00%(objectname)%00%(*objectname) [1ms]
2025-04-06 17:19:32.076 [info] > git diff --name-status -z --diff-filter=ADMR @{upstream} [1ms]
2025-04-06 17:19:43.314 [info] > git show --textconv :fastapi_todolist/app.py [38ms]
2025-04-06 17:19:43.316 [info] > git ls-files --stage -- fastapi_todolist/app.py [23ms]
2025-04-06 17:19:43.335 [info] > git cat-file -s c76a0dd8afa5b25691aafdb603f604847fdaa80e [3ms]
2025-04-06 17:19:43.376 [info] > git blame --root --incremental dde64a2d87286c48d40bc8d0d9be42946f748614 -- fastapi_todolist/app.py [4ms]
2025-04-06 17:21:32.079 [info] > git diff --name-status -z --diff-filter=ADMR @{upstream} [1ms]
2025-04-06 17:23:32.085 [info] > git diff --name-status -z --diff-filter=ADMR @{upstream} [1ms]
2025-04-06 17:25:32.086 [info] > git diff --name-status -z --diff-filter=ADMR @{upstream} [1ms]
2025-04-06 17:27:32.089 [info] > git diff --name-status -z --diff-filter=ADMR @{upstream} [1ms]
2025-04-06 17:29:32.090 [info] > git diff --name-status -z --diff-filter=ADMR @{upstream} [1ms]
