2025-04-05 17:14:47.459 [info] Reading sessions from keychain...
2025-04-05 17:14:47.459 [info] Getting sessions for all scopes...
2025-04-05 17:14:47.459 [info] Getting sessions for all scopes...
2025-04-05 17:14:47.459 [info] Getting sessions for all scopes...
2025-04-05 17:14:47.459 [info] Getting sessions for all scopes...
2025-04-05 17:14:47.459 [info] Getting sessions for all scopes...
2025-04-05 17:14:47.459 [info] Getting sessions for all scopes...
2025-04-05 17:14:47.459 [info] Getting sessions for all scopes...
2025-04-05 17:14:47.459 [info] Getting sessions for all scopes...
2025-04-05 17:14:47.459 [info] Getting sessions for all scopes...
2025-04-05 17:14:47.459 [info] Getting sessions for all scopes...
2025-04-05 17:14:47.521 [info] Got 0 sessions for ...
2025-04-05 17:14:47.521 [info] Got 0 sessions for ...
2025-04-05 17:14:47.521 [info] Got 0 sessions for ...
2025-04-05 17:14:47.521 [info] Got 0 sessions for ...
2025-04-05 17:14:47.521 [info] Got 0 sessions for ...
2025-04-05 17:14:47.521 [info] Got 0 sessions for ...
2025-04-05 17:14:47.521 [info] Got 0 sessions for ...
2025-04-05 17:14:47.521 [info] Got 0 sessions for ...
2025-04-05 17:14:47.521 [info] Got 0 sessions for ...
2025-04-05 17:14:47.521 [info] Got 0 sessions for ...
2025-04-05 17:14:47.526 [info] Getting sessions for user:email...
2025-04-05 17:14:47.526 [info] Got 0 sessions for user:email...
2025-04-05 17:14:47.527 [info] Getting sessions for read:user,repo,user:email,workflow...
2025-04-05 17:14:47.527 [info] Got 0 sessions for read:user,repo,user:email,workflow...
2025-04-05 17:14:47.528 [info] Getting sessions for all scopes...
2025-04-05 17:14:47.528 [info] Got 0 sessions for ...
2025-04-05 17:14:47.529 [info] Getting sessions for user:email...
2025-04-05 17:14:47.529 [info] Got 0 sessions for user:email...
2025-04-05 17:14:47.530 [info] Getting sessions for all scopes...
2025-04-05 17:14:47.530 [info] Got 0 sessions for ...
2025-04-05 17:14:47.530 [info] Getting sessions for user:email...
2025-04-05 17:14:47.530 [info] Got 0 sessions for user:email...
2025-04-05 17:14:48.145 [info] Getting sessions for read:user,repo,user:email,workflow...
2025-04-05 17:14:48.146 [info] Got 0 sessions for read:user,repo,user:email,workflow...
2025-04-05 17:14:48.156 [info] Getting sessions for read:user...
2025-04-05 17:14:48.156 [info] Got 0 sessions for read:user...
2025-04-05 17:14:48.156 [info] Getting sessions for user:email...
2025-04-05 17:14:48.156 [info] Got 0 sessions for user:email...
2025-04-05 17:14:48.532 [info] Getting sessions for all scopes...
2025-04-05 17:14:48.532 [info] Got 0 sessions for ...
2025-04-05 17:14:48.533 [info] Getting sessions for user:email...
2025-04-05 17:14:48.533 [info] Got 0 sessions for user:email...
2025-04-05 17:14:48.584 [info] Getting sessions for all scopes...
2025-04-05 17:14:48.584 [info] Got 0 sessions for ...
2025-04-05 17:14:48.588 [info] Getting sessions for user:email...
2025-04-05 17:14:48.588 [info] Got 0 sessions for user:email...
2025-04-05 17:14:48.676 [info] Getting sessions for all scopes...
2025-04-05 17:14:48.676 [info] Got 0 sessions for ...
2025-04-05 17:14:51.567 [info] Logging in with 'any' account...
2025-04-05 17:14:51.567 [info] Logging in for the following scopes: user:email
2025-04-05 17:14:51.582 [info] Trying without local server... (user:email)
2025-04-05 17:14:56.347 [info] Exchanging code for token...
2025-04-05 17:14:56.645 [info] Token exchange success!
2025-04-05 17:14:56.646 [info] Getting user info...
2025-04-05 17:14:56.932 [info] Got account info!
2025-04-05 17:14:56.933 [info] Storing 1 sessions...
2025-04-05 17:14:56.936 [info] Reading sessions from keychain...
2025-04-05 17:14:56.936 [info] Stored 1 sessions!
2025-04-05 17:14:56.936 [info] Login success!
2025-04-05 17:14:56.936 [info] Getting sessions for all scopes...
2025-04-05 17:14:56.937 [info] Getting sessions for all scopes...
2025-04-05 17:14:56.938 [info] Got stored sessions!
2025-04-05 17:14:56.938 [info] Got 1 verified sessions.
2025-04-05 17:14:56.938 [info] Got 1 sessions for ...
2025-04-05 17:14:56.938 [info] Got 1 sessions for ...
2025-04-05 17:14:56.940 [info] Getting sessions for all scopes...
2025-04-05 17:14:56.940 [info] Got 1 sessions for ...
2025-04-05 17:14:56.940 [info] Getting sessions for all scopes...
2025-04-05 17:14:56.940 [info] Got 1 sessions for ...
2025-04-05 17:14:56.942 [info] Getting sessions for read:user,repo,user:email,workflow...
2025-04-05 17:14:56.942 [info] Got 0 sessions for read:user,repo,user:email,workflow...
2025-04-05 17:14:56.945 [info] Getting sessions for read:user,repo,user:email,workflow...
2025-04-05 17:14:56.945 [info] Got 0 sessions for read:user,repo,user:email,workflow...
2025-04-05 17:14:56.946 [info] Getting sessions for read:user...
2025-04-05 17:14:56.946 [info] Got 0 sessions for read:user...
2025-04-05 17:14:56.946 [info] Getting sessions for user:email...
2025-04-05 17:14:56.946 [info] Got 1 sessions for user:email...
2025-04-05 17:14:56.946 [info] Getting sessions for read:user,repo,user:email,workflow...
2025-04-05 17:14:56.946 [info] Got 0 sessions for read:user,repo,user:email,workflow...
2025-04-05 17:14:56.946 [info] Getting sessions for user:email...
2025-04-05 17:14:56.946 [info] Got 1 sessions for user:email...
2025-04-05 17:14:56.965 [info] Getting sessions for all scopes...
2025-04-05 17:14:56.965 [info] Got 1 sessions for ...
2025-04-05 17:14:56.965 [info] Getting sessions for read:user,repo,user:email,workflow...
2025-04-05 17:14:56.966 [info] Got 0 sessions for read:user,repo,user:email,workflow...
2025-04-05 17:14:56.966 [info] Getting sessions for user:email...
2025-04-05 17:14:56.966 [info] Got 1 sessions for user:email...
2025-04-05 17:14:56.966 [info] Getting sessions for all scopes...
2025-04-05 17:14:56.966 [info] Got 1 sessions for ...
2025-04-05 17:14:56.967 [info] Getting sessions for read:user,repo,user:email,workflow...
2025-04-05 17:14:56.967 [info] Got 0 sessions for read:user,repo,user:email,workflow...
2025-04-05 17:14:56.967 [info] Getting sessions for user:email...
2025-04-05 17:14:56.967 [info] Got 1 sessions for user:email...
2025-04-05 17:14:57.480 [info] Getting sessions for all scopes...
2025-04-05 17:14:57.480 [info] Got 1 sessions for ...
2025-04-05 17:14:57.480 [info] Getting sessions for all scopes...
2025-04-05 17:14:57.480 [info] Got 1 sessions for ...
2025-04-05 17:14:57.481 [info] Getting sessions for read:user,repo,user:email,workflow...
2025-04-05 17:14:57.481 [info] Got 0 sessions for read:user,repo,user:email,workflow...
2025-04-05 17:14:57.490 [info] Getting sessions for user:email...
2025-04-05 17:14:57.490 [info] Got 1 sessions for user:email...
2025-04-05 17:14:57.490 [info] Getting sessions for read:user,repo,user:email,workflow...
2025-04-05 17:14:57.490 [info] Got 0 sessions for read:user,repo,user:email,workflow...
2025-04-05 17:14:57.491 [info] Getting sessions for all scopes...
2025-04-05 17:14:57.491 [info] Got 1 sessions for ...
2025-04-05 17:14:57.491 [info] Getting sessions for read:user,repo,user:email,workflow...
2025-04-05 17:14:57.491 [info] Got 0 sessions for read:user,repo,user:email,workflow...
2025-04-05 17:14:57.491 [info] Getting sessions for user:email...
2025-04-05 17:14:57.491 [info] Got 1 sessions for user:email...
2025-04-05 17:14:57.537 [info] Getting sessions for all scopes...
2025-04-05 17:14:57.537 [info] Got 1 sessions for ...
2025-04-05 17:14:57.540 [info] Getting sessions for all scopes...
2025-04-05 17:14:57.540 [info] Got 1 sessions for ...
2025-04-05 17:14:57.541 [info] Getting sessions for read:user,repo,user:email,workflow...
2025-04-05 17:14:57.541 [info] Got 0 sessions for read:user,repo,user:email,workflow...
2025-04-05 17:14:57.541 [info] Getting sessions for user:email...
2025-04-05 17:14:57.541 [info] Got 1 sessions for user:email...
2025-04-05 17:14:57.541 [info] Getting sessions for read:user,repo,user:email,workflow...
2025-04-05 17:14:57.541 [info] Got 0 sessions for read:user,repo,user:email,workflow...
2025-04-05 17:14:57.556 [info] Getting sessions for all scopes...
2025-04-05 17:14:57.556 [info] Got 1 sessions for ...
2025-04-05 17:14:57.557 [info] Getting sessions for read:user,repo,user:email,workflow...
2025-04-05 17:14:57.557 [info] Got 0 sessions for read:user,repo,user:email,workflow...
2025-04-05 17:14:57.557 [info] Getting sessions for user:email...
2025-04-05 17:14:57.557 [info] Got 1 sessions for user:email...
2025-04-05 17:16:35.490 [info] Getting sessions for all scopes...
2025-04-05 17:16:35.490 [info] Got 1 sessions for ...
2025-04-05 17:16:35.491 [info] Getting sessions for read:user,repo,user:email,workflow...
2025-04-05 17:16:35.491 [info] Got 0 sessions for read:user,repo,user:email,workflow...
2025-04-05 17:16:35.492 [info] Getting sessions for user:email...
2025-04-05 17:16:35.492 [info] Got 1 sessions for user:email...
2025-04-05 17:16:35.989 [info] Getting sessions for all scopes...
2025-04-05 17:16:35.989 [info] Got 1 sessions for ...
2025-04-05 17:16:35.997 [info] Getting sessions for read:user,repo,user:email,workflow...
2025-04-05 17:16:35.997 [info] Got 0 sessions for read:user,repo,user:email,workflow...
2025-04-05 17:16:36.012 [info] Getting sessions for user:email...
2025-04-05 17:16:36.012 [info] Got 1 sessions for user:email...
2025-04-05 17:16:36.495 [info] Getting sessions for all scopes...
2025-04-05 17:16:36.495 [info] Got 1 sessions for ...
2025-04-05 17:16:36.495 [info] Getting sessions for all scopes...
2025-04-05 17:16:36.495 [info] Got 1 sessions for ...
2025-04-05 17:16:36.495 [info] Getting sessions for read:user,repo,user:email,workflow...
2025-04-05 17:16:36.495 [info] Got 0 sessions for read:user,repo,user:email,workflow...
2025-04-05 17:16:36.496 [info] Getting sessions for user:email...
2025-04-05 17:16:36.496 [info] Got 1 sessions for user:email...
2025-04-05 17:16:36.496 [info] Getting sessions for read:user,repo,user:email,workflow...
2025-04-05 17:16:36.496 [info] Got 0 sessions for read:user,repo,user:email,workflow...
2025-04-05 17:16:36.497 [info] Getting sessions for all scopes...
2025-04-05 17:16:36.497 [info] Got 1 sessions for ...
2025-04-05 17:16:36.497 [info] Getting sessions for read:user,repo,user:email,workflow...
2025-04-05 17:16:36.497 [info] Got 0 sessions for read:user,repo,user:email,workflow...
2025-04-05 17:16:36.498 [info] Getting sessions for user:email...
2025-04-05 17:16:36.498 [info] Got 1 sessions for user:email...
2025-04-05 17:16:36.634 [info] Getting sessions for all scopes...
2025-04-05 17:16:36.634 [info] Got 1 sessions for ...
2025-04-05 17:16:36.635 [info] Getting sessions for read:user,repo,user:email,workflow...
2025-04-05 17:16:36.635 [info] Got 0 sessions for read:user,repo,user:email,workflow...
2025-04-05 17:16:36.635 [info] Getting sessions for user:email...
2025-04-05 17:16:36.635 [info] Got 1 sessions for user:email...
2025-04-05 17:16:41.193 [info] Getting sessions for all scopes...
2025-04-05 17:16:41.193 [info] Got 1 sessions for ...
2025-04-05 17:16:41.194 [info] Getting sessions for read:user,repo,user:email,workflow...
2025-04-05 17:16:41.194 [info] Got 0 sessions for read:user,repo,user:email,workflow...
2025-04-05 17:16:41.195 [info] Getting sessions for user:email...
2025-04-05 17:16:41.195 [info] Got 1 sessions for user:email...
2025-04-05 17:16:43.567 [info] Getting sessions for all scopes...
2025-04-05 17:16:43.567 [info] Got 1 sessions for ...
2025-04-05 17:16:43.583 [info] Getting sessions for read:user,repo,user:email,workflow...
2025-04-05 17:16:43.583 [info] Got 0 sessions for read:user,repo,user:email,workflow...
2025-04-05 17:16:43.584 [info] Getting sessions for user:email...
2025-04-05 17:16:43.584 [info] Got 1 sessions for user:email...
2025-04-05 17:16:44.083 [info] Getting sessions for all scopes...
2025-04-05 17:16:44.083 [info] Got 1 sessions for ...
2025-04-05 17:16:44.083 [info] Getting sessions for read:user,repo,user:email,workflow...
2025-04-05 17:16:44.083 [info] Got 0 sessions for read:user,repo,user:email,workflow...
2025-04-05 17:16:44.084 [info] Getting sessions for user:email...
2025-04-05 17:16:44.084 [info] Got 1 sessions for user:email...
2025-04-05 17:16:59.951 [info] Getting sessions for all scopes...
2025-04-05 17:16:59.951 [info] Got 1 sessions for ...
2025-04-05 17:16:59.952 [info] Getting sessions for read:user,repo,user:email,workflow...
2025-04-05 17:16:59.952 [info] Got 0 sessions for read:user,repo,user:email,workflow...
2025-04-05 17:16:59.953 [info] Getting sessions for user:email...
2025-04-05 17:16:59.953 [info] Got 1 sessions for user:email...
2025-04-05 17:17:00.767 [info] Getting sessions for all scopes...
2025-04-05 17:17:00.767 [info] Got 1 sessions for ...
2025-04-05 17:17:00.785 [info] Getting sessions for read:user,repo,user:email,workflow...
2025-04-05 17:17:00.785 [info] Got 0 sessions for read:user,repo,user:email,workflow...
2025-04-05 17:17:00.786 [info] Getting sessions for user:email...
2025-04-05 17:17:00.786 [info] Got 1 sessions for user:email...
2025-04-05 17:17:01.276 [info] Getting sessions for all scopes...
2025-04-05 17:17:01.276 [info] Got 1 sessions for ...
2025-04-05 17:17:01.277 [info] Getting sessions for read:user,repo,user:email,workflow...
2025-04-05 17:17:01.277 [info] Got 0 sessions for read:user,repo,user:email,workflow...
2025-04-05 17:17:01.277 [info] Getting sessions for user:email...
2025-04-05 17:17:01.277 [info] Got 1 sessions for user:email...
2025-04-05 17:17:01.414 [info] Getting sessions for all scopes...
2025-04-05 17:17:01.414 [info] Got 1 sessions for ...
2025-04-05 17:17:01.415 [info] Getting sessions for read:user,repo,user:email,workflow...
2025-04-05 17:17:01.415 [info] Got 0 sessions for read:user,repo,user:email,workflow...
2025-04-05 17:17:01.415 [info] Getting sessions for user:email...
2025-04-05 17:17:01.415 [info] Got 1 sessions for user:email...
2025-04-05 17:17:02.024 [info] Getting sessions for all scopes...
2025-04-05 17:17:02.024 [info] Got 1 sessions for ...
2025-04-05 17:17:02.025 [info] Getting sessions for read:user,repo,user:email,workflow...
2025-04-05 17:17:02.025 [info] Got 0 sessions for read:user,repo,user:email,workflow...
2025-04-05 17:17:02.026 [info] Getting sessions for user:email...
2025-04-05 17:17:02.026 [info] Got 1 sessions for user:email...
2025-04-05 17:17:05.301 [info] Getting sessions for all scopes...
2025-04-05 17:17:05.301 [info] Got 1 sessions for ...
2025-04-05 17:17:05.321 [info] Getting sessions for read:user,repo,user:email,workflow...
2025-04-05 17:17:05.321 [info] Got 0 sessions for read:user,repo,user:email,workflow...
2025-04-05 17:17:05.322 [info] Getting sessions for user:email...
2025-04-05 17:17:05.322 [info] Got 1 sessions for user:email...
2025-04-05 17:17:09.067 [info] Getting sessions for all scopes...
2025-04-05 17:17:09.067 [info] Got 1 sessions for ...
2025-04-05 17:17:09.067 [info] Getting sessions for read:user,repo,user:email,workflow...
2025-04-05 17:17:09.067 [info] Got 0 sessions for read:user,repo,user:email,workflow...
2025-04-05 17:17:09.068 [info] Getting sessions for user:email...
2025-04-05 17:17:09.068 [info] Got 1 sessions for user:email...
2025-04-05 17:17:11.977 [info] Getting sessions for all scopes...
2025-04-05 17:17:11.977 [info] Got 1 sessions for ...
2025-04-05 17:17:11.978 [info] Getting sessions for read:user,repo,user:email,workflow...
2025-04-05 17:17:11.978 [info] Got 0 sessions for read:user,repo,user:email,workflow...
2025-04-05 17:17:11.978 [info] Getting sessions for user:email...
2025-04-05 17:17:11.978 [info] Got 1 sessions for user:email...
2025-04-05 17:17:13.323 [info] Getting sessions for all scopes...
2025-04-05 17:17:13.323 [info] Got 1 sessions for ...
2025-04-05 17:17:13.323 [info] Getting sessions for read:user,repo,user:email,workflow...
2025-04-05 17:17:13.323 [info] Got 0 sessions for read:user,repo,user:email,workflow...
2025-04-05 17:17:13.324 [info] Getting sessions for user:email...
2025-04-05 17:17:13.324 [info] Got 1 sessions for user:email...
2025-04-05 17:17:19.525 [info] Getting sessions for all scopes...
2025-04-05 17:17:19.525 [info] Got 1 sessions for ...
2025-04-05 17:17:19.526 [info] Getting sessions for read:user,repo,user:email,workflow...
2025-04-05 17:17:19.526 [info] Got 0 sessions for read:user,repo,user:email,workflow...
2025-04-05 17:17:19.527 [info] Getting sessions for user:email...
2025-04-05 17:17:19.527 [info] Got 1 sessions for user:email...
2025-04-05 17:19:04.843 [info] Reading sessions from keychain...
2025-04-05 17:19:04.843 [info] Getting sessions for all scopes...
2025-04-05 17:19:04.843 [info] Getting sessions for all scopes...
2025-04-05 17:19:04.843 [info] Getting sessions for all scopes...
2025-04-05 17:19:04.843 [info] Got stored sessions!
2025-04-05 17:19:04.843 [info] Got 1 verified sessions.
2025-04-05 17:19:04.843 [info] Got 1 sessions for ...
2025-04-05 17:19:04.843 [info] Got 1 sessions for ...
2025-04-05 17:19:04.844 [info] Got 1 sessions for ...
2025-04-05 17:19:04.844 [info] Getting sessions for all scopes...
2025-04-05 17:19:04.844 [info] Got 1 sessions for ...
2025-04-05 17:19:04.844 [info] Getting sessions for all scopes...
2025-04-05 17:19:04.844 [info] Got 1 sessions for ...
2025-04-05 17:19:04.844 [info] Getting sessions for all scopes...
2025-04-05 17:19:04.844 [info] Got 1 sessions for ...
2025-04-05 17:19:04.844 [info] Getting sessions for all scopes...
2025-04-05 17:19:04.844 [info] Got 1 sessions for ...
2025-04-05 17:19:04.844 [info] Getting sessions for all scopes...
2025-04-05 17:19:04.844 [info] Got 1 sessions for ...
2025-04-05 17:19:06.630 [info] Getting sessions for all scopes...
2025-04-05 17:19:06.630 [info] Got 1 sessions for ...
2025-04-05 17:19:08.661 [info] Getting sessions for read:user,repo,user:email,workflow...
2025-04-05 17:19:08.661 [info] Got 0 sessions for read:user,repo,user:email,workflow...
2025-04-05 17:19:08.661 [info] Getting sessions for all scopes...
2025-04-05 17:19:08.661 [info] Got 1 sessions for ...
2025-04-05 17:19:08.661 [info] Getting sessions for all scopes...
2025-04-05 17:19:08.661 [info] Got 1 sessions for ...
2025-04-05 17:19:08.765 [info] Getting sessions for read:user...
2025-04-05 17:19:08.765 [info] Got 0 sessions for read:user...
2025-04-05 17:19:08.765 [info] Getting sessions for read:user,repo,user:email,workflow...
2025-04-05 17:19:08.765 [info] Got 0 sessions for read:user,repo,user:email,workflow...
2025-04-05 17:19:08.803 [info] Getting sessions for user:email...
2025-04-05 17:19:08.803 [info] Got 1 sessions for user:email...
2025-04-05 17:19:08.803 [info] Getting sessions for user:email...
2025-04-05 17:19:08.803 [info] Got 1 sessions for user:email...
2025-04-05 17:19:08.803 [info] Getting sessions for read:user,repo,user:email,workflow...
2025-04-05 17:19:08.803 [info] Got 0 sessions for read:user,repo,user:email,workflow...
2025-04-05 17:19:08.906 [info] Getting sessions for read:user,repo,user:email,workflow...
2025-04-05 17:19:08.906 [info] Got 0 sessions for read:user,repo,user:email,workflow...
2025-04-05 17:19:08.996 [info] Getting sessions for all scopes...
2025-04-05 17:19:08.996 [info] Got 1 sessions for ...
2025-04-05 17:19:09.401 [info] Getting sessions for read:user,repo,user:email,workflow...
2025-04-05 17:19:09.401 [info] Got 0 sessions for read:user,repo,user:email,workflow...
2025-04-05 17:19:09.444 [info] Getting sessions for user:email...
2025-04-05 17:19:09.445 [info] Got 1 sessions for user:email...
2025-04-05 17:19:09.475 [info] Getting sessions for all scopes...
2025-04-05 17:19:09.475 [info] Got 1 sessions for ...
2025-04-05 17:19:09.488 [info] Getting sessions for all scopes...
2025-04-05 17:19:09.488 [info] Got 1 sessions for ...
2025-04-05 17:19:09.488 [info] Getting sessions for read:user,repo,user:email,workflow...
2025-04-05 17:19:09.488 [info] Got 0 sessions for read:user,repo,user:email,workflow...
2025-04-05 17:19:09.490 [info] Getting sessions for user:email...
2025-04-05 17:19:09.490 [info] Got 1 sessions for user:email...
2025-04-05 17:19:09.490 [info] Getting sessions for read:user,repo,user:email,workflow...
2025-04-05 17:19:09.490 [info] Got 0 sessions for read:user,repo,user:email,workflow...
2025-04-05 17:19:09.493 [info] Getting sessions for all scopes...
2025-04-05 17:19:09.493 [info] Got 1 sessions for ...
2025-04-05 17:19:09.493 [info] Getting sessions for read:user,repo,user:email,workflow...
2025-04-05 17:19:09.493 [info] Got 0 sessions for read:user,repo,user:email,workflow...
2025-04-05 17:19:09.494 [info] Getting sessions for user:email...
2025-04-05 17:19:09.494 [info] Got 1 sessions for user:email...
2025-04-05 17:19:10.043 [info] Getting sessions for all scopes...
2025-04-05 17:19:10.043 [info] Got 1 sessions for ...
2025-04-05 17:19:10.043 [info] Getting sessions for all scopes...
2025-04-05 17:19:10.043 [info] Got 1 sessions for ...
2025-04-05 17:19:10.056 [info] Getting sessions for read:user,repo,user:email,workflow...
2025-04-05 17:19:10.056 [info] Got 0 sessions for read:user,repo,user:email,workflow...
2025-04-05 17:19:10.059 [info] Getting sessions for user:email...
2025-04-05 17:19:10.059 [info] Got 1 sessions for user:email...
2025-04-05 17:19:10.059 [info] Getting sessions for read:user,repo,user:email,workflow...
2025-04-05 17:19:10.059 [info] Got 0 sessions for read:user,repo,user:email,workflow...
2025-04-05 17:19:10.062 [info] Getting sessions for all scopes...
2025-04-05 17:19:10.062 [info] Got 1 sessions for ...
2025-04-05 17:19:10.063 [info] Getting sessions for read:user,repo,user:email,workflow...
2025-04-05 17:19:10.063 [info] Got 0 sessions for read:user,repo,user:email,workflow...
2025-04-05 17:19:10.063 [info] Getting sessions for user:email...
2025-04-05 17:19:10.063 [info] Got 1 sessions for user:email...
2025-04-05 17:19:10.133 [info] Getting sessions for all scopes...
2025-04-05 17:19:10.133 [info] Got 1 sessions for ...
2025-04-05 17:19:10.134 [info] Getting sessions for all scopes...
2025-04-05 17:19:10.134 [info] Got 1 sessions for ...
2025-04-05 17:19:10.136 [info] Getting sessions for read:user,repo,user:email,workflow...
2025-04-05 17:19:10.136 [info] Got 0 sessions for read:user,repo,user:email,workflow...
2025-04-05 17:19:10.137 [info] Getting sessions for user:email...
2025-04-05 17:19:10.137 [info] Got 1 sessions for user:email...
2025-04-05 17:19:10.137 [info] Getting sessions for read:user,repo,user:email,workflow...
2025-04-05 17:19:10.137 [info] Got 0 sessions for read:user,repo,user:email,workflow...
2025-04-05 17:19:10.141 [info] Getting sessions for all scopes...
2025-04-05 17:19:10.141 [info] Got 1 sessions for ...
2025-04-05 17:19:10.142 [info] Getting sessions for read:user,repo,user:email,workflow...
2025-04-05 17:19:10.142 [info] Got 0 sessions for read:user,repo,user:email,workflow...
2025-04-05 17:19:10.143 [info] Getting sessions for user:email...
2025-04-05 17:19:10.143 [info] Got 1 sessions for user:email...
2025-04-05 17:19:10.812 [info] Getting sessions for all scopes...
2025-04-05 17:19:10.812 [info] Got 1 sessions for ...
2025-04-05 17:19:10.813 [info] Getting sessions for read:user,repo,user:email,workflow...
2025-04-05 17:19:10.813 [info] Got 0 sessions for read:user,repo,user:email,workflow...
2025-04-05 17:19:10.814 [info] Getting sessions for user:email...
2025-04-05 17:19:10.814 [info] Got 1 sessions for user:email...
2025-04-05 17:20:09.843 [info] Getting sessions for all scopes...
2025-04-05 17:20:09.843 [info] Got 1 sessions for ...
2025-04-05 17:20:09.844 [info] Getting sessions for read:user,repo,user:email,workflow...
2025-04-05 17:20:09.844 [info] Got 0 sessions for read:user,repo,user:email,workflow...
2025-04-05 17:20:09.844 [info] Getting sessions for user:email...
2025-04-05 17:20:09.844 [info] Got 1 sessions for user:email...
2025-04-05 17:22:17.453 [info] Getting sessions for all scopes...
2025-04-05 17:22:17.453 [info] Got 1 sessions for ...
2025-04-05 17:22:17.454 [info] Getting sessions for read:user,repo,user:email,workflow...
2025-04-05 17:22:17.454 [info] Got 0 sessions for read:user,repo,user:email,workflow...
2025-04-05 17:22:17.455 [info] Getting sessions for user:email...
2025-04-05 17:22:17.455 [info] Got 1 sessions for user:email...
2025-04-05 17:22:27.062 [info] Reading sessions from keychain...
2025-04-05 17:22:27.062 [info] Getting sessions for all scopes...
2025-04-05 17:22:27.062 [info] Getting sessions for all scopes...
2025-04-05 17:22:27.062 [info] Got stored sessions!
2025-04-05 17:22:27.062 [info] Got 1 verified sessions.
2025-04-05 17:22:27.062 [info] Got 1 sessions for ...
2025-04-05 17:22:27.062 [info] Got 1 sessions for ...
2025-04-05 17:22:27.062 [info] Getting sessions for all scopes...
2025-04-05 17:22:27.062 [info] Got 1 sessions for ...
2025-04-05 17:22:27.062 [info] Getting sessions for all scopes...
2025-04-05 17:22:27.062 [info] Got 1 sessions for ...
2025-04-05 17:22:27.062 [info] Getting sessions for all scopes...
2025-04-05 17:22:27.062 [info] Got 1 sessions for ...
2025-04-05 17:22:27.062 [info] Getting sessions for all scopes...
2025-04-05 17:22:27.062 [info] Got 1 sessions for ...
2025-04-05 17:22:27.062 [info] Getting sessions for all scopes...
2025-04-05 17:22:27.062 [info] Got 1 sessions for ...
2025-04-05 17:22:27.062 [info] Getting sessions for all scopes...
2025-04-05 17:22:27.062 [info] Got 1 sessions for ...
2025-04-05 17:22:29.683 [info] Getting sessions for all scopes...
2025-04-05 17:22:29.683 [info] Got 1 sessions for ...
2025-04-05 17:22:29.791 [info] Getting sessions for read:user,repo,user:email,workflow...
2025-04-05 17:22:29.792 [info] Got 0 sessions for read:user,repo,user:email,workflow...
2025-04-05 17:22:29.792 [info] Getting sessions for all scopes...
2025-04-05 17:22:29.792 [info] Got 1 sessions for ...
2025-04-05 17:22:29.792 [info] Getting sessions for all scopes...
2025-04-05 17:22:29.792 [info] Got 1 sessions for ...
2025-04-05 17:22:29.842 [info] Getting sessions for read:user...
2025-04-05 17:22:29.842 [info] Got 0 sessions for read:user...
2025-04-05 17:22:29.846 [info] Getting sessions for read:user,repo,user:email,workflow...
2025-04-05 17:22:29.846 [info] Got 0 sessions for read:user,repo,user:email,workflow...
2025-04-05 17:22:29.884 [info] Getting sessions for user:email...
2025-04-05 17:22:29.884 [info] Got 1 sessions for user:email...
2025-04-05 17:22:29.884 [info] Getting sessions for user:email...
2025-04-05 17:22:29.884 [info] Got 1 sessions for user:email...
2025-04-05 17:22:29.884 [info] Getting sessions for read:user,repo,user:email,workflow...
2025-04-05 17:22:29.884 [info] Got 0 sessions for read:user,repo,user:email,workflow...
2025-04-05 17:22:29.891 [info] Getting sessions for all scopes...
2025-04-05 17:22:29.891 [info] Got 1 sessions for ...
2025-04-05 17:22:29.951 [info] Getting sessions for read:user,repo,user:email,workflow...
2025-04-05 17:22:29.951 [info] Got 0 sessions for read:user,repo,user:email,workflow...
2025-04-05 17:22:29.952 [info] Getting sessions for user:email...
2025-04-05 17:22:29.952 [info] Got 1 sessions for user:email...
2025-04-05 17:22:29.953 [info] Getting sessions for all scopes...
2025-04-05 17:22:29.953 [info] Got 1 sessions for ...
2025-04-05 17:22:29.953 [info] Getting sessions for read:user,repo,user:email,workflow...
2025-04-05 17:22:29.953 [info] Got 0 sessions for read:user,repo,user:email,workflow...
2025-04-05 17:22:29.954 [info] Getting sessions for user:email...
2025-04-05 17:22:29.954 [info] Got 1 sessions for user:email...
2025-04-05 17:22:30.308 [info] Getting sessions for all scopes...
2025-04-05 17:22:30.308 [info] Got 1 sessions for ...
2025-04-05 17:22:30.327 [info] Getting sessions for read:user,repo,user:email,workflow...
2025-04-05 17:22:30.327 [info] Got 0 sessions for read:user,repo,user:email,workflow...
2025-04-05 17:22:30.460 [info] Getting sessions for read:user,repo,user:email,workflow...
2025-04-05 17:22:30.460 [info] Got 0 sessions for read:user,repo,user:email,workflow...
2025-04-05 17:22:30.686 [info] Getting sessions for user:email...
2025-04-05 17:22:30.686 [info] Got 1 sessions for user:email...
2025-04-05 17:22:30.694 [info] Getting sessions for all scopes...
2025-04-05 17:22:30.694 [info] Got 1 sessions for ...
2025-04-05 17:22:30.714 [info] Getting sessions for all scopes...
2025-04-05 17:22:30.714 [info] Got 1 sessions for ...
2025-04-05 17:22:30.714 [info] Getting sessions for read:user,repo,user:email,workflow...
2025-04-05 17:22:30.714 [info] Got 0 sessions for read:user,repo,user:email,workflow...
2025-04-05 17:22:30.716 [info] Getting sessions for user:email...
2025-04-05 17:22:30.716 [info] Got 1 sessions for user:email...
2025-04-05 17:22:30.716 [info] Getting sessions for read:user,repo,user:email,workflow...
2025-04-05 17:22:30.716 [info] Got 0 sessions for read:user,repo,user:email,workflow...
2025-04-05 17:22:30.718 [info] Getting sessions for all scopes...
2025-04-05 17:22:30.718 [info] Got 1 sessions for ...
2025-04-05 17:22:30.719 [info] Getting sessions for read:user,repo,user:email,workflow...
2025-04-05 17:22:30.719 [info] Got 0 sessions for read:user,repo,user:email,workflow...
2025-04-05 17:22:30.719 [info] Getting sessions for user:email...
2025-04-05 17:22:30.719 [info] Got 1 sessions for user:email...
2025-04-05 17:22:30.767 [info] Getting sessions for all scopes...
2025-04-05 17:22:30.767 [info] Got 1 sessions for ...
2025-04-05 17:22:30.767 [info] Getting sessions for all scopes...
2025-04-05 17:22:30.767 [info] Got 1 sessions for ...
2025-04-05 17:22:30.781 [info] Getting sessions for read:user,repo,user:email,workflow...
2025-04-05 17:22:30.781 [info] Got 0 sessions for read:user,repo,user:email,workflow...
2025-04-05 17:22:30.785 [info] Getting sessions for user:email...
2025-04-05 17:22:30.785 [info] Got 1 sessions for user:email...
2025-04-05 17:22:30.786 [info] Getting sessions for read:user,repo,user:email,workflow...
2025-04-05 17:22:30.786 [info] Got 0 sessions for read:user,repo,user:email,workflow...
2025-04-05 17:22:30.795 [info] Getting sessions for all scopes...
2025-04-05 17:22:30.795 [info] Got 1 sessions for ...
2025-04-05 17:22:30.795 [info] Getting sessions for read:user,repo,user:email,workflow...
2025-04-05 17:22:30.795 [info] Got 0 sessions for read:user,repo,user:email,workflow...
2025-04-05 17:22:30.796 [info] Getting sessions for user:email...
2025-04-05 17:22:30.796 [info] Got 1 sessions for user:email...
2025-04-05 17:22:31.681 [info] Getting sessions for all scopes...
2025-04-05 17:22:31.681 [info] Got 1 sessions for ...
2025-04-05 17:22:31.681 [info] Getting sessions for read:user,repo,user:email,workflow...
2025-04-05 17:22:31.681 [info] Got 0 sessions for read:user,repo,user:email,workflow...
2025-04-05 17:22:31.682 [info] Getting sessions for user:email...
2025-04-05 17:22:31.682 [info] Got 1 sessions for user:email...
2025-04-05 17:22:44.247 [info] Reading sessions from keychain...
2025-04-05 17:22:44.247 [info] Getting sessions for all scopes...
2025-04-05 17:22:44.247 [info] Getting sessions for all scopes...
2025-04-05 17:22:44.247 [info] Getting sessions for all scopes...
2025-04-05 17:22:44.247 [info] Got stored sessions!
2025-04-05 17:22:44.247 [info] Got 1 verified sessions.
2025-04-05 17:22:44.247 [info] Got 1 sessions for ...
2025-04-05 17:22:44.247 [info] Got 1 sessions for ...
2025-04-05 17:22:44.247 [info] Got 1 sessions for ...
2025-04-05 17:22:44.247 [info] Getting sessions for all scopes...
2025-04-05 17:22:44.247 [info] Got 1 sessions for ...
2025-04-05 17:22:44.247 [info] Getting sessions for all scopes...
2025-04-05 17:22:44.247 [info] Got 1 sessions for ...
2025-04-05 17:22:44.247 [info] Getting sessions for all scopes...
2025-04-05 17:22:44.247 [info] Got 1 sessions for ...
2025-04-05 17:22:44.247 [info] Getting sessions for all scopes...
2025-04-05 17:22:44.247 [info] Got 1 sessions for ...
2025-04-05 17:22:44.247 [info] Getting sessions for all scopes...
2025-04-05 17:22:44.247 [info] Got 1 sessions for ...
2025-04-05 17:22:46.224 [info] Getting sessions for all scopes...
2025-04-05 17:22:46.224 [info] Got 1 sessions for ...
2025-04-05 17:22:47.534 [info] Getting sessions for read:user,repo,user:email,workflow...
2025-04-05 17:22:47.534 [info] Got 0 sessions for read:user,repo,user:email,workflow...
2025-04-05 17:22:47.535 [info] Getting sessions for all scopes...
2025-04-05 17:22:47.535 [info] Got 1 sessions for ...
2025-04-05 17:22:47.535 [info] Getting sessions for all scopes...
2025-04-05 17:22:47.535 [info] Got 1 sessions for ...
2025-04-05 17:22:47.554 [info] Getting sessions for read:user...
2025-04-05 17:22:47.554 [info] Got 0 sessions for read:user...
2025-04-05 17:22:47.554 [info] Getting sessions for read:user,repo,user:email,workflow...
2025-04-05 17:22:47.554 [info] Got 0 sessions for read:user,repo,user:email,workflow...
2025-04-05 17:22:47.554 [info] Getting sessions for user:email...
2025-04-05 17:22:47.554 [info] Got 1 sessions for user:email...
2025-04-05 17:22:47.554 [info] Getting sessions for user:email...
2025-04-05 17:22:47.554 [info] Got 1 sessions for user:email...
2025-04-05 17:22:47.554 [info] Getting sessions for read:user,repo,user:email,workflow...
2025-04-05 17:22:47.554 [info] Got 0 sessions for read:user,repo,user:email,workflow...
2025-04-05 17:22:47.618 [info] Getting sessions for all scopes...
2025-04-05 17:22:47.618 [info] Got 1 sessions for ...
2025-04-05 17:22:47.620 [info] Getting sessions for read:user,repo,user:email,workflow...
2025-04-05 17:22:47.620 [info] Got 0 sessions for read:user,repo,user:email,workflow...
2025-04-05 17:22:47.621 [info] Getting sessions for user:email...
2025-04-05 17:22:47.621 [info] Got 1 sessions for user:email...
2025-04-05 17:22:47.622 [info] Getting sessions for all scopes...
2025-04-05 17:22:47.622 [info] Got 1 sessions for ...
2025-04-05 17:22:47.622 [info] Getting sessions for read:user,repo,user:email,workflow...
2025-04-05 17:22:47.622 [info] Got 0 sessions for read:user,repo,user:email,workflow...
2025-04-05 17:22:47.623 [info] Getting sessions for user:email...
2025-04-05 17:22:47.623 [info] Got 1 sessions for user:email...
2025-04-05 17:22:48.007 [info] Getting sessions for all scopes...
2025-04-05 17:22:48.007 [info] Got 1 sessions for ...
2025-04-05 17:22:48.047 [info] Getting sessions for read:user,repo,user:email,workflow...
2025-04-05 17:22:48.047 [info] Got 0 sessions for read:user,repo,user:email,workflow...
2025-04-05 17:22:48.064 [info] Getting sessions for user:email...
2025-04-05 17:22:48.064 [info] Got 1 sessions for user:email...
2025-04-05 17:22:48.198 [info] Getting sessions for all scopes...
2025-04-05 17:22:48.198 [info] Got 1 sessions for ...
2025-04-05 17:22:48.198 [info] Getting sessions for all scopes...
2025-04-05 17:22:48.198 [info] Got 1 sessions for ...
2025-04-05 17:22:48.198 [info] Getting sessions for read:user,repo,user:email,workflow...
2025-04-05 17:22:48.198 [info] Got 0 sessions for read:user,repo,user:email,workflow...
2025-04-05 17:22:48.205 [info] Getting sessions for user:email...
2025-04-05 17:22:48.205 [info] Got 1 sessions for user:email...
2025-04-05 17:22:48.206 [info] Getting sessions for read:user,repo,user:email,workflow...
2025-04-05 17:22:48.206 [info] Got 0 sessions for read:user,repo,user:email,workflow...
2025-04-05 17:22:48.207 [info] Getting sessions for all scopes...
2025-04-05 17:22:48.207 [info] Got 1 sessions for ...
2025-04-05 17:22:48.207 [info] Getting sessions for read:user,repo,user:email,workflow...
2025-04-05 17:22:48.207 [info] Got 0 sessions for read:user,repo,user:email,workflow...
2025-04-05 17:22:48.208 [info] Getting sessions for user:email...
2025-04-05 17:22:48.208 [info] Got 1 sessions for user:email...
2025-04-05 17:22:48.248 [info] Getting sessions for all scopes...
2025-04-05 17:22:48.248 [info] Got 1 sessions for ...
2025-04-05 17:22:48.249 [info] Getting sessions for all scopes...
2025-04-05 17:22:48.249 [info] Got 1 sessions for ...
2025-04-05 17:22:48.249 [info] Getting sessions for read:user,repo,user:email,workflow...
2025-04-05 17:22:48.249 [info] Got 0 sessions for read:user,repo,user:email,workflow...
2025-04-05 17:22:48.250 [info] Getting sessions for user:email...
2025-04-05 17:22:48.250 [info] Got 1 sessions for user:email...
2025-04-05 17:22:48.250 [info] Getting sessions for read:user,repo,user:email,workflow...
2025-04-05 17:22:48.250 [info] Got 0 sessions for read:user,repo,user:email,workflow...
2025-04-05 17:22:48.252 [info] Getting sessions for all scopes...
2025-04-05 17:22:48.252 [info] Got 1 sessions for ...
2025-04-05 17:22:48.252 [info] Getting sessions for read:user,repo,user:email,workflow...
2025-04-05 17:22:48.252 [info] Got 0 sessions for read:user,repo,user:email,workflow...
2025-04-05 17:22:48.253 [info] Getting sessions for user:email...
2025-04-05 17:22:48.253 [info] Got 1 sessions for user:email...
2025-04-05 17:22:48.881 [info] Getting sessions for all scopes...
2025-04-05 17:22:48.881 [info] Got 1 sessions for ...
2025-04-05 17:22:48.881 [info] Getting sessions for read:user,repo,user:email,workflow...
2025-04-05 17:22:48.881 [info] Got 0 sessions for read:user,repo,user:email,workflow...
2025-04-05 17:22:48.882 [info] Getting sessions for user:email...
2025-04-05 17:22:48.882 [info] Got 1 sessions for user:email...
