2025-04-06 17:05:30.842 [info] Experiment 'pythonRecommendTensorboardExt' is active
2025-04-06 17:05:30.842 [info] Experiment 'pythonTerminalEnvVarActivation' is active
2025-04-06 17:05:30.842 [warning] Dir "/home/shiy/Desktop/Projects/portifolio/FastAPI-template/FastAPI-ToDoList/.pixi/envs" is not watchable (directory does not exist)
2025-04-06 17:05:30.872 [info] > ~/.pyenv/bin/pyenv which python
2025-04-06 17:05:30.872 [info] cwd: .
2025-04-06 17:05:31.582 [info] > ~/.cache/pypoetry/virtualenvs/fastapi-todolist-R83S90s3-py3.12/bin/python -I ~/.vscode/extensions/ms-python.python-2025.4.0-linux-x64/python_files/get_output_via_markers.py ~/.vscode/extensions/ms-python.python-2025.4.0-linux-x64/python_files/interpreterInfo.py
2025-04-06 17:05:34.803 [info] Python interpreter path: ~/.cache/pypoetry/virtualenvs/fastapi-todolist-R83S90s3-py3.12/bin/python
2025-04-06 17:05:35.945 [info] > . ~/.cache/pypoetry/virtualenvs/fastapi-todolist-R83S90s3-py3.12/bin/activate.fish && echo 'e8b39361-0157-4923-80e1-22d70d46dee6' && python ~/.vscode/extensions/ms-python.python-2025.4.0-linux-x64/python_files/printEnvVariables.py
2025-04-06 17:05:35.945 [info] shell: fish
2025-04-06 17:05:36.031 [info] > /bin/python3 ~/.vscode/extensions/ms-python.python-2025.4.0-linux-x64/python_files/printEnvVariables.py
2025-04-06 17:05:36.031 [info] shell: fish
2025-04-06 17:05:36.084 [info] Prepending environment variable PATH in collection with /home/shiy/.vscode/extensions/ms-python.python-2025.4.0-linux-x64/python_files/deactivate/fish:/home/shiy/.cache/pypoetry/virtualenvs/fastapi-todolist-R83S90s3-py3.12/bin: {"applyAtShellIntegration":true,"applyAtProcessCreation":true}
2025-04-06 17:05:36.084 [info] Setting environment variable VIRTUAL_ENV in collection to /home/shiy/.cache/pypoetry/virtualenvs/fastapi-todolist-R83S90s3-py3.12 {"applyAtShellIntegration":true,"applyAtProcessCreation":true}
2025-04-06 17:05:36.084 [info] Setting environment variable VIRTUAL_ENV_PROMPT in collection to fastapi-todolist-py3.12 {"applyAtShellIntegration":true,"applyAtProcessCreation":true}
2025-04-06 17:05:36.084 [info] Setting environment variable STARSHIP_SESSION_KEY in collection to 2735335592085249 {"applyAtShellIntegration":true,"applyAtProcessCreation":true}
2025-04-06 17:05:36.084 [info] Send text to terminal: /bin/python3 /home/shiy/.vscode/extensions/ms-python.python-2025.4.0-linux-x64/python_files/printEnvVariablesToFile.py /home/shiy/.vscode/extensions/ms-python.python-2025.4.0-linux-x64/python_files/deactivate/fish/envVars.txt
2025-04-06 17:05:38.525 [info] Starting Pylance language server.
2025-04-06 17:14:15.146 [info] Running installed packages checker:  {
  id: '/home/shiy/.cache/pypoetry/virtualenvs/fastapi-todolist-R83S90s3-py3.12/bin/python',
  sysPrefix: '/home/shiy/.cache/pypoetry/virtualenvs/fastapi-todolist-R83S90s3-py3.12',
  envType: 'Poetry',
  envName: 'fastapi-todolist-R83S90s3-py3.12',
  envPath: '/home/shiy/.cache/pypoetry/virtualenvs/fastapi-todolist-R83S90s3-py3.12',
  path: '/home/shiy/.cache/pypoetry/virtualenvs/fastapi-todolist-R83S90s3-py3.12/bin/python',
  architecture: 3,
  sysVersion: '3.12.3 (main, Apr 15 2024, 18:25:56) [Clang 17.0.6 ]',
  version: {
    raw: '3.12.3',
    major: 3,
    minor: 12,
    patch: 3,
    build: [],
    prerelease: [ 'final', '0' ]
  },
  displayName: "Python 3.12.3 ('fastapi-todolist-R83S90s3-py3.12')",
  detailedDisplayName: "Python 3.12.3 ('fastapi-todolist-R83S90s3-py3.12': Poetry)",
  type: 'Virtual'
} /home/shiy/.vscode/extensions/ms-python.python-2025.4.0-linux-x64/python_files/installed_check.py /home/shiy/Desktop/Projects/portifolio/FastAPI-template/FastAPI-ToDoList/pyproject.toml
2025-04-06 17:14:15.146 [info] > ~/.cache/pypoetry/virtualenvs/fastapi-todolist-R83S90s3-py3.12/bin/python ~/.vscode/extensions/ms-python.python-2025.4.0-linux-x64/python_files/installed_check.py ./pyproject.toml
2025-04-06 17:16:16.752 [info] Running installed packages checker:  {
  id: '/home/shiy/.cache/pypoetry/virtualenvs/fastapi-todolist-R83S90s3-py3.12/bin/python',
  sysPrefix: '/home/shiy/.cache/pypoetry/virtualenvs/fastapi-todolist-R83S90s3-py3.12',
  envType: 'Poetry',
  envName: 'fastapi-todolist-R83S90s3-py3.12',
  envPath: '/home/shiy/.cache/pypoetry/virtualenvs/fastapi-todolist-R83S90s3-py3.12',
  path: '/home/shiy/.cache/pypoetry/virtualenvs/fastapi-todolist-R83S90s3-py3.12/bin/python',
  architecture: 3,
  sysVersion: '3.12.3 (main, Apr 15 2024, 18:25:56) [Clang 17.0.6 ]',
  version: {
    raw: '3.12.3',
    major: 3,
    minor: 12,
    patch: 3,
    build: [],
    prerelease: [ 'final', '0' ]
  },
  displayName: "Python 3.12.3 ('fastapi-todolist-R83S90s3-py3.12')",
  detailedDisplayName: "Python 3.12.3 ('fastapi-todolist-R83S90s3-py3.12': Poetry)",
  type: 'Virtual'
} /home/shiy/.vscode/extensions/ms-python.python-2025.4.0-linux-x64/python_files/installed_check.py /home/shiy/Desktop/Projects/portifolio/FastAPI-template/FastAPI-ToDoList/pyproject.toml
2025-04-06 17:16:16.752 [info] > ~/.cache/pypoetry/virtualenvs/fastapi-todolist-R83S90s3-py3.12/bin/python ~/.vscode/extensions/ms-python.python-2025.4.0-linux-x64/python_files/installed_check.py ./pyproject.toml
2025-04-06 17:16:34.465 [info] Running installed packages checker:  {
  id: '/home/shiy/.cache/pypoetry/virtualenvs/fastapi-todolist-R83S90s3-py3.12/bin/python',
  sysPrefix: '/home/shiy/.cache/pypoetry/virtualenvs/fastapi-todolist-R83S90s3-py3.12',
  envType: 'Poetry',
  envName: 'fastapi-todolist-R83S90s3-py3.12',
  envPath: '/home/shiy/.cache/pypoetry/virtualenvs/fastapi-todolist-R83S90s3-py3.12',
  path: '/home/shiy/.cache/pypoetry/virtualenvs/fastapi-todolist-R83S90s3-py3.12/bin/python',
  architecture: 3,
  sysVersion: '3.12.3 (main, Apr 15 2024, 18:25:56) [Clang 17.0.6 ]',
  version: {
    raw: '3.12.3',
    major: 3,
    minor: 12,
    patch: 3,
    build: [],
    prerelease: [ 'final', '0' ]
  },
  displayName: "Python 3.12.3 ('fastapi-todolist-R83S90s3-py3.12')",
  detailedDisplayName: "Python 3.12.3 ('fastapi-todolist-R83S90s3-py3.12': Poetry)",
  type: 'Virtual'
} /home/shiy/.vscode/extensions/ms-python.python-2025.4.0-linux-x64/python_files/installed_check.py /home/shiy/Desktop/Projects/portifolio/FastAPI-template/FastAPI-ToDoList/pyproject.toml
2025-04-06 17:16:34.465 [info] > ~/.cache/pypoetry/virtualenvs/fastapi-todolist-R83S90s3-py3.12/bin/python ~/.vscode/extensions/ms-python.python-2025.4.0-linux-x64/python_files/installed_check.py ./pyproject.toml
2025-04-06 17:16:34.710 [info] Discover tests for workspace name: FastAPI-ToDoList - uri: /home/shiy/Desktop/Projects/portifolio/FastAPI-template/FastAPI-ToDoList/pyproject.toml
2025-04-06 17:16:43.420 [info] Running installed packages checker:  {
  id: '/home/shiy/.cache/pypoetry/virtualenvs/fastapi-todolist-R83S90s3-py3.12/bin/python',
  sysPrefix: '/home/shiy/.cache/pypoetry/virtualenvs/fastapi-todolist-R83S90s3-py3.12',
  envType: 'Poetry',
  envName: 'fastapi-todolist-R83S90s3-py3.12',
  envPath: '/home/shiy/.cache/pypoetry/virtualenvs/fastapi-todolist-R83S90s3-py3.12',
  path: '/home/shiy/.cache/pypoetry/virtualenvs/fastapi-todolist-R83S90s3-py3.12/bin/python',
  architecture: 3,
  sysVersion: '3.12.3 (main, Apr 15 2024, 18:25:56) [Clang 17.0.6 ]',
  version: {
    raw: '3.12.3',
    major: 3,
    minor: 12,
    patch: 3,
    build: [],
    prerelease: [ 'final', '0' ]
  },
  displayName: "Python 3.12.3 ('fastapi-todolist-R83S90s3-py3.12')",
  detailedDisplayName: "Python 3.12.3 ('fastapi-todolist-R83S90s3-py3.12': Poetry)",
  type: 'Virtual'
} /home/shiy/.vscode/extensions/ms-python.python-2025.4.0-linux-x64/python_files/installed_check.py /home/shiy/Desktop/Projects/portifolio/FastAPI-template/FastAPI-ToDoList/pyproject.toml
2025-04-06 17:16:43.420 [info] > ~/.cache/pypoetry/virtualenvs/fastapi-todolist-R83S90s3-py3.12/bin/python ~/.vscode/extensions/ms-python.python-2025.4.0-linux-x64/python_files/installed_check.py ./pyproject.toml
2025-04-06 17:16:43.656 [info] Discover tests for workspace name: FastAPI-ToDoList - uri: /home/shiy/Desktop/Projects/portifolio/FastAPI-template/FastAPI-ToDoList/pyproject.toml
