2025-04-06 15:42:56.276 [info] Experiment 'pythonRecommendTensorboardExt' is active
2025-04-06 15:42:56.276 [info] Experiment 'pythonTerminalEnvVarActivation' is active
2025-04-06 15:42:56.276 [warning] Dir "/home/shiy/Desktop/Projects/portifolio/FastAPI-template/FastAPI-ToDoList/.pixi/envs" is not watchable (directory does not exist)
2025-04-06 15:42:56.276 [warning] Failed to check if /home/shiy/Desktop/Projects/portifolio/FastAPI-template/FastAPI-ToDoList/.venv/bin/python is an executable [Error: ENOENT: no such file or directory, lstat '/home/shiy/Desktop/Projects/portifolio/FastAPI-template/FastAPI-ToDoList/.venv/bin/python'] {
  errno: -2,
  code: 'ENOENT',
  syscall: 'lstat',
  path: '/home/shiy/Desktop/Projects/portifolio/FastAPI-template/FastAPI-ToDoList/.venv/bin/python'
}
2025-04-06 15:42:56.278 [warning] Identifier for virt-virtualenv failed to identify /home/shiy/Desktop/Projects/portifolio/FastAPI-template/FastAPI-ToDoList/.venv/bin/python [Error: ENOENT: no such file or directory, scandir '/home/shiy/Desktop/Projects/portifolio/FastAPI-template/FastAPI-ToDoList/.venv/bin'] {
  errno: -2,
  code: 'ENOENT',
  syscall: 'scandir',
  path: '/home/shiy/Desktop/Projects/portifolio/FastAPI-template/FastAPI-ToDoList/.venv/bin'
}
2025-04-06 15:42:56.288 [info] > ./.venv/bin/python -I ~/.vscode/extensions/ms-python.python-2025.4.0-linux-x64/python_files/get_output_via_markers.py ~/.vscode/extensions/ms-python.python-2025.4.0-linux-x64/python_files/interpreterInfo.py
2025-04-06 15:42:58.242 [info] > ~/.pyenv/bin/pyenv which python
2025-04-06 15:42:58.242 [info] cwd: .
2025-04-06 15:42:58.252 [error] [Error: Command failed: /home/shiy/Desktop/Projects/portifolio/FastAPI-template/FastAPI-ToDoList/.venv/bin/python -I /home/shiy/.vscode/extensions/ms-python.python-2025.4.0-linux-x64/python_files/get_output_via_markers.py /home/shiy/.vscode/extensions/ms-python.python-2025.4.0-linux-x64/python_files/interpreterInfo.py
/bin/sh: 1: /home/shiy/Desktop/Projects/portifolio/FastAPI-template/FastAPI-ToDoList/.venv/bin/python: not found

	at genericNodeError (node:internal/errors:984:15)
	at wrappedFn (node:internal/errors:538:14)
	at ChildProcess.exithandler (node:child_process:423:12)
	at ChildProcess.emit (node:events:530:35)
	at maybeClose (node:internal/child_process:1104:16)
	at Socket.<anonymous> (node:internal/child_process:456:11)
	at Socket.emit (node:events:518:28)
	at Pipe.<anonymous> (node:net:343:12)] {
  code: 127,
  killed: false,
  signal: null,
  cmd: '/home/shiy/Desktop/Projects/portifolio/FastAPI-template/FastAPI-ToDoList/.venv/bin/python -I /home/shiy/.vscode/extensions/ms-python.python-2025.4.0-linux-x64/python_files/get_output_via_markers.py /home/shiy/.vscode/extensions/ms-python.python-2025.4.0-linux-x64/python_files/interpreterInfo.py'
}
2025-04-06 15:42:59.423 [warning] Failed to check if /home/shiy/Desktop/Projects/portifolio/FastAPI-template/FastAPI-ToDoList/.venv/bin/python is an executable [Error: ENOENT: no such file or directory, lstat '/home/shiy/Desktop/Projects/portifolio/FastAPI-template/FastAPI-ToDoList/.venv/bin/python'] {
  errno: -2,
  code: 'ENOENT',
  syscall: 'lstat',
  path: '/home/shiy/Desktop/Projects/portifolio/FastAPI-template/FastAPI-ToDoList/.venv/bin/python'
}
2025-04-06 15:42:59.423 [warning] Failed to check if /home/shiy/Desktop/Projects/portifolio/FastAPI-template/FastAPI-ToDoList/.venv/bin/python is an executable [Error: ENOENT: no such file or directory, lstat '/home/shiy/Desktop/Projects/portifolio/FastAPI-template/FastAPI-ToDoList/.venv/bin/python'] {
  errno: -2,
  code: 'ENOENT',
  syscall: 'lstat',
  path: '/home/shiy/Desktop/Projects/portifolio/FastAPI-template/FastAPI-ToDoList/.venv/bin/python'
}
2025-04-06 15:42:59.423 [warning] Failed to check if /home/shiy/Desktop/Projects/portifolio/FastAPI-template/FastAPI-ToDoList/.venv/bin/python is an executable [Error: ENOENT: no such file or directory, lstat '/home/shiy/Desktop/Projects/portifolio/FastAPI-template/FastAPI-ToDoList/.venv/bin/python'] {
  errno: -2,
  code: 'ENOENT',
  syscall: 'lstat',
  path: '/home/shiy/Desktop/Projects/portifolio/FastAPI-template/FastAPI-ToDoList/.venv/bin/python'
}
2025-04-06 15:42:59.455 [warning] Failed to check if /home/shiy/Desktop/Projects/portifolio/FastAPI-template/FastAPI-ToDoList/.venv/bin/python is an executable [Error: ENOENT: no such file or directory, lstat '/home/shiy/Desktop/Projects/portifolio/FastAPI-template/FastAPI-ToDoList/.venv/bin/python'] {
  errno: -2,
  code: 'ENOENT',
  syscall: 'lstat',
  path: '/home/shiy/Desktop/Projects/portifolio/FastAPI-template/FastAPI-ToDoList/.venv/bin/python'
}
2025-04-06 15:42:59.557 [warning] Identifier for virt-virtualenv failed to identify /home/shiy/Desktop/Projects/portifolio/FastAPI-template/FastAPI-ToDoList/.venv/bin/python [Error: ENOENT: no such file or directory, scandir '/home/shiy/Desktop/Projects/portifolio/FastAPI-template/FastAPI-ToDoList/.venv/bin'] {
  errno: -2,
  code: 'ENOENT',
  syscall: 'scandir',
  path: '/home/shiy/Desktop/Projects/portifolio/FastAPI-template/FastAPI-ToDoList/.venv/bin'
}
2025-04-06 15:42:59.557 [warning] Identifier for virt-virtualenv failed to identify /home/shiy/Desktop/Projects/portifolio/FastAPI-template/FastAPI-ToDoList/.venv/bin/python [Error: ENOENT: no such file or directory, scandir '/home/shiy/Desktop/Projects/portifolio/FastAPI-template/FastAPI-ToDoList/.venv/bin'] {
  errno: -2,
  code: 'ENOENT',
  syscall: 'scandir',
  path: '/home/shiy/Desktop/Projects/portifolio/FastAPI-template/FastAPI-ToDoList/.venv/bin'
}
2025-04-06 15:42:59.557 [warning] Identifier for virt-virtualenv failed to identify /home/shiy/Desktop/Projects/portifolio/FastAPI-template/FastAPI-ToDoList/.venv/bin/python [Error: ENOENT: no such file or directory, scandir '/home/shiy/Desktop/Projects/portifolio/FastAPI-template/FastAPI-ToDoList/.venv/bin'] {
  errno: -2,
  code: 'ENOENT',
  syscall: 'scandir',
  path: '/home/shiy/Desktop/Projects/portifolio/FastAPI-template/FastAPI-ToDoList/.venv/bin'
}
2025-04-06 15:42:59.559 [warning] Identifier for virt-virtualenv failed to identify /home/shiy/Desktop/Projects/portifolio/FastAPI-template/FastAPI-ToDoList/.venv/bin/python [Error: ENOENT: no such file or directory, scandir '/home/shiy/Desktop/Projects/portifolio/FastAPI-template/FastAPI-ToDoList/.venv/bin'] {
  errno: -2,
  code: 'ENOENT',
  syscall: 'scandir',
  path: '/home/shiy/Desktop/Projects/portifolio/FastAPI-template/FastAPI-ToDoList/.venv/bin'
}
2025-04-06 15:43:00.269 [info] > ./.venv/bin/python -I ~/.vscode/extensions/ms-python.python-2025.4.0-linux-x64/python_files/get_output_via_markers.py ~/.vscode/extensions/ms-python.python-2025.4.0-linux-x64/python_files/interpreterInfo.py
2025-04-06 15:43:00.380 [error] Error: Command failed: /home/shiy/Desktop/Projects/portifolio/FastAPI-template/FastAPI-ToDoList/.venv/bin/python -I /home/shiy/.vscode/extensions/ms-python.python-2025.4.0-linux-x64/python_files/get_output_via_markers.py /home/shiy/.vscode/extensions/ms-python.python-2025.4.0-linux-x64/python_files/interpreterInfo.py
/bin/sh: 1: /home/shiy/Desktop/Projects/portifolio/FastAPI-template/FastAPI-ToDoList/.venv/bin/python: not found

    at genericNodeError (node:internal/errors:984:15)
    at wrappedFn (node:internal/errors:538:14)
    at ChildProcess.exithandler (node:child_process:423:12)
    at ChildProcess.emit (node:events:530:35)
    at maybeClose (node:internal/child_process:1104:16)
    at Socket.<anonymous> (node:internal/child_process:456:11)
    at Socket.emit (node:events:518:28)
    at Pipe.<anonymous> (node:net:343:12) {
  code: 127,
  killed: false,
  signal: null,
  cmd: '/home/shiy/Desktop/Projects/portifolio/FastAPI-template/FastAPI-ToDoList/.venv/bin/python -I /home/shiy/.vscode/extensions/ms-python.python-2025.4.0-linux-x64/python_files/get_output_via_markers.py /home/shiy/.vscode/extensions/ms-python.python-2025.4.0-linux-x64/python_files/interpreterInfo.py'
}
2025-04-06 15:43:00.582 [warning] Failed to check if /home/shiy/Desktop/Projects/portifolio/FastAPI-template/FastAPI-ToDoList/.venv/bin/python is an executable [Error: ENOENT: no such file or directory, lstat '/home/shiy/Desktop/Projects/portifolio/FastAPI-template/FastAPI-ToDoList/.venv/bin/python'] {
  errno: -2,
  code: 'ENOENT',
  syscall: 'lstat',
  path: '/home/shiy/Desktop/Projects/portifolio/FastAPI-template/FastAPI-ToDoList/.venv/bin/python'
}
2025-04-06 15:43:00.725 [warning] Failed to check if /home/shiy/Desktop/Projects/portifolio/FastAPI-template/FastAPI-ToDoList/.venv/bin/python is an executable [Error: ENOENT: no such file or directory, lstat '/home/shiy/Desktop/Projects/portifolio/FastAPI-template/FastAPI-ToDoList/.venv/bin/python'] {
  errno: -2,
  code: 'ENOENT',
  syscall: 'lstat',
  path: '/home/shiy/Desktop/Projects/portifolio/FastAPI-template/FastAPI-ToDoList/.venv/bin/python'
}
2025-04-06 15:43:00.726 [warning] Identifier for virt-virtualenv failed to identify /home/shiy/Desktop/Projects/portifolio/FastAPI-template/FastAPI-ToDoList/.venv/bin/python [Error: ENOENT: no such file or directory, scandir '/home/shiy/Desktop/Projects/portifolio/FastAPI-template/FastAPI-ToDoList/.venv/bin'] {
  errno: -2,
  code: 'ENOENT',
  syscall: 'scandir',
  path: '/home/shiy/Desktop/Projects/portifolio/FastAPI-template/FastAPI-ToDoList/.venv/bin'
}
2025-04-06 15:43:00.728 [warning] Identifier for virt-virtualenv failed to identify /home/shiy/Desktop/Projects/portifolio/FastAPI-template/FastAPI-ToDoList/.venv/bin/python [Error: ENOENT: no such file or directory, scandir '/home/shiy/Desktop/Projects/portifolio/FastAPI-template/FastAPI-ToDoList/.venv/bin'] {
  errno: -2,
  code: 'ENOENT',
  syscall: 'scandir',
  path: '/home/shiy/Desktop/Projects/portifolio/FastAPI-template/FastAPI-ToDoList/.venv/bin'
}
2025-04-06 15:43:00.729 [warning] Failed to check if /home/shiy/Desktop/Projects/portifolio/FastAPI-template/FastAPI-ToDoList/.venv/bin/python is an executable [Error: ENOENT: no such file or directory, lstat '/home/shiy/Desktop/Projects/portifolio/FastAPI-template/FastAPI-ToDoList/.venv/bin/python'] {
  errno: -2,
  code: 'ENOENT',
  syscall: 'lstat',
  path: '/home/shiy/Desktop/Projects/portifolio/FastAPI-template/FastAPI-ToDoList/.venv/bin/python'
}
2025-04-06 15:43:00.731 [warning] Identifier for virt-virtualenv failed to identify /home/shiy/Desktop/Projects/portifolio/FastAPI-template/FastAPI-ToDoList/.venv/bin/python [Error: ENOENT: no such file or directory, scandir '/home/shiy/Desktop/Projects/portifolio/FastAPI-template/FastAPI-ToDoList/.venv/bin'] {
  errno: -2,
  code: 'ENOENT',
  syscall: 'scandir',
  path: '/home/shiy/Desktop/Projects/portifolio/FastAPI-template/FastAPI-ToDoList/.venv/bin'
}
2025-04-06 15:43:00.733 [warning] Failed to check if /home/shiy/Desktop/Projects/portifolio/FastAPI-template/FastAPI-ToDoList/.venv/bin/python is an executable [Error: ENOENT: no such file or directory, lstat '/home/shiy/Desktop/Projects/portifolio/FastAPI-template/FastAPI-ToDoList/.venv/bin/python'] {
  errno: -2,
  code: 'ENOENT',
  syscall: 'lstat',
  path: '/home/shiy/Desktop/Projects/portifolio/FastAPI-template/FastAPI-ToDoList/.venv/bin/python'
}
2025-04-06 15:43:00.734 [warning] Identifier for virt-virtualenv failed to identify /home/shiy/Desktop/Projects/portifolio/FastAPI-template/FastAPI-ToDoList/.venv/bin/python [Error: ENOENT: no such file or directory, scandir '/home/shiy/Desktop/Projects/portifolio/FastAPI-template/FastAPI-ToDoList/.venv/bin'] {
  errno: -2,
  code: 'ENOENT',
  syscall: 'scandir',
  path: '/home/shiy/Desktop/Projects/portifolio/FastAPI-template/FastAPI-ToDoList/.venv/bin'
}
2025-04-06 15:43:00.735 [warning] Failed to check if /home/shiy/Desktop/Projects/portifolio/FastAPI-template/FastAPI-ToDoList/.venv/bin/python is an executable [Error: ENOENT: no such file or directory, lstat '/home/shiy/Desktop/Projects/portifolio/FastAPI-template/FastAPI-ToDoList/.venv/bin/python'] {
  errno: -2,
  code: 'ENOENT',
  syscall: 'lstat',
  path: '/home/shiy/Desktop/Projects/portifolio/FastAPI-template/FastAPI-ToDoList/.venv/bin/python'
}
2025-04-06 15:43:00.736 [warning] Identifier for virt-virtualenv failed to identify /home/shiy/Desktop/Projects/portifolio/FastAPI-template/FastAPI-ToDoList/.venv/bin/python [Error: ENOENT: no such file or directory, scandir '/home/shiy/Desktop/Projects/portifolio/FastAPI-template/FastAPI-ToDoList/.venv/bin'] {
  errno: -2,
  code: 'ENOENT',
  syscall: 'scandir',
  path: '/home/shiy/Desktop/Projects/portifolio/FastAPI-template/FastAPI-ToDoList/.venv/bin'
}
2025-04-06 15:43:00.738 [warning] Failed to check if /home/shiy/Desktop/Projects/portifolio/FastAPI-template/FastAPI-ToDoList/.venv/bin/python is an executable [Error: ENOENT: no such file or directory, lstat '/home/shiy/Desktop/Projects/portifolio/FastAPI-template/FastAPI-ToDoList/.venv/bin/python'] {
  errno: -2,
  code: 'ENOENT',
  syscall: 'lstat',
  path: '/home/shiy/Desktop/Projects/portifolio/FastAPI-template/FastAPI-ToDoList/.venv/bin/python'
}
2025-04-06 15:43:00.739 [warning] Identifier for virt-virtualenv failed to identify /home/shiy/Desktop/Projects/portifolio/FastAPI-template/FastAPI-ToDoList/.venv/bin/python [Error: ENOENT: no such file or directory, scandir '/home/shiy/Desktop/Projects/portifolio/FastAPI-template/FastAPI-ToDoList/.venv/bin'] {
  errno: -2,
  code: 'ENOENT',
  syscall: 'scandir',
  path: '/home/shiy/Desktop/Projects/portifolio/FastAPI-template/FastAPI-ToDoList/.venv/bin'
}
2025-04-06 15:43:01.369 [info] Starting Pylance language server.
2025-04-06 15:43:01.371 [warning] Failed to check if /home/shiy/Desktop/Projects/portifolio/FastAPI-template/FastAPI-ToDoList/.venv/bin/python is an executable [Error: ENOENT: no such file or directory, lstat '/home/shiy/Desktop/Projects/portifolio/FastAPI-template/FastAPI-ToDoList/.venv/bin/python'] {
  errno: -2,
  code: 'ENOENT',
  syscall: 'lstat',
  path: '/home/shiy/Desktop/Projects/portifolio/FastAPI-template/FastAPI-ToDoList/.venv/bin/python'
}
2025-04-06 15:43:01.374 [warning] Failed to check if /home/shiy/Desktop/Projects/portifolio/FastAPI-template/FastAPI-ToDoList/.venv/bin/python is an executable [Error: ENOENT: no such file or directory, lstat '/home/shiy/Desktop/Projects/portifolio/FastAPI-template/FastAPI-ToDoList/.venv/bin/python'] {
  errno: -2,
  code: 'ENOENT',
  syscall: 'lstat',
  path: '/home/shiy/Desktop/Projects/portifolio/FastAPI-template/FastAPI-ToDoList/.venv/bin/python'
}
2025-04-06 15:43:01.379 [warning] Failed to check if /home/shiy/Desktop/Projects/portifolio/FastAPI-template/FastAPI-ToDoList/.venv/bin/python is an executable [Error: ENOENT: no such file or directory, lstat '/home/shiy/Desktop/Projects/portifolio/FastAPI-template/FastAPI-ToDoList/.venv/bin/python'] {
  errno: -2,
  code: 'ENOENT',
  syscall: 'lstat',
  path: '/home/shiy/Desktop/Projects/portifolio/FastAPI-template/FastAPI-ToDoList/.venv/bin/python'
}
2025-04-06 15:43:01.382 [warning] Identifier for virt-virtualenv failed to identify /home/shiy/Desktop/Projects/portifolio/FastAPI-template/FastAPI-ToDoList/.venv/bin/python [Error: ENOENT: no such file or directory, scandir '/home/shiy/Desktop/Projects/portifolio/FastAPI-template/FastAPI-ToDoList/.venv/bin'] {
  errno: -2,
  code: 'ENOENT',
  syscall: 'scandir',
  path: '/home/shiy/Desktop/Projects/portifolio/FastAPI-template/FastAPI-ToDoList/.venv/bin'
}
2025-04-06 15:43:01.382 [warning] Identifier for virt-virtualenv failed to identify /home/shiy/Desktop/Projects/portifolio/FastAPI-template/FastAPI-ToDoList/.venv/bin/python [Error: ENOENT: no such file or directory, scandir '/home/shiy/Desktop/Projects/portifolio/FastAPI-template/FastAPI-ToDoList/.venv/bin'] {
  errno: -2,
  code: 'ENOENT',
  syscall: 'scandir',
  path: '/home/shiy/Desktop/Projects/portifolio/FastAPI-template/FastAPI-ToDoList/.venv/bin'
}
2025-04-06 15:43:01.383 [warning] Identifier for virt-virtualenv failed to identify /home/shiy/Desktop/Projects/portifolio/FastAPI-template/FastAPI-ToDoList/.venv/bin/python [Error: ENOENT: no such file or directory, scandir '/home/shiy/Desktop/Projects/portifolio/FastAPI-template/FastAPI-ToDoList/.venv/bin'] {
  errno: -2,
  code: 'ENOENT',
  syscall: 'scandir',
  path: '/home/shiy/Desktop/Projects/portifolio/FastAPI-template/FastAPI-ToDoList/.venv/bin'
}
2025-04-06 15:43:01.386 [warning] Failed to check if /home/shiy/Desktop/Projects/portifolio/FastAPI-template/FastAPI-ToDoList/.venv/bin/python is an executable [Error: ENOENT: no such file or directory, lstat '/home/shiy/Desktop/Projects/portifolio/FastAPI-template/FastAPI-ToDoList/.venv/bin/python'] {
  errno: -2,
  code: 'ENOENT',
  syscall: 'lstat',
  path: '/home/shiy/Desktop/Projects/portifolio/FastAPI-template/FastAPI-ToDoList/.venv/bin/python'
}
2025-04-06 15:43:01.388 [warning] Failed to check if /home/shiy/Desktop/Projects/portifolio/FastAPI-template/FastAPI-ToDoList/.venv/bin/python is an executable [Error: ENOENT: no such file or directory, lstat '/home/shiy/Desktop/Projects/portifolio/FastAPI-template/FastAPI-ToDoList/.venv/bin/python'] {
  errno: -2,
  code: 'ENOENT',
  syscall: 'lstat',
  path: '/home/shiy/Desktop/Projects/portifolio/FastAPI-template/FastAPI-ToDoList/.venv/bin/python'
}
2025-04-06 15:43:01.391 [warning] Identifier for virt-virtualenv failed to identify /home/shiy/Desktop/Projects/portifolio/FastAPI-template/FastAPI-ToDoList/.venv/bin/python [Error: ENOENT: no such file or directory, scandir '/home/shiy/Desktop/Projects/portifolio/FastAPI-template/FastAPI-ToDoList/.venv/bin'] {
  errno: -2,
  code: 'ENOENT',
  syscall: 'scandir',
  path: '/home/shiy/Desktop/Projects/portifolio/FastAPI-template/FastAPI-ToDoList/.venv/bin'
}
2025-04-06 15:43:01.392 [warning] Identifier for virt-virtualenv failed to identify /home/shiy/Desktop/Projects/portifolio/FastAPI-template/FastAPI-ToDoList/.venv/bin/python [Error: ENOENT: no such file or directory, scandir '/home/shiy/Desktop/Projects/portifolio/FastAPI-template/FastAPI-ToDoList/.venv/bin'] {
  errno: -2,
  code: 'ENOENT',
  syscall: 'scandir',
  path: '/home/shiy/Desktop/Projects/portifolio/FastAPI-template/FastAPI-ToDoList/.venv/bin'
}
2025-04-06 15:43:02.234 [warning] Failed to check if /home/shiy/Desktop/Projects/portifolio/FastAPI-template/FastAPI-ToDoList/.venv/bin/python is an executable [Error: ENOENT: no such file or directory, lstat '/home/shiy/Desktop/Projects/portifolio/FastAPI-template/FastAPI-ToDoList/.venv/bin/python'] {
  errno: -2,
  code: 'ENOENT',
  syscall: 'lstat',
  path: '/home/shiy/Desktop/Projects/portifolio/FastAPI-template/FastAPI-ToDoList/.venv/bin/python'
}
2025-04-06 15:43:02.240 [warning] Failed to check if /home/shiy/Desktop/Projects/portifolio/FastAPI-template/FastAPI-ToDoList/.venv/bin/python is an executable [Error: ENOENT: no such file or directory, lstat '/home/shiy/Desktop/Projects/portifolio/FastAPI-template/FastAPI-ToDoList/.venv/bin/python'] {
  errno: -2,
  code: 'ENOENT',
  syscall: 'lstat',
  path: '/home/shiy/Desktop/Projects/portifolio/FastAPI-template/FastAPI-ToDoList/.venv/bin/python'
}
2025-04-06 15:43:02.242 [warning] Identifier for virt-virtualenv failed to identify /home/shiy/Desktop/Projects/portifolio/FastAPI-template/FastAPI-ToDoList/.venv/bin/python [Error: ENOENT: no such file or directory, scandir '/home/shiy/Desktop/Projects/portifolio/FastAPI-template/FastAPI-ToDoList/.venv/bin'] {
  errno: -2,
  code: 'ENOENT',
  syscall: 'scandir',
  path: '/home/shiy/Desktop/Projects/portifolio/FastAPI-template/FastAPI-ToDoList/.venv/bin'
}
2025-04-06 15:43:02.246 [warning] Identifier for virt-virtualenv failed to identify /home/shiy/Desktop/Projects/portifolio/FastAPI-template/FastAPI-ToDoList/.venv/bin/python [Error: ENOENT: no such file or directory, scandir '/home/shiy/Desktop/Projects/portifolio/FastAPI-template/FastAPI-ToDoList/.venv/bin'] {
  errno: -2,
  code: 'ENOENT',
  syscall: 'scandir',
  path: '/home/shiy/Desktop/Projects/portifolio/FastAPI-template/FastAPI-ToDoList/.venv/bin'
}
2025-04-06 15:43:02.249 [warning] Failed to check if /home/shiy/Desktop/Projects/portifolio/FastAPI-template/FastAPI-ToDoList/.venv/bin/python is an executable [Error: ENOENT: no such file or directory, lstat '/home/shiy/Desktop/Projects/portifolio/FastAPI-template/FastAPI-ToDoList/.venv/bin/python'] {
  errno: -2,
  code: 'ENOENT',
  syscall: 'lstat',
  path: '/home/shiy/Desktop/Projects/portifolio/FastAPI-template/FastAPI-ToDoList/.venv/bin/python'
}
2025-04-06 15:43:02.257 [warning] Identifier for virt-virtualenv failed to identify /home/shiy/Desktop/Projects/portifolio/FastAPI-template/FastAPI-ToDoList/.venv/bin/python [Error: ENOENT: no such file or directory, scandir '/home/shiy/Desktop/Projects/portifolio/FastAPI-template/FastAPI-ToDoList/.venv/bin'] {
  errno: -2,
  code: 'ENOENT',
  syscall: 'scandir',
  path: '/home/shiy/Desktop/Projects/portifolio/FastAPI-template/FastAPI-ToDoList/.venv/bin'
}
2025-04-06 15:43:28.052 [warning] Failed to check if /home/shiy/Desktop/Projects/portifolio/FastAPI-template/FastAPI-ToDoList/.venv/bin/python is an executable [Error: ENOENT: no such file or directory, lstat '/home/shiy/Desktop/Projects/portifolio/FastAPI-template/FastAPI-ToDoList/.venv/bin/python'] {
  errno: -2,
  code: 'ENOENT',
  syscall: 'lstat',
  path: '/home/shiy/Desktop/Projects/portifolio/FastAPI-template/FastAPI-ToDoList/.venv/bin/python'
}
2025-04-06 15:43:28.054 [warning] Identifier for virt-virtualenv failed to identify /home/shiy/Desktop/Projects/portifolio/FastAPI-template/FastAPI-ToDoList/.venv/bin/python [Error: ENOENT: no such file or directory, scandir '/home/shiy/Desktop/Projects/portifolio/FastAPI-template/FastAPI-ToDoList/.venv/bin'] {
  errno: -2,
  code: 'ENOENT',
  syscall: 'scandir',
  path: '/home/shiy/Desktop/Projects/portifolio/FastAPI-template/FastAPI-ToDoList/.venv/bin'
}
2025-04-06 15:46:29.157 [warning] Failed to check if /home/shiy/Desktop/Projects/portifolio/FastAPI-template/FastAPI-ToDoList/.venv/bin/python is an executable [Error: ENOENT: no such file or directory, lstat '/home/shiy/Desktop/Projects/portifolio/FastAPI-template/FastAPI-ToDoList/.venv/bin/python'] {
  errno: -2,
  code: 'ENOENT',
  syscall: 'lstat',
  path: '/home/shiy/Desktop/Projects/portifolio/FastAPI-template/FastAPI-ToDoList/.venv/bin/python'
}
2025-04-06 15:46:29.158 [warning] Identifier for virt-virtualenv failed to identify /home/shiy/Desktop/Projects/portifolio/FastAPI-template/FastAPI-ToDoList/.venv/bin/python [Error: ENOENT: no such file or directory, scandir '/home/shiy/Desktop/Projects/portifolio/FastAPI-template/FastAPI-ToDoList/.venv/bin'] {
  errno: -2,
  code: 'ENOENT',
  syscall: 'scandir',
  path: '/home/shiy/Desktop/Projects/portifolio/FastAPI-template/FastAPI-ToDoList/.venv/bin'
}
2025-04-06 15:46:44.980 [warning] Failed to check if /home/shiy/Desktop/Projects/portifolio/FastAPI-template/FastAPI-ToDoList/.venv/bin/python is an executable [Error: ENOENT: no such file or directory, lstat '/home/shiy/Desktop/Projects/portifolio/FastAPI-template/FastAPI-ToDoList/.venv/bin/python'] {
  errno: -2,
  code: 'ENOENT',
  syscall: 'lstat',
  path: '/home/shiy/Desktop/Projects/portifolio/FastAPI-template/FastAPI-ToDoList/.venv/bin/python'
}
2025-04-06 15:46:44.982 [warning] Identifier for virt-virtualenv failed to identify /home/shiy/Desktop/Projects/portifolio/FastAPI-template/FastAPI-ToDoList/.venv/bin/python [Error: ENOENT: no such file or directory, scandir '/home/shiy/Desktop/Projects/portifolio/FastAPI-template/FastAPI-ToDoList/.venv/bin'] {
  errno: -2,
  code: 'ENOENT',
  syscall: 'scandir',
  path: '/home/shiy/Desktop/Projects/portifolio/FastAPI-template/FastAPI-ToDoList/.venv/bin'
}
2025-04-06 15:46:49.721 [warning] Failed to check if /home/shiy/Desktop/Projects/portifolio/FastAPI-template/FastAPI-ToDoList/.venv/bin/python is an executable [Error: ENOENT: no such file or directory, lstat '/home/shiy/Desktop/Projects/portifolio/FastAPI-template/FastAPI-ToDoList/.venv/bin/python'] {
  errno: -2,
  code: 'ENOENT',
  syscall: 'lstat',
  path: '/home/shiy/Desktop/Projects/portifolio/FastAPI-template/FastAPI-ToDoList/.venv/bin/python'
}
2025-04-06 15:46:49.722 [warning] Identifier for virt-virtualenv failed to identify /home/shiy/Desktop/Projects/portifolio/FastAPI-template/FastAPI-ToDoList/.venv/bin/python [Error: ENOENT: no such file or directory, scandir '/home/shiy/Desktop/Projects/portifolio/FastAPI-template/FastAPI-ToDoList/.venv/bin'] {
  errno: -2,
  code: 'ENOENT',
  syscall: 'scandir',
  path: '/home/shiy/Desktop/Projects/portifolio/FastAPI-template/FastAPI-ToDoList/.venv/bin'
}
2025-04-06 15:47:00.173 [warning] Failed to check if /home/shiy/Desktop/Projects/portifolio/FastAPI-template/FastAPI-ToDoList/.venv/bin/python is an executable [Error: ENOENT: no such file or directory, lstat '/home/shiy/Desktop/Projects/portifolio/FastAPI-template/FastAPI-ToDoList/.venv/bin/python'] {
  errno: -2,
  code: 'ENOENT',
  syscall: 'lstat',
  path: '/home/shiy/Desktop/Projects/portifolio/FastAPI-template/FastAPI-ToDoList/.venv/bin/python'
}
2025-04-06 15:47:00.173 [warning] Identifier for virt-virtualenv failed to identify /home/shiy/Desktop/Projects/portifolio/FastAPI-template/FastAPI-ToDoList/.venv/bin/python [Error: ENOENT: no such file or directory, scandir '/home/shiy/Desktop/Projects/portifolio/FastAPI-template/FastAPI-ToDoList/.venv/bin'] {
  errno: -2,
  code: 'ENOENT',
  syscall: 'scandir',
  path: '/home/shiy/Desktop/Projects/portifolio/FastAPI-template/FastAPI-ToDoList/.venv/bin'
}
2025-04-06 15:47:00.620 [warning] Failed to check if /home/shiy/Desktop/Projects/portifolio/FastAPI-template/FastAPI-ToDoList/.venv/bin/python is an executable [Error: ENOENT: no such file or directory, lstat '/home/shiy/Desktop/Projects/portifolio/FastAPI-template/FastAPI-ToDoList/.venv/bin/python'] {
  errno: -2,
  code: 'ENOENT',
  syscall: 'lstat',
  path: '/home/shiy/Desktop/Projects/portifolio/FastAPI-template/FastAPI-ToDoList/.venv/bin/python'
}
2025-04-06 15:47:00.621 [warning] Identifier for virt-virtualenv failed to identify /home/shiy/Desktop/Projects/portifolio/FastAPI-template/FastAPI-ToDoList/.venv/bin/python [Error: ENOENT: no such file or directory, scandir '/home/shiy/Desktop/Projects/portifolio/FastAPI-template/FastAPI-ToDoList/.venv/bin'] {
  errno: -2,
  code: 'ENOENT',
  syscall: 'scandir',
  path: '/home/shiy/Desktop/Projects/portifolio/FastAPI-template/FastAPI-ToDoList/.venv/bin'
}
2025-04-06 15:50:27.782 [warning] Failed to check if /home/shiy/Desktop/Projects/portifolio/FastAPI-template/FastAPI-ToDoList/.venv/bin/python is an executable [Error: ENOENT: no such file or directory, lstat '/home/shiy/Desktop/Projects/portifolio/FastAPI-template/FastAPI-ToDoList/.venv/bin/python'] {
  errno: -2,
  code: 'ENOENT',
  syscall: 'lstat',
  path: '/home/shiy/Desktop/Projects/portifolio/FastAPI-template/FastAPI-ToDoList/.venv/bin/python'
}
2025-04-06 15:50:27.784 [warning] Identifier for virt-virtualenv failed to identify /home/shiy/Desktop/Projects/portifolio/FastAPI-template/FastAPI-ToDoList/.venv/bin/python [Error: ENOENT: no such file or directory, scandir '/home/shiy/Desktop/Projects/portifolio/FastAPI-template/FastAPI-ToDoList/.venv/bin'] {
  errno: -2,
  code: 'ENOENT',
  syscall: 'scandir',
  path: '/home/shiy/Desktop/Projects/portifolio/FastAPI-template/FastAPI-ToDoList/.venv/bin'
}
2025-04-06 15:50:31.448 [warning] Failed to check if /home/shiy/Desktop/Projects/portifolio/FastAPI-template/FastAPI-ToDoList/.venv/bin/python is an executable [Error: ENOENT: no such file or directory, lstat '/home/shiy/Desktop/Projects/portifolio/FastAPI-template/FastAPI-ToDoList/.venv/bin/python'] {
  errno: -2,
  code: 'ENOENT',
  syscall: 'lstat',
  path: '/home/shiy/Desktop/Projects/portifolio/FastAPI-template/FastAPI-ToDoList/.venv/bin/python'
}
2025-04-06 15:50:31.449 [warning] Identifier for virt-virtualenv failed to identify /home/shiy/Desktop/Projects/portifolio/FastAPI-template/FastAPI-ToDoList/.venv/bin/python [Error: ENOENT: no such file or directory, scandir '/home/shiy/Desktop/Projects/portifolio/FastAPI-template/FastAPI-ToDoList/.venv/bin'] {
  errno: -2,
  code: 'ENOENT',
  syscall: 'scandir',
  path: '/home/shiy/Desktop/Projects/portifolio/FastAPI-template/FastAPI-ToDoList/.venv/bin'
}
2025-04-06 15:51:10.302 [warning] Failed to check if /home/shiy/Desktop/Projects/portifolio/FastAPI-template/FastAPI-ToDoList/.venv/bin/python is an executable [Error: ENOENT: no such file or directory, lstat '/home/shiy/Desktop/Projects/portifolio/FastAPI-template/FastAPI-ToDoList/.venv/bin/python'] {
  errno: -2,
  code: 'ENOENT',
  syscall: 'lstat',
  path: '/home/shiy/Desktop/Projects/portifolio/FastAPI-template/FastAPI-ToDoList/.venv/bin/python'
}
2025-04-06 15:51:10.303 [warning] Identifier for virt-virtualenv failed to identify /home/shiy/Desktop/Projects/portifolio/FastAPI-template/FastAPI-ToDoList/.venv/bin/python [Error: ENOENT: no such file or directory, scandir '/home/shiy/Desktop/Projects/portifolio/FastAPI-template/FastAPI-ToDoList/.venv/bin'] {
  errno: -2,
  code: 'ENOENT',
  syscall: 'scandir',
  path: '/home/shiy/Desktop/Projects/portifolio/FastAPI-template/FastAPI-ToDoList/.venv/bin'
}
2025-04-06 15:51:11.849 [warning] Failed to check if /home/shiy/Desktop/Projects/portifolio/FastAPI-template/FastAPI-ToDoList/.venv/bin/python is an executable [Error: ENOENT: no such file or directory, lstat '/home/shiy/Desktop/Projects/portifolio/FastAPI-template/FastAPI-ToDoList/.venv/bin/python'] {
  errno: -2,
  code: 'ENOENT',
  syscall: 'lstat',
  path: '/home/shiy/Desktop/Projects/portifolio/FastAPI-template/FastAPI-ToDoList/.venv/bin/python'
}
2025-04-06 15:51:11.850 [warning] Identifier for virt-virtualenv failed to identify /home/shiy/Desktop/Projects/portifolio/FastAPI-template/FastAPI-ToDoList/.venv/bin/python [Error: ENOENT: no such file or directory, scandir '/home/shiy/Desktop/Projects/portifolio/FastAPI-template/FastAPI-ToDoList/.venv/bin'] {
  errno: -2,
  code: 'ENOENT',
  syscall: 'scandir',
  path: '/home/shiy/Desktop/Projects/portifolio/FastAPI-template/FastAPI-ToDoList/.venv/bin'
}
2025-04-06 15:51:11.853 [warning] Failed to check if /home/shiy/Desktop/Projects/portifolio/FastAPI-template/FastAPI-ToDoList/.venv/bin/python is an executable [Error: ENOENT: no such file or directory, lstat '/home/shiy/Desktop/Projects/portifolio/FastAPI-template/FastAPI-ToDoList/.venv/bin/python'] {
  errno: -2,
  code: 'ENOENT',
  syscall: 'lstat',
  path: '/home/shiy/Desktop/Projects/portifolio/FastAPI-template/FastAPI-ToDoList/.venv/bin/python'
}
2025-04-06 15:51:11.854 [warning] Identifier for virt-virtualenv failed to identify /home/shiy/Desktop/Projects/portifolio/FastAPI-template/FastAPI-ToDoList/.venv/bin/python [Error: ENOENT: no such file or directory, scandir '/home/shiy/Desktop/Projects/portifolio/FastAPI-template/FastAPI-ToDoList/.venv/bin'] {
  errno: -2,
  code: 'ENOENT',
  syscall: 'scandir',
  path: '/home/shiy/Desktop/Projects/portifolio/FastAPI-template/FastAPI-ToDoList/.venv/bin'
}
2025-04-06 15:52:14.008 [warning] Failed to check if /home/shiy/Desktop/Projects/portifolio/FastAPI-template/FastAPI-ToDoList/.venv/bin/python is an executable [Error: ENOENT: no such file or directory, lstat '/home/shiy/Desktop/Projects/portifolio/FastAPI-template/FastAPI-ToDoList/.venv/bin/python'] {
  errno: -2,
  code: 'ENOENT',
  syscall: 'lstat',
  path: '/home/shiy/Desktop/Projects/portifolio/FastAPI-template/FastAPI-ToDoList/.venv/bin/python'
}
2025-04-06 15:52:14.010 [warning] Identifier for virt-virtualenv failed to identify /home/shiy/Desktop/Projects/portifolio/FastAPI-template/FastAPI-ToDoList/.venv/bin/python [Error: ENOENT: no such file or directory, scandir '/home/shiy/Desktop/Projects/portifolio/FastAPI-template/FastAPI-ToDoList/.venv/bin'] {
  errno: -2,
  code: 'ENOENT',
  syscall: 'scandir',
  path: '/home/shiy/Desktop/Projects/portifolio/FastAPI-template/FastAPI-ToDoList/.venv/bin'
}
2025-04-06 15:55:01.216 [warning] Failed to check if /home/shiy/Desktop/Projects/portifolio/FastAPI-template/FastAPI-ToDoList/.venv/bin/python is an executable [Error: ENOENT: no such file or directory, lstat '/home/shiy/Desktop/Projects/portifolio/FastAPI-template/FastAPI-ToDoList/.venv/bin/python'] {
  errno: -2,
  code: 'ENOENT',
  syscall: 'lstat',
  path: '/home/shiy/Desktop/Projects/portifolio/FastAPI-template/FastAPI-ToDoList/.venv/bin/python'
}
2025-04-06 15:55:01.218 [warning] Identifier for virt-virtualenv failed to identify /home/shiy/Desktop/Projects/portifolio/FastAPI-template/FastAPI-ToDoList/.venv/bin/python [Error: ENOENT: no such file or directory, scandir '/home/shiy/Desktop/Projects/portifolio/FastAPI-template/FastAPI-ToDoList/.venv/bin'] {
  errno: -2,
  code: 'ENOENT',
  syscall: 'scandir',
  path: '/home/shiy/Desktop/Projects/portifolio/FastAPI-template/FastAPI-ToDoList/.venv/bin'
}
2025-04-06 15:55:02.749 [warning] Failed to check if /home/shiy/Desktop/Projects/portifolio/FastAPI-template/FastAPI-ToDoList/.venv/bin/python is an executable [Error: ENOENT: no such file or directory, lstat '/home/shiy/Desktop/Projects/portifolio/FastAPI-template/FastAPI-ToDoList/.venv/bin/python'] {
  errno: -2,
  code: 'ENOENT',
  syscall: 'lstat',
  path: '/home/shiy/Desktop/Projects/portifolio/FastAPI-template/FastAPI-ToDoList/.venv/bin/python'
}
2025-04-06 15:55:02.750 [warning] Identifier for virt-virtualenv failed to identify /home/shiy/Desktop/Projects/portifolio/FastAPI-template/FastAPI-ToDoList/.venv/bin/python [Error: ENOENT: no such file or directory, scandir '/home/shiy/Desktop/Projects/portifolio/FastAPI-template/FastAPI-ToDoList/.venv/bin'] {
  errno: -2,
  code: 'ENOENT',
  syscall: 'scandir',
  path: '/home/shiy/Desktop/Projects/portifolio/FastAPI-template/FastAPI-ToDoList/.venv/bin'
}
2025-04-06 15:56:36.702 [warning] Failed to check if /home/shiy/Desktop/Projects/portifolio/FastAPI-template/FastAPI-ToDoList/.venv/bin/python is an executable [Error: ENOENT: no such file or directory, lstat '/home/shiy/Desktop/Projects/portifolio/FastAPI-template/FastAPI-ToDoList/.venv/bin/python'] {
  errno: -2,
  code: 'ENOENT',
  syscall: 'lstat',
  path: '/home/shiy/Desktop/Projects/portifolio/FastAPI-template/FastAPI-ToDoList/.venv/bin/python'
}
2025-04-06 15:56:36.705 [warning] Identifier for virt-virtualenv failed to identify /home/shiy/Desktop/Projects/portifolio/FastAPI-template/FastAPI-ToDoList/.venv/bin/python [Error: ENOENT: no such file or directory, scandir '/home/shiy/Desktop/Projects/portifolio/FastAPI-template/FastAPI-ToDoList/.venv/bin'] {
  errno: -2,
  code: 'ENOENT',
  syscall: 'scandir',
  path: '/home/shiy/Desktop/Projects/portifolio/FastAPI-template/FastAPI-ToDoList/.venv/bin'
}
2025-04-06 15:56:40.168 [info] Discover tests for workspace name: FastAPI-ToDoList - uri: /home/shiy/Desktop/Projects/portifolio/FastAPI-template/FastAPI-ToDoList/fastapi_todolist/app.py
2025-04-06 15:56:46.551 [info] Starting Environment refresh
2025-04-06 15:56:46.551 [info] Searching for interpreters in posix paths locator
2025-04-06 15:56:46.552 [info] Searching for pyenv environments
2025-04-06 15:56:46.552 [info] Searching for conda environments
2025-04-06 15:56:46.552 [info] Searching for global virtual environments
2025-04-06 15:56:46.552 [info] Searching for custom virtual environments
2025-04-06 15:56:46.568 [info] > conda info --json
2025-04-06 15:56:46.583 [info] > hatch env show --json
2025-04-06 15:56:46.583 [info] cwd: .
2025-04-06 15:56:46.585 [info] Finished searching for pyenv environments: 34 milliseconds
2025-04-06 15:56:46.585 [warning] Failed to check if /home/shiy/Desktop/Projects/portifolio/FastAPI-template/FastAPI-ToDoList/.venv/bin/python is an executable [Error: ENOENT: no such file or directory, lstat '/home/shiy/Desktop/Projects/portifolio/FastAPI-template/FastAPI-ToDoList/.venv/bin/python'] {
  errno: -2,
  code: 'ENOENT',
  syscall: 'lstat',
  path: '/home/shiy/Desktop/Projects/portifolio/FastAPI-template/FastAPI-ToDoList/.venv/bin/python'
}
2025-04-06 15:56:46.586 [info] Finished searching for global virtual envs: 34 milliseconds
2025-04-06 15:56:46.586 [info] Finished searching for custom virtual envs: 34 milliseconds
2025-04-06 15:56:46.590 [info] Found: /bin/python3 --> /bin/python3.12
2025-04-06 15:56:46.591 [info] Found: /bin/python3.12 --> /bin/python3.12
2025-04-06 15:56:46.592 [warning] Identifier for virt-virtualenv failed to identify /home/shiy/Desktop/Projects/portifolio/FastAPI-template/FastAPI-ToDoList/.venv/bin/python [Error: ENOENT: no such file or directory, scandir '/home/shiy/Desktop/Projects/portifolio/FastAPI-template/FastAPI-ToDoList/.venv/bin'] {
  errno: -2,
  code: 'ENOENT',
  syscall: 'scandir',
  path: '/home/shiy/Desktop/Projects/portifolio/FastAPI-template/FastAPI-ToDoList/.venv/bin'
}
2025-04-06 15:56:46.592 [warning] Identifier for virt-virtualenv failed to identify /home/shiy/Desktop/Projects/portifolio/FastAPI-template/FastAPI-ToDoList/.venv/bin/python [Error: ENOENT: no such file or directory, scandir '/home/shiy/Desktop/Projects/portifolio/FastAPI-template/FastAPI-ToDoList/.venv/bin'] {
  errno: -2,
  code: 'ENOENT',
  syscall: 'scandir',
  path: '/home/shiy/Desktop/Projects/portifolio/FastAPI-template/FastAPI-ToDoList/.venv/bin'
}
2025-04-06 15:56:46.598 [info] Active interpreter [/home/shiy/Desktop/Projects/portifolio/FastAPI-template/FastAPI-ToDoList]:  /home/shiy/Desktop/Projects/portifolio/FastAPI-template/FastAPI-ToDoList/.venv/bin/python
2025-04-06 15:56:46.599 [warning] Failed to check if /home/shiy/Desktop/Projects/portifolio/FastAPI-template/FastAPI-ToDoList/.venv/bin/python is an executable [Error: ENOENT: no such file or directory, lstat '/home/shiy/Desktop/Projects/portifolio/FastAPI-template/FastAPI-ToDoList/.venv/bin/python'] {
  errno: -2,
  code: 'ENOENT',
  syscall: 'lstat',
  path: '/home/shiy/Desktop/Projects/portifolio/FastAPI-template/FastAPI-ToDoList/.venv/bin/python'
}
2025-04-06 15:56:46.599 [warning] Failed to check if /home/shiy/Desktop/Projects/portifolio/FastAPI-template/FastAPI-ToDoList/.venv/bin/python is an executable [Error: ENOENT: no such file or directory, lstat '/home/shiy/Desktop/Projects/portifolio/FastAPI-template/FastAPI-ToDoList/.venv/bin/python'] {
  errno: -2,
  code: 'ENOENT',
  syscall: 'lstat',
  path: '/home/shiy/Desktop/Projects/portifolio/FastAPI-template/FastAPI-ToDoList/.venv/bin/python'
}
2025-04-06 15:56:46.602 [warning] Failed to check if /home/shiy/Desktop/Projects/portifolio/FastAPI-template/FastAPI-ToDoList/.venv/bin/python is an executable [Error: ENOENT: no such file or directory, lstat '/home/shiy/Desktop/Projects/portifolio/FastAPI-template/FastAPI-ToDoList/.venv/bin/python'] {
  errno: -2,
  code: 'ENOENT',
  syscall: 'lstat',
  path: '/home/shiy/Desktop/Projects/portifolio/FastAPI-template/FastAPI-ToDoList/.venv/bin/python'
}
2025-04-06 15:56:46.605 [warning] Failed to check if /home/shiy/Desktop/Projects/portifolio/FastAPI-template/FastAPI-ToDoList/.venv/bin/python is an executable [Error: ENOENT: no such file or directory, lstat '/home/shiy/Desktop/Projects/portifolio/FastAPI-template/FastAPI-ToDoList/.venv/bin/python'] {
  errno: -2,
  code: 'ENOENT',
  syscall: 'lstat',
  path: '/home/shiy/Desktop/Projects/portifolio/FastAPI-template/FastAPI-ToDoList/.venv/bin/python'
}
2025-04-06 15:56:46.606 [info] Found: /usr/bin/python3 --> /usr/bin/python3.12
2025-04-06 15:56:46.606 [info] Found: /usr/bin/python3.12 --> /usr/bin/python3.12
2025-04-06 15:56:46.608 [warning] Identifier for virt-virtualenv failed to identify /home/shiy/Desktop/Projects/portifolio/FastAPI-template/FastAPI-ToDoList/.venv/bin/python [Error: ENOENT: no such file or directory, scandir '/home/shiy/Desktop/Projects/portifolio/FastAPI-template/FastAPI-ToDoList/.venv/bin'] {
  errno: -2,
  code: 'ENOENT',
  syscall: 'scandir',
  path: '/home/shiy/Desktop/Projects/portifolio/FastAPI-template/FastAPI-ToDoList/.venv/bin'
}
2025-04-06 15:56:46.608 [warning] Identifier for virt-virtualenv failed to identify /home/shiy/Desktop/Projects/portifolio/FastAPI-template/FastAPI-ToDoList/.venv/bin/python [Error: ENOENT: no such file or directory, scandir '/home/shiy/Desktop/Projects/portifolio/FastAPI-template/FastAPI-ToDoList/.venv/bin'] {
  errno: -2,
  code: 'ENOENT',
  syscall: 'scandir',
  path: '/home/shiy/Desktop/Projects/portifolio/FastAPI-template/FastAPI-ToDoList/.venv/bin'
}
2025-04-06 15:56:46.609 [warning] Identifier for virt-virtualenv failed to identify /home/shiy/Desktop/Projects/portifolio/FastAPI-template/FastAPI-ToDoList/.venv/bin/python [Error: ENOENT: no such file or directory, scandir '/home/shiy/Desktop/Projects/portifolio/FastAPI-template/FastAPI-ToDoList/.venv/bin'] {
  errno: -2,
  code: 'ENOENT',
  syscall: 'scandir',
  path: '/home/shiy/Desktop/Projects/portifolio/FastAPI-template/FastAPI-ToDoList/.venv/bin'
}
2025-04-06 15:56:46.611 [warning] Identifier for virt-virtualenv failed to identify /home/shiy/Desktop/Projects/portifolio/FastAPI-template/FastAPI-ToDoList/.venv/bin/python [Error: ENOENT: no such file or directory, scandir '/home/shiy/Desktop/Projects/portifolio/FastAPI-template/FastAPI-ToDoList/.venv/bin'] {
  errno: -2,
  code: 'ENOENT',
  syscall: 'scandir',
  path: '/home/shiy/Desktop/Projects/portifolio/FastAPI-template/FastAPI-ToDoList/.venv/bin'
}
2025-04-06 15:56:46.614 [warning] Failed to check if /home/shiy/Desktop/Projects/portifolio/FastAPI-template/FastAPI-ToDoList/.venv/bin/python is an executable [Error: ENOENT: no such file or directory, lstat '/home/shiy/Desktop/Projects/portifolio/FastAPI-template/FastAPI-ToDoList/.venv/bin/python'] {
  errno: -2,
  code: 'ENOENT',
  syscall: 'lstat',
  path: '/home/shiy/Desktop/Projects/portifolio/FastAPI-template/FastAPI-ToDoList/.venv/bin/python'
}
2025-04-06 15:56:46.615 [warning] Failed to check if /home/shiy/Desktop/Projects/portifolio/FastAPI-template/FastAPI-ToDoList/.venv/bin/python is an executable [Error: ENOENT: no such file or directory, lstat '/home/shiy/Desktop/Projects/portifolio/FastAPI-template/FastAPI-ToDoList/.venv/bin/python'] {
  errno: -2,
  code: 'ENOENT',
  syscall: 'lstat',
  path: '/home/shiy/Desktop/Projects/portifolio/FastAPI-template/FastAPI-ToDoList/.venv/bin/python'
}
2025-04-06 15:56:46.616 [warning] Failed to check if /home/shiy/Desktop/Projects/portifolio/FastAPI-template/FastAPI-ToDoList/.venv/bin/python is an executable [Error: ENOENT: no such file or directory, lstat '/home/shiy/Desktop/Projects/portifolio/FastAPI-template/FastAPI-ToDoList/.venv/bin/python'] {
  errno: -2,
  code: 'ENOENT',
  syscall: 'lstat',
  path: '/home/shiy/Desktop/Projects/portifolio/FastAPI-template/FastAPI-ToDoList/.venv/bin/python'
}
2025-04-06 15:56:46.616 [warning] Failed to check if /home/shiy/Desktop/Projects/portifolio/FastAPI-template/FastAPI-ToDoList/.venv/bin/python is an executable [Error: ENOENT: no such file or directory, lstat '/home/shiy/Desktop/Projects/portifolio/FastAPI-template/FastAPI-ToDoList/.venv/bin/python'] {
  errno: -2,
  code: 'ENOENT',
  syscall: 'lstat',
  path: '/home/shiy/Desktop/Projects/portifolio/FastAPI-template/FastAPI-ToDoList/.venv/bin/python'
}
2025-04-06 15:56:46.620 [warning] Identifier for virt-virtualenv failed to identify /home/shiy/Desktop/Projects/portifolio/FastAPI-template/FastAPI-ToDoList/.venv/bin/python [Error: ENOENT: no such file or directory, scandir '/home/shiy/Desktop/Projects/portifolio/FastAPI-template/FastAPI-ToDoList/.venv/bin'] {
  errno: -2,
  code: 'ENOENT',
  syscall: 'scandir',
  path: '/home/shiy/Desktop/Projects/portifolio/FastAPI-template/FastAPI-ToDoList/.venv/bin'
}
2025-04-06 15:56:46.621 [warning] Identifier for virt-virtualenv failed to identify /home/shiy/Desktop/Projects/portifolio/FastAPI-template/FastAPI-ToDoList/.venv/bin/python [Error: ENOENT: no such file or directory, scandir '/home/shiy/Desktop/Projects/portifolio/FastAPI-template/FastAPI-ToDoList/.venv/bin'] {
  errno: -2,
  code: 'ENOENT',
  syscall: 'scandir',
  path: '/home/shiy/Desktop/Projects/portifolio/FastAPI-template/FastAPI-ToDoList/.venv/bin'
}
2025-04-06 15:56:46.621 [warning] Identifier for virt-virtualenv failed to identify /home/shiy/Desktop/Projects/portifolio/FastAPI-template/FastAPI-ToDoList/.venv/bin/python [Error: ENOENT: no such file or directory, scandir '/home/shiy/Desktop/Projects/portifolio/FastAPI-template/FastAPI-ToDoList/.venv/bin'] {
  errno: -2,
  code: 'ENOENT',
  syscall: 'scandir',
  path: '/home/shiy/Desktop/Projects/portifolio/FastAPI-template/FastAPI-ToDoList/.venv/bin'
}
2025-04-06 15:56:46.621 [warning] Identifier for virt-virtualenv failed to identify /home/shiy/Desktop/Projects/portifolio/FastAPI-template/FastAPI-ToDoList/.venv/bin/python [Error: ENOENT: no such file or directory, scandir '/home/shiy/Desktop/Projects/portifolio/FastAPI-template/FastAPI-ToDoList/.venv/bin'] {
  errno: -2,
  code: 'ENOENT',
  syscall: 'scandir',
  path: '/home/shiy/Desktop/Projects/portifolio/FastAPI-template/FastAPI-ToDoList/.venv/bin'
}
2025-04-06 15:56:46.625 [warning] Failed to check if /home/shiy/Desktop/Projects/portifolio/FastAPI-template/FastAPI-ToDoList/.venv/bin/python is an executable [Error: ENOENT: no such file or directory, lstat '/home/shiy/Desktop/Projects/portifolio/FastAPI-template/FastAPI-ToDoList/.venv/bin/python'] {
  errno: -2,
  code: 'ENOENT',
  syscall: 'lstat',
  path: '/home/shiy/Desktop/Projects/portifolio/FastAPI-template/FastAPI-ToDoList/.venv/bin/python'
}
2025-04-06 15:56:46.648 [info] Finished searching for interpreters in posix paths locator: 83 milliseconds
2025-04-06 15:56:46.648 [info] > /bin/python3 -I ~/.vscode/extensions/ms-python.python-2025.4.0-linux-x64/python_files/get_output_via_markers.py ~/.vscode/extensions/ms-python.python-2025.4.0-linux-x64/python_files/interpreterInfo.py
2025-04-06 15:56:46.651 [warning] Identifier for virt-virtualenv failed to identify /home/shiy/Desktop/Projects/portifolio/FastAPI-template/FastAPI-ToDoList/.venv/bin/python [Error: ENOENT: no such file or directory, scandir '/home/shiy/Desktop/Projects/portifolio/FastAPI-template/FastAPI-ToDoList/.venv/bin'] {
  errno: -2,
  code: 'ENOENT',
  syscall: 'scandir',
  path: '/home/shiy/Desktop/Projects/portifolio/FastAPI-template/FastAPI-ToDoList/.venv/bin'
}
2025-04-06 15:56:46.655 [warning] Failed to check if /home/shiy/Desktop/Projects/portifolio/FastAPI-template/FastAPI-ToDoList/.venv/bin/python is an executable [Error: ENOENT: no such file or directory, lstat '/home/shiy/Desktop/Projects/portifolio/FastAPI-template/FastAPI-ToDoList/.venv/bin/python'] {
  errno: -2,
  code: 'ENOENT',
  syscall: 'lstat',
  path: '/home/shiy/Desktop/Projects/portifolio/FastAPI-template/FastAPI-ToDoList/.venv/bin/python'
}
2025-04-06 15:56:46.671 [info] > /usr/bin/python3 -I ~/.vscode/extensions/ms-python.python-2025.4.0-linux-x64/python_files/get_output_via_markers.py ~/.vscode/extensions/ms-python.python-2025.4.0-linux-x64/python_files/interpreterInfo.py
2025-04-06 15:56:46.671 [info] Environments refresh paths discovered (event): 121 milliseconds
2025-04-06 15:56:46.671 [info] Environments refresh paths discovered: 121 milliseconds
2025-04-06 15:56:46.672 [warning] Identifier for virt-virtualenv failed to identify /home/shiy/Desktop/Projects/portifolio/FastAPI-template/FastAPI-ToDoList/.venv/bin/python [Error: ENOENT: no such file or directory, scandir '/home/shiy/Desktop/Projects/portifolio/FastAPI-template/FastAPI-ToDoList/.venv/bin'] {
  errno: -2,
  code: 'ENOENT',
  syscall: 'scandir',
  path: '/home/shiy/Desktop/Projects/portifolio/FastAPI-template/FastAPI-ToDoList/.venv/bin'
}
2025-04-06 15:56:46.674 [warning] Failed to check if /home/shiy/Desktop/Projects/portifolio/FastAPI-template/FastAPI-ToDoList/.venv/bin/python is an executable [Error: ENOENT: no such file or directory, lstat '/home/shiy/Desktop/Projects/portifolio/FastAPI-template/FastAPI-ToDoList/.venv/bin/python'] {
  errno: -2,
  code: 'ENOENT',
  syscall: 'lstat',
  path: '/home/shiy/Desktop/Projects/portifolio/FastAPI-template/FastAPI-ToDoList/.venv/bin/python'
}
2025-04-06 15:56:46.675 [warning] Identifier for virt-virtualenv failed to identify /home/shiy/Desktop/Projects/portifolio/FastAPI-template/FastAPI-ToDoList/.venv/bin/python [Error: ENOENT: no such file or directory, scandir '/home/shiy/Desktop/Projects/portifolio/FastAPI-template/FastAPI-ToDoList/.venv/bin'] {
  errno: -2,
  code: 'ENOENT',
  syscall: 'scandir',
  path: '/home/shiy/Desktop/Projects/portifolio/FastAPI-template/FastAPI-ToDoList/.venv/bin'
}
2025-04-06 15:56:46.676 [warning] Failed to check if /home/shiy/Desktop/Projects/portifolio/FastAPI-template/FastAPI-ToDoList/.venv/bin/python is an executable [Error: ENOENT: no such file or directory, lstat '/home/shiy/Desktop/Projects/portifolio/FastAPI-template/FastAPI-ToDoList/.venv/bin/python'] {
  errno: -2,
  code: 'ENOENT',
  syscall: 'lstat',
  path: '/home/shiy/Desktop/Projects/portifolio/FastAPI-template/FastAPI-ToDoList/.venv/bin/python'
}
2025-04-06 15:56:46.676 [warning] Identifier for virt-virtualenv failed to identify /home/shiy/Desktop/Projects/portifolio/FastAPI-template/FastAPI-ToDoList/.venv/bin/python [Error: ENOENT: no such file or directory, scandir '/home/shiy/Desktop/Projects/portifolio/FastAPI-template/FastAPI-ToDoList/.venv/bin'] {
  errno: -2,
  code: 'ENOENT',
  syscall: 'scandir',
  path: '/home/shiy/Desktop/Projects/portifolio/FastAPI-template/FastAPI-ToDoList/.venv/bin'
}
2025-04-06 15:56:46.699 [info] Environments refresh finished (event): 149 milliseconds
2025-04-06 15:56:46.702 [info] Environment refresh took 153 milliseconds
2025-04-06 15:57:05.606 [info] Active interpreter [/home/shiy/Desktop/Projects/portifolio/FastAPI-template/FastAPI-ToDoList]:  /home/shiy/.cache/pypoetry/virtualenvs/fastapi-todolist-R83S90s3-py3.12/bin/python
2025-04-06 15:57:05.628 [info] > ~/.cache/pypoetry/virtualenvs/fastapi-todolist-R83S90s3-py3.12/bin/python -I ~/.vscode/extensions/ms-python.python-2025.4.0-linux-x64/python_files/get_output_via_markers.py ~/.vscode/extensions/ms-python.python-2025.4.0-linux-x64/python_files/interpreterInfo.py
2025-04-06 15:57:05.653 [info] Python interpreter path: ~/.cache/pypoetry/virtualenvs/fastapi-todolist-R83S90s3-py3.12/bin/python
2025-04-06 15:57:05.653 [info] Discover tests for workspace name: FastAPI-ToDoList - uri: /home/shiy/Desktop/Projects/portifolio/FastAPI-template/FastAPI-ToDoList
2025-04-06 15:57:05.674 [info] > . ~/.cache/pypoetry/virtualenvs/fastapi-todolist-R83S90s3-py3.12/bin/activate.fish && echo 'e8b39361-0157-4923-80e1-22d70d46dee6' && python ~/.vscode/extensions/ms-python.python-2025.4.0-linux-x64/python_files/printEnvVariables.py
2025-04-06 15:57:05.674 [info] shell: fish
2025-04-06 15:57:05.726 [info] > /bin/python3 ~/.vscode/extensions/ms-python.python-2025.4.0-linux-x64/python_files/printEnvVariables.py
2025-04-06 15:57:05.726 [info] shell: fish
2025-04-06 15:57:05.765 [info] Prepending environment variable PATH in collection with /home/shiy/.vscode/extensions/ms-python.python-2025.4.0-linux-x64/python_files/deactivate/fish:/home/shiy/.cache/pypoetry/virtualenvs/fastapi-todolist-R83S90s3-py3.12/bin: {"applyAtShellIntegration":true,"applyAtProcessCreation":true}
2025-04-06 15:57:05.765 [info] Setting environment variable VIRTUAL_ENV in collection to /home/shiy/.cache/pypoetry/virtualenvs/fastapi-todolist-R83S90s3-py3.12 {"applyAtShellIntegration":true,"applyAtProcessCreation":true}
2025-04-06 15:57:05.765 [info] Setting environment variable VIRTUAL_ENV_PROMPT in collection to fastapi-todolist-py3.12 {"applyAtShellIntegration":true,"applyAtProcessCreation":true}
2025-04-06 15:57:05.765 [info] Setting environment variable STARSHIP_SESSION_KEY in collection to 1317028768218611 {"applyAtShellIntegration":true,"applyAtProcessCreation":true}
2025-04-06 15:57:05.766 [info] Send text to terminal: /bin/python3 /home/shiy/.vscode/extensions/ms-python.python-2025.4.0-linux-x64/python_files/printEnvVariablesToFile.py /home/shiy/.vscode/extensions/ms-python.python-2025.4.0-linux-x64/python_files/deactivate/fish/envVars.txt
2025-04-06 15:57:16.511 [info] Discover tests for workspace name: FastAPI-ToDoList - uri: /home/shiy/Desktop/Projects/portifolio/FastAPI-template/FastAPI-ToDoList/fastapi_todolist/app.py
2025-04-06 16:07:33.526 [info] Running installed packages checker:  {
  id: '/home/shiy/.cache/pypoetry/virtualenvs/fastapi-todolist-R83S90s3-py3.12/bin/python',
  sysPrefix: '/home/shiy/.cache/pypoetry/virtualenvs/fastapi-todolist-R83S90s3-py3.12',
  envType: 'Poetry',
  envName: 'fastapi-todolist-R83S90s3-py3.12',
  envPath: '/home/shiy/.cache/pypoetry/virtualenvs/fastapi-todolist-R83S90s3-py3.12',
  path: '/home/shiy/.cache/pypoetry/virtualenvs/fastapi-todolist-R83S90s3-py3.12/bin/python',
  architecture: 3,
  sysVersion: '3.12.3 (main, Apr 15 2024, 18:25:56) [Clang 17.0.6 ]',
  version: {
    raw: '3.12.3',
    major: 3,
    minor: 12,
    patch: 3,
    build: [],
    prerelease: [ 'final', '0' ]
  },
  displayName: "Python 3.12.3 ('fastapi-todolist-R83S90s3-py3.12')",
  detailedDisplayName: "Python 3.12.3 ('fastapi-todolist-R83S90s3-py3.12': Poetry)",
  type: 'Virtual'
} /home/shiy/.vscode/extensions/ms-python.python-2025.4.0-linux-x64/python_files/installed_check.py /home/shiy/Desktop/Projects/portifolio/FastAPI-template/FastAPI-ToDoList/pyproject.toml
2025-04-06 16:07:33.526 [info] > ~/.cache/pypoetry/virtualenvs/fastapi-todolist-R83S90s3-py3.12/bin/python ~/.vscode/extensions/ms-python.python-2025.4.0-linux-x64/python_files/installed_check.py ./pyproject.toml
