2025-04-06 15:40:34.405 [info] Reading sessions from keychain...
2025-04-06 15:40:34.405 [info] Getting sessions for all scopes...
2025-04-06 15:40:34.405 [info] Getting sessions for all scopes...
2025-04-06 15:40:34.405 [info] Getting sessions for all scopes...
2025-04-06 15:40:34.405 [info] Getting sessions for all scopes...
2025-04-06 15:40:34.405 [info] Getting sessions for all scopes...
2025-04-06 15:40:34.405 [info] Getting sessions for all scopes...
2025-04-06 15:40:34.405 [info] Getting sessions for all scopes...
2025-04-06 15:40:34.405 [info] Getting sessions for all scopes...
2025-04-06 15:40:34.405 [info] Got stored sessions!
2025-04-06 15:40:34.405 [info] Got 1 verified sessions.
2025-04-06 15:40:34.405 [info] Got 1 sessions for ...
2025-04-06 15:40:34.405 [info] Got 1 sessions for ...
2025-04-06 15:40:34.405 [info] Got 1 sessions for ...
2025-04-06 15:40:34.405 [info] Got 1 sessions for ...
2025-04-06 15:40:34.405 [info] Got 1 sessions for ...
2025-04-06 15:40:34.405 [info] Got 1 sessions for ...
2025-04-06 15:40:34.405 [info] Got 1 sessions for ...
2025-04-06 15:40:34.405 [info] Got 1 sessions for ...
2025-04-06 15:40:43.606 [info] Getting sessions for read:user,repo,user:email,workflow...
2025-04-06 15:40:43.606 [info] Got 0 sessions for read:user,repo,user:email,workflow...
2025-04-06 15:40:43.606 [info] Getting sessions for all scopes...
2025-04-06 15:40:43.606 [info] Got 1 sessions for ...
2025-04-06 15:40:43.606 [info] Getting sessions for all scopes...
2025-04-06 15:40:43.606 [info] Got 1 sessions for ...
2025-04-06 15:40:43.677 [info] Getting sessions for read:user...
2025-04-06 15:40:43.677 [info] Got 0 sessions for read:user...
2025-04-06 15:40:43.677 [info] Getting sessions for read:user,repo,user:email,workflow...
2025-04-06 15:40:43.677 [info] Got 0 sessions for read:user,repo,user:email,workflow...
2025-04-06 15:40:43.679 [info] Getting sessions for user:email...
2025-04-06 15:40:43.679 [info] Got 1 sessions for user:email...
2025-04-06 15:40:43.679 [info] Getting sessions for user:email...
2025-04-06 15:40:43.679 [info] Got 1 sessions for user:email...
2025-04-06 15:40:43.679 [info] Getting sessions for read:user,repo,user:email,workflow...
2025-04-06 15:40:43.679 [info] Got 0 sessions for read:user,repo,user:email,workflow...
2025-04-06 15:40:43.776 [info] Getting sessions for all scopes...
2025-04-06 15:40:43.776 [info] Got 1 sessions for ...
2025-04-06 15:40:43.779 [info] Getting sessions for read:user,repo,user:email,workflow...
2025-04-06 15:40:43.779 [info] Got 0 sessions for read:user,repo,user:email,workflow...
2025-04-06 15:40:43.782 [info] Getting sessions for user:email...
2025-04-06 15:40:43.782 [info] Got 1 sessions for user:email...
2025-04-06 15:40:43.783 [info] Getting sessions for all scopes...
2025-04-06 15:40:43.783 [info] Got 1 sessions for ...
2025-04-06 15:40:43.784 [info] Getting sessions for read:user,repo,user:email,workflow...
2025-04-06 15:40:43.784 [info] Got 0 sessions for read:user,repo,user:email,workflow...
2025-04-06 15:40:43.785 [info] Getting sessions for user:email...
2025-04-06 15:40:43.785 [info] Got 1 sessions for user:email...
2025-04-06 15:40:44.204 [info] Getting sessions for all scopes...
2025-04-06 15:40:44.204 [info] Got 1 sessions for ...
2025-04-06 15:40:44.247 [info] Getting sessions for read:user,repo,user:email,workflow...
2025-04-06 15:40:44.247 [info] Got 0 sessions for read:user,repo,user:email,workflow...
2025-04-06 15:40:44.248 [info] Getting sessions for user:email...
2025-04-06 15:40:44.248 [info] Got 1 sessions for user:email...
2025-04-06 15:40:44.417 [info] Getting sessions for all scopes...
2025-04-06 15:40:44.417 [info] Got 1 sessions for ...
2025-04-06 15:40:44.417 [info] Getting sessions for all scopes...
2025-04-06 15:40:44.417 [info] Got 1 sessions for ...
2025-04-06 15:40:44.417 [info] Getting sessions for read:user,repo,user:email,workflow...
2025-04-06 15:40:44.417 [info] Got 0 sessions for read:user,repo,user:email,workflow...
2025-04-06 15:40:44.418 [info] Getting sessions for user:email...
2025-04-06 15:40:44.418 [info] Got 1 sessions for user:email...
2025-04-06 15:40:44.418 [info] Getting sessions for read:user,repo,user:email,workflow...
2025-04-06 15:40:44.418 [info] Got 0 sessions for read:user,repo,user:email,workflow...
2025-04-06 15:40:44.420 [info] Getting sessions for all scopes...
2025-04-06 15:40:44.420 [info] Got 1 sessions for ...
2025-04-06 15:40:44.421 [info] Getting sessions for read:user,repo,user:email,workflow...
2025-04-06 15:40:44.421 [info] Got 0 sessions for read:user,repo,user:email,workflow...
2025-04-06 15:40:44.421 [info] Getting sessions for user:email...
2025-04-06 15:40:44.422 [info] Got 1 sessions for user:email...
2025-04-06 15:40:44.494 [info] Getting sessions for all scopes...
2025-04-06 15:40:44.494 [info] Got 1 sessions for ...
2025-04-06 15:40:44.494 [info] Getting sessions for all scopes...
2025-04-06 15:40:44.494 [info] Got 1 sessions for ...
2025-04-06 15:40:44.495 [info] Getting sessions for read:user,repo,user:email,workflow...
2025-04-06 15:40:44.495 [info] Got 0 sessions for read:user,repo,user:email,workflow...
2025-04-06 15:40:44.496 [info] Getting sessions for user:email...
2025-04-06 15:40:44.496 [info] Got 1 sessions for user:email...
2025-04-06 15:40:44.496 [info] Getting sessions for read:user,repo,user:email,workflow...
2025-04-06 15:40:44.496 [info] Got 0 sessions for read:user,repo,user:email,workflow...
2025-04-06 15:40:44.499 [info] Getting sessions for all scopes...
2025-04-06 15:40:44.499 [info] Got 1 sessions for ...
2025-04-06 15:40:44.499 [info] Getting sessions for read:user,repo,user:email,workflow...
2025-04-06 15:40:44.499 [info] Got 0 sessions for read:user,repo,user:email,workflow...
2025-04-06 15:40:44.499 [info] Getting sessions for user:email...
2025-04-06 15:40:44.499 [info] Got 1 sessions for user:email...
2025-04-06 15:40:46.789 [info] Getting sessions for all scopes...
2025-04-06 15:40:46.789 [info] Got 1 sessions for ...
2025-04-06 15:40:46.789 [info] Getting sessions for read:user,repo,user:email,workflow...
2025-04-06 15:40:46.789 [info] Got 0 sessions for read:user,repo,user:email,workflow...
2025-04-06 15:40:46.790 [info] Getting sessions for user:email...
2025-04-06 15:40:46.790 [info] Got 1 sessions for user:email...
2025-04-06 15:42:56.275 [info] Reading sessions from keychain...
2025-04-06 15:42:56.275 [info] Getting sessions for all scopes...
2025-04-06 15:42:56.275 [info] Getting sessions for all scopes...
2025-04-06 15:42:56.275 [info] Getting sessions for all scopes...
2025-04-06 15:42:56.275 [info] Getting sessions for all scopes...
2025-04-06 15:42:56.275 [info] Getting sessions for all scopes...
2025-04-06 15:42:56.275 [info] Getting sessions for all scopes...
2025-04-06 15:42:56.275 [info] Getting sessions for all scopes...
2025-04-06 15:42:56.275 [info] Getting sessions for all scopes...
2025-04-06 15:42:56.275 [info] Got stored sessions!
2025-04-06 15:42:56.275 [info] Got 1 verified sessions.
2025-04-06 15:42:56.275 [info] Got 1 sessions for ...
2025-04-06 15:42:56.275 [info] Got 1 sessions for ...
2025-04-06 15:42:56.275 [info] Got 1 sessions for ...
2025-04-06 15:42:56.275 [info] Got 1 sessions for ...
2025-04-06 15:42:56.275 [info] Got 1 sessions for ...
2025-04-06 15:42:56.275 [info] Got 1 sessions for ...
2025-04-06 15:42:56.275 [info] Got 1 sessions for ...
2025-04-06 15:42:56.275 [info] Got 1 sessions for ...
2025-04-06 15:42:58.206 [info] Getting sessions for all scopes...
2025-04-06 15:42:58.206 [info] Got 1 sessions for ...
2025-04-06 15:42:59.386 [info] Getting sessions for read:user,repo,user:email,workflow...
2025-04-06 15:42:59.387 [info] Got 0 sessions for read:user,repo,user:email,workflow...
2025-04-06 15:42:59.387 [info] Getting sessions for all scopes...
2025-04-06 15:42:59.387 [info] Got 1 sessions for ...
2025-04-06 15:42:59.387 [info] Getting sessions for all scopes...
2025-04-06 15:42:59.387 [info] Got 1 sessions for ...
2025-04-06 15:42:59.485 [info] Getting sessions for read:user...
2025-04-06 15:42:59.485 [info] Got 0 sessions for read:user...
2025-04-06 15:42:59.485 [info] Getting sessions for read:user,repo,user:email,workflow...
2025-04-06 15:42:59.485 [info] Got 0 sessions for read:user,repo,user:email,workflow...
2025-04-06 15:42:59.492 [info] Getting sessions for user:email...
2025-04-06 15:42:59.492 [info] Got 1 sessions for user:email...
2025-04-06 15:42:59.492 [info] Getting sessions for user:email...
2025-04-06 15:42:59.492 [info] Got 1 sessions for user:email...
2025-04-06 15:42:59.492 [info] Getting sessions for read:user,repo,user:email,workflow...
2025-04-06 15:42:59.492 [info] Got 0 sessions for read:user,repo,user:email,workflow...
2025-04-06 15:42:59.495 [info] Getting sessions for all scopes...
2025-04-06 15:42:59.495 [info] Got 1 sessions for ...
2025-04-06 15:42:59.561 [info] Getting sessions for read:user,repo,user:email,workflow...
2025-04-06 15:42:59.561 [info] Got 0 sessions for read:user,repo,user:email,workflow...
2025-04-06 15:42:59.906 [info] Getting sessions for user:email...
2025-04-06 15:42:59.906 [info] Got 1 sessions for user:email...
2025-04-06 15:42:59.911 [info] Getting sessions for read:user,repo,user:email,workflow...
2025-04-06 15:42:59.911 [info] Got 0 sessions for read:user,repo,user:email,workflow...
2025-04-06 15:43:00.034 [info] Getting sessions for all scopes...
2025-04-06 15:43:00.034 [info] Got 1 sessions for ...
2025-04-06 15:43:00.137 [info] Getting sessions for read:user,repo,user:email,workflow...
2025-04-06 15:43:00.138 [info] Got 0 sessions for read:user,repo,user:email,workflow...
2025-04-06 15:43:00.205 [info] Getting sessions for user:email...
2025-04-06 15:43:00.205 [info] Got 1 sessions for user:email...
2025-04-06 15:43:00.269 [info] Getting sessions for all scopes...
2025-04-06 15:43:00.269 [info] Got 1 sessions for ...
2025-04-06 15:43:00.715 [info] Getting sessions for read:user,repo,user:email,workflow...
2025-04-06 15:43:00.715 [info] Got 0 sessions for read:user,repo,user:email,workflow...
2025-04-06 15:43:00.727 [info] Getting sessions for read:user,repo,user:email,workflow...
2025-04-06 15:43:00.727 [info] Got 0 sessions for read:user,repo,user:email,workflow...
2025-04-06 15:43:00.728 [info] Getting sessions for all scopes...
2025-04-06 15:43:00.728 [info] Got 1 sessions for ...
2025-04-06 15:43:00.729 [info] Getting sessions for read:user,repo,user:email,workflow...
2025-04-06 15:43:00.729 [info] Got 0 sessions for read:user,repo,user:email,workflow...
2025-04-06 15:43:00.730 [info] Getting sessions for user:email...
2025-04-06 15:43:00.730 [info] Got 1 sessions for user:email...
2025-04-06 15:43:00.936 [info] Getting sessions for all scopes...
2025-04-06 15:43:00.936 [info] Got 1 sessions for ...
2025-04-06 15:43:00.936 [info] Getting sessions for all scopes...
2025-04-06 15:43:00.936 [info] Got 1 sessions for ...
2025-04-06 15:43:00.944 [info] Getting sessions for read:user,repo,user:email,workflow...
2025-04-06 15:43:00.944 [info] Got 0 sessions for read:user,repo,user:email,workflow...
2025-04-06 15:43:00.944 [info] Getting sessions for user:email...
2025-04-06 15:43:00.944 [info] Got 1 sessions for user:email...
2025-04-06 15:43:00.944 [info] Getting sessions for read:user,repo,user:email,workflow...
2025-04-06 15:43:00.944 [info] Got 0 sessions for read:user,repo,user:email,workflow...
2025-04-06 15:43:00.947 [info] Getting sessions for all scopes...
2025-04-06 15:43:00.947 [info] Got 1 sessions for ...
2025-04-06 15:43:00.948 [info] Getting sessions for read:user,repo,user:email,workflow...
2025-04-06 15:43:00.948 [info] Got 0 sessions for read:user,repo,user:email,workflow...
2025-04-06 15:43:00.948 [info] Getting sessions for user:email...
2025-04-06 15:43:00.948 [info] Got 1 sessions for user:email...
2025-04-06 15:43:00.998 [info] Getting sessions for all scopes...
2025-04-06 15:43:00.998 [info] Got 1 sessions for ...
2025-04-06 15:43:00.998 [info] Getting sessions for all scopes...
2025-04-06 15:43:00.998 [info] Got 1 sessions for ...
2025-04-06 15:43:00.999 [info] Getting sessions for read:user,repo,user:email,workflow...
2025-04-06 15:43:00.999 [info] Got 0 sessions for read:user,repo,user:email,workflow...
2025-04-06 15:43:01.001 [info] Getting sessions for user:email...
2025-04-06 15:43:01.001 [info] Got 1 sessions for user:email...
2025-04-06 15:43:01.001 [info] Getting sessions for read:user,repo,user:email,workflow...
2025-04-06 15:43:01.001 [info] Got 0 sessions for read:user,repo,user:email,workflow...
2025-04-06 15:43:01.004 [info] Getting sessions for all scopes...
2025-04-06 15:43:01.004 [info] Got 1 sessions for ...
2025-04-06 15:43:01.004 [info] Getting sessions for read:user,repo,user:email,workflow...
2025-04-06 15:43:01.004 [info] Got 0 sessions for read:user,repo,user:email,workflow...
2025-04-06 15:43:01.005 [info] Getting sessions for user:email...
2025-04-06 15:43:01.005 [info] Got 1 sessions for user:email...
2025-04-06 15:43:02.109 [info] Getting sessions for all scopes...
2025-04-06 15:43:02.109 [info] Got 1 sessions for ...
2025-04-06 15:43:02.109 [info] Getting sessions for read:user,repo,user:email,workflow...
2025-04-06 15:43:02.109 [info] Got 0 sessions for read:user,repo,user:email,workflow...
2025-04-06 15:43:02.109 [info] Getting sessions for user:email...
2025-04-06 15:43:02.109 [info] Got 1 sessions for user:email...
2025-04-06 15:44:01.043 [info] Getting sessions for all scopes...
2025-04-06 15:44:01.043 [info] Got 1 sessions for ...
2025-04-06 15:44:01.044 [info] Getting sessions for read:user,repo,user:email,workflow...
2025-04-06 15:44:01.044 [info] Got 0 sessions for read:user,repo,user:email,workflow...
2025-04-06 15:44:01.045 [info] Getting sessions for user:email...
2025-04-06 15:44:01.045 [info] Got 1 sessions for user:email...
2025-04-06 15:47:09.242 [info] Getting sessions for all scopes...
2025-04-06 15:47:09.243 [info] Got 1 sessions for ...
2025-04-06 15:47:09.244 [info] Getting sessions for read:user,repo,user:email,workflow...
2025-04-06 15:47:09.244 [info] Got 0 sessions for read:user,repo,user:email,workflow...
2025-04-06 15:47:09.244 [info] Getting sessions for user:email...
2025-04-06 15:47:09.244 [info] Got 1 sessions for user:email...
2025-04-06 15:48:00.591 [info] Getting sessions for all scopes...
2025-04-06 15:48:00.591 [info] Got 1 sessions for ...
2025-04-06 15:48:00.592 [info] Getting sessions for read:user,repo,user:email,workflow...
2025-04-06 15:48:00.592 [info] Got 0 sessions for read:user,repo,user:email,workflow...
2025-04-06 15:48:00.593 [info] Getting sessions for user:email...
2025-04-06 15:48:00.593 [info] Got 1 sessions for user:email...
2025-04-06 15:49:15.176 [info] Getting sessions for all scopes...
2025-04-06 15:49:15.177 [info] Got 1 sessions for ...
2025-04-06 15:49:15.177 [info] Getting sessions for read:user,repo,user:email,workflow...
2025-04-06 15:49:15.177 [info] Got 0 sessions for read:user,repo,user:email,workflow...
2025-04-06 15:49:15.178 [info] Getting sessions for user:email...
2025-04-06 15:49:15.178 [info] Got 1 sessions for user:email...
2025-04-06 15:53:21.060 [info] Getting sessions for all scopes...
2025-04-06 15:53:21.060 [info] Got 1 sessions for ...
2025-04-06 15:53:21.061 [info] Getting sessions for read:user,repo,user:email,workflow...
2025-04-06 15:53:21.061 [info] Got 0 sessions for read:user,repo,user:email,workflow...
2025-04-06 15:53:21.062 [info] Getting sessions for user:email...
2025-04-06 15:53:21.062 [info] Got 1 sessions for user:email...
2025-04-06 15:55:58.436 [info] Getting sessions for all scopes...
2025-04-06 15:55:58.436 [info] Got 1 sessions for ...
2025-04-06 15:55:58.437 [info] Getting sessions for read:user,repo,user:email,workflow...
2025-04-06 15:55:58.437 [info] Got 0 sessions for read:user,repo,user:email,workflow...
2025-04-06 15:55:58.438 [info] Getting sessions for user:email...
2025-04-06 15:55:58.438 [info] Got 1 sessions for user:email...
2025-04-06 15:57:27.503 [info] Getting sessions for all scopes...
2025-04-06 15:57:27.503 [info] Got 1 sessions for ...
2025-04-06 15:57:27.503 [info] Getting sessions for read:user,repo,user:email,workflow...
2025-04-06 15:57:27.503 [info] Got 0 sessions for read:user,repo,user:email,workflow...
2025-04-06 15:57:27.503 [info] Getting sessions for user:email...
2025-04-06 15:57:27.503 [info] Got 1 sessions for user:email...
2025-04-06 15:58:02.112 [info] Getting sessions for all scopes...
2025-04-06 15:58:02.112 [info] Got 1 sessions for ...
2025-04-06 15:58:02.114 [info] Getting sessions for read:user,repo,user:email,workflow...
2025-04-06 15:58:02.114 [info] Got 0 sessions for read:user,repo,user:email,workflow...
2025-04-06 15:58:02.115 [info] Getting sessions for user:email...
2025-04-06 15:58:02.115 [info] Got 1 sessions for user:email...
2025-04-06 15:58:02.116 [info] Getting sessions for all scopes...
2025-04-06 15:58:02.116 [info] Got 1 sessions for ...
2025-04-06 15:58:02.117 [info] Getting sessions for read:user,repo,user:email,workflow...
2025-04-06 15:58:02.117 [info] Got 0 sessions for read:user,repo,user:email,workflow...
2025-04-06 15:58:02.118 [info] Getting sessions for user:email...
2025-04-06 15:58:02.118 [info] Got 1 sessions for user:email...
2025-04-06 15:58:16.290 [info] Getting sessions for all scopes...
2025-04-06 15:58:16.290 [info] Got 1 sessions for ...
2025-04-06 15:58:16.291 [info] Getting sessions for read:user,repo,user:email,workflow...
2025-04-06 15:58:16.291 [info] Got 0 sessions for read:user,repo,user:email,workflow...
2025-04-06 15:58:16.292 [info] Getting sessions for user:email...
2025-04-06 15:58:16.292 [info] Got 1 sessions for user:email...
2025-04-06 16:05:14.096 [info] Getting sessions for all scopes...
2025-04-06 16:05:14.096 [info] Got 1 sessions for ...
2025-04-06 16:05:14.097 [info] Getting sessions for read:user,repo,user:email,workflow...
2025-04-06 16:05:14.097 [info] Got 0 sessions for read:user,repo,user:email,workflow...
2025-04-06 16:05:14.098 [info] Getting sessions for user:email...
2025-04-06 16:05:14.098 [info] Got 1 sessions for user:email...
2025-04-06 16:06:19.843 [info] Getting sessions for all scopes...
2025-04-06 16:06:19.843 [info] Got 1 sessions for ...
2025-04-06 16:06:19.844 [info] Getting sessions for read:user,repo,user:email,workflow...
2025-04-06 16:06:19.844 [info] Got 0 sessions for read:user,repo,user:email,workflow...
2025-04-06 16:06:19.845 [info] Getting sessions for user:email...
2025-04-06 16:06:19.845 [info] Got 1 sessions for user:email...
2025-04-06 16:08:47.209 [info] Getting sessions for all scopes...
2025-04-06 16:08:47.209 [info] Got 1 sessions for ...
2025-04-06 16:08:47.210 [info] Getting sessions for read:user,repo,user:email,workflow...
2025-04-06 16:08:47.210 [info] Got 0 sessions for read:user,repo,user:email,workflow...
2025-04-06 16:08:47.211 [info] Getting sessions for user:email...
2025-04-06 16:08:47.211 [info] Got 1 sessions for user:email...
2025-04-06 16:12:01.147 [info] Getting sessions for read:user,repo,user:email,workflow...
2025-04-06 16:12:01.147 [info] Got 0 sessions for read:user,repo,user:email,workflow...
2025-04-06 16:12:01.148 [info] Getting sessions for read:user...
2025-04-06 16:12:01.148 [info] Got 0 sessions for read:user...
2025-04-06 16:12:01.149 [info] Getting sessions for user:email...
2025-04-06 16:12:01.149 [info] Got 1 sessions for user:email...
2025-04-06 16:13:02.959 [info] Getting sessions for all scopes...
2025-04-06 16:13:02.959 [info] Got 1 sessions for ...
2025-04-06 16:13:02.959 [info] Getting sessions for read:user,repo,user:email,workflow...
2025-04-06 16:13:02.959 [info] Got 0 sessions for read:user,repo,user:email,workflow...
2025-04-06 16:13:02.960 [info] Getting sessions for user:email...
2025-04-06 16:13:02.960 [info] Got 1 sessions for user:email...
2025-04-06 16:13:02.960 [info] Getting sessions for all scopes...
2025-04-06 16:13:02.960 [info] Got 1 sessions for ...
2025-04-06 16:13:02.961 [info] Getting sessions for read:user,repo,user:email,workflow...
2025-04-06 16:13:02.961 [info] Got 0 sessions for read:user,repo,user:email,workflow...
2025-04-06 16:13:02.961 [info] Getting sessions for user:email...
2025-04-06 16:13:02.961 [info] Got 1 sessions for user:email...
2025-04-06 16:13:03.711 [info] Getting sessions for all scopes...
2025-04-06 16:13:03.711 [info] Got 1 sessions for ...
2025-04-06 16:13:03.711 [info] Getting sessions for all scopes...
2025-04-06 16:13:03.711 [info] Got 1 sessions for ...
2025-04-06 16:13:03.711 [info] Getting sessions for read:user,repo,user:email,workflow...
2025-04-06 16:13:03.711 [info] Got 0 sessions for read:user,repo,user:email,workflow...
2025-04-06 16:13:03.712 [info] Getting sessions for user:email...
2025-04-06 16:13:03.712 [info] Got 1 sessions for user:email...
2025-04-06 16:13:03.712 [info] Getting sessions for read:user,repo,user:email,workflow...
2025-04-06 16:13:03.712 [info] Got 0 sessions for read:user,repo,user:email,workflow...
2025-04-06 16:13:03.713 [info] Getting sessions for all scopes...
2025-04-06 16:13:03.713 [info] Got 1 sessions for ...
2025-04-06 16:13:03.714 [info] Getting sessions for read:user,repo,user:email,workflow...
2025-04-06 16:13:03.714 [info] Got 0 sessions for read:user,repo,user:email,workflow...
2025-04-06 16:13:03.714 [info] Getting sessions for user:email...
2025-04-06 16:13:03.714 [info] Got 1 sessions for user:email...
2025-04-06 16:13:03.715 [info] Getting sessions for all scopes...
2025-04-06 16:13:03.715 [info] Got 1 sessions for ...
2025-04-06 16:13:03.715 [info] Getting sessions for all scopes...
2025-04-06 16:13:03.715 [info] Got 1 sessions for ...
2025-04-06 16:13:03.716 [info] Getting sessions for read:user,repo,user:email,workflow...
2025-04-06 16:13:03.716 [info] Got 0 sessions for read:user,repo,user:email,workflow...
2025-04-06 16:13:03.716 [info] Getting sessions for user:email...
2025-04-06 16:13:03.716 [info] Got 1 sessions for user:email...
2025-04-06 16:13:03.716 [info] Getting sessions for read:user,repo,user:email,workflow...
2025-04-06 16:13:03.716 [info] Got 0 sessions for read:user,repo,user:email,workflow...
2025-04-06 16:13:03.718 [info] Getting sessions for all scopes...
2025-04-06 16:13:03.718 [info] Got 1 sessions for ...
2025-04-06 16:13:03.718 [info] Getting sessions for read:user,repo,user:email,workflow...
2025-04-06 16:13:03.718 [info] Got 0 sessions for read:user,repo,user:email,workflow...
2025-04-06 16:13:03.718 [info] Getting sessions for user:email...
2025-04-06 16:13:03.718 [info] Got 1 sessions for user:email...
2025-04-06 16:13:04.310 [info] Getting sessions for all scopes...
2025-04-06 16:13:04.310 [info] Got 1 sessions for ...
2025-04-06 16:13:04.310 [info] Getting sessions for read:user,repo,user:email,workflow...
2025-04-06 16:13:04.310 [info] Got 0 sessions for read:user,repo,user:email,workflow...
2025-04-06 16:13:04.311 [info] Getting sessions for user:email...
2025-04-06 16:13:04.311 [info] Got 1 sessions for user:email...
