2025-04-05 17:12:57.553 [info] Reading sessions from keychain...
2025-04-05 17:12:57.553 [info] Getting sessions for all scopes...
2025-04-05 17:12:57.553 [info] Getting sessions for all scopes...
2025-04-05 17:12:57.553 [info] Getting sessions for all scopes...
2025-04-05 17:12:57.553 [info] Getting sessions for all scopes...
2025-04-05 17:12:57.592 [info] Getting sessions for all scopes...
2025-04-05 17:12:57.595 [info] Getting sessions for all scopes...
2025-04-05 17:12:57.595 [info] Getting sessions for all scopes...
2025-04-05 17:12:57.595 [info] Getting sessions for all scopes...
2025-04-05 17:12:57.596 [info] Getting sessions for all scopes...
2025-04-05 17:12:57.906 [info] Got 0 sessions for ...
2025-04-05 17:12:57.906 [info] Got 0 sessions for ...
2025-04-05 17:12:57.906 [info] Got 0 sessions for ...
2025-04-05 17:12:57.906 [info] Got 0 sessions for ...
2025-04-05 17:12:57.906 [info] Got 0 sessions for ...
2025-04-05 17:12:57.906 [info] Got 0 sessions for ...
2025-04-05 17:12:57.906 [info] Got 0 sessions for ...
2025-04-05 17:12:57.906 [info] Got 0 sessions for ...
2025-04-05 17:12:57.906 [info] Got 0 sessions for ...
2025-04-05 17:12:59.399 [info] Getting sessions for all scopes...
2025-04-05 17:12:59.399 [info] Got 0 sessions for ...
2025-04-05 17:13:23.640 [info] Getting sessions for read:user,repo,user:email,workflow...
2025-04-05 17:13:23.640 [info] Got 0 sessions for read:user,repo,user:email,workflow...
2025-04-05 17:13:23.655 [info] Getting sessions for all scopes...
2025-04-05 17:13:23.655 [info] Got 0 sessions for ...
2025-04-05 17:13:23.655 [info] Getting sessions for all scopes...
2025-04-05 17:13:23.655 [info] Got 0 sessions for ...
2025-04-05 17:13:23.671 [info] Getting sessions for read:user...
2025-04-05 17:13:23.671 [info] Got 0 sessions for read:user...
2025-04-05 17:13:23.671 [info] Getting sessions for user:email...
2025-04-05 17:13:23.671 [info] Got 0 sessions for user:email...
2025-04-05 17:13:23.671 [info] Getting sessions for read:user,repo,user:email,workflow...
2025-04-05 17:13:23.671 [info] Got 0 sessions for read:user,repo,user:email,workflow...
2025-04-05 17:13:23.672 [info] Getting sessions for user:email...
2025-04-05 17:13:23.672 [info] Got 0 sessions for user:email...
2025-04-05 17:13:23.672 [info] Getting sessions for all scopes...
2025-04-05 17:13:23.672 [info] Got 0 sessions for ...
2025-04-05 17:13:23.679 [info] Getting sessions for user:email...
2025-04-05 17:13:23.679 [info] Got 0 sessions for user:email...
2025-04-05 17:13:23.736 [info] Getting sessions for all scopes...
2025-04-05 17:13:23.736 [info] Got 0 sessions for ...
2025-04-05 17:13:23.736 [info] Getting sessions for user:email...
2025-04-05 17:13:23.736 [info] Got 0 sessions for user:email...
2025-04-05 17:13:24.083 [info] Getting sessions for all scopes...
2025-04-05 17:13:24.083 [info] Got 0 sessions for ...
2025-04-05 17:13:24.085 [info] Getting sessions for user:email...
2025-04-05 17:13:24.085 [info] Got 0 sessions for user:email...
2025-04-05 17:13:24.201 [info] Getting sessions for all scopes...
2025-04-05 17:13:24.201 [info] Got 0 sessions for ...
2025-04-05 17:13:24.220 [info] Getting sessions for user:email...
2025-04-05 17:13:24.220 [info] Got 0 sessions for user:email...
2025-04-05 17:14:28.117 [info] Getting sessions for read:user,repo,user:email,workflow...
2025-04-05 17:14:28.117 [info] Got 0 sessions for read:user,repo,user:email,workflow...
2025-04-05 17:14:28.118 [info] Getting sessions for read:user...
2025-04-05 17:14:28.118 [info] Got 0 sessions for read:user...
2025-04-05 17:14:28.119 [info] Getting sessions for user:email...
2025-04-05 17:14:28.119 [info] Got 0 sessions for user:email...
2025-04-05 17:14:28.715 [info] Getting sessions for read:user,repo,user:email,workflow...
2025-04-05 17:14:28.715 [info] Got 0 sessions for read:user,repo,user:email,workflow...
2025-04-05 17:14:28.717 [info] Getting sessions for read:user...
2025-04-05 17:14:28.717 [info] Got 0 sessions for read:user...
2025-04-05 17:14:28.717 [info] Getting sessions for user:email...
2025-04-05 17:14:28.717 [info] Got 0 sessions for user:email...
2025-04-05 17:14:39.656 [info] Getting sessions for read:user,repo,user:email,workflow...
2025-04-05 17:14:39.656 [info] Got 0 sessions for read:user,repo,user:email,workflow...
2025-04-05 17:14:39.657 [info] Getting sessions for read:user...
2025-04-05 17:14:39.657 [info] Got 0 sessions for read:user...
2025-04-05 17:14:39.658 [info] Getting sessions for user:email...
2025-04-05 17:14:39.658 [info] Got 0 sessions for user:email...
