2025-04-06 15:40:34.407 [info] [main] Log level: Info
2025-04-06 15:40:34.407 [info] [main] Validating found git in: "git"
2025-04-06 15:40:35.561 [info] [main] Using git "2.43.0" from "git"
2025-04-06 15:40:35.561 [info] [Model][doInitialScan] Initial repository scan started
2025-04-06 15:40:42.780 [info] > git rev-parse --show-toplevel [7208ms]
2025-04-06 15:40:42.780 [info] fatal: not a git repository (or any of the parent directories): .git
2025-04-06 15:40:43.605 [info] > git rev-parse --show-toplevel [345ms]
2025-04-06 15:40:43.605 [info] fatal: not a git repository (or any of the parent directories): .git
2025-04-06 15:40:43.672 [info] > git rev-parse --show-toplevel [9ms]
2025-04-06 15:40:43.672 [info] fatal: not a git repository (or any of the parent directories): .git
2025-04-06 15:40:43.675 [info] [Model][doInitialScan] Initial repository scan completed - repositories (0), closed repositories (0), parent repositories (0), unsafe repositories (0)
2025-04-06 15:42:59.323 [info] [main] Log level: Info
2025-04-06 15:42:59.323 [info] [main] Validating found git in: "git"
2025-04-06 15:42:59.323 [info] [main] Using git "2.43.0" from "git"
2025-04-06 15:42:59.323 [info] [Model][doInitialScan] Initial repository scan started
2025-04-06 15:42:59.323 [info] > git rev-parse --show-toplevel [4ms]
2025-04-06 15:42:59.361 [info] > git rev-parse --git-dir --git-common-dir [28ms]
2025-04-06 15:42:59.370 [info] [Model][openRepository] Opened repository: /home/shiy/Desktop/Projects/portifolio/FastAPI-template/FastAPI-ToDoList
2025-04-06 15:42:59.424 [info] > git rev-parse --show-toplevel [6ms]
2025-04-06 15:42:59.425 [info] > git config --get commit.template [19ms]
2025-04-06 15:42:59.471 [info] > git rev-parse --show-toplevel [16ms]
2025-04-06 15:42:59.488 [info] > git rev-parse --show-toplevel [5ms]
2025-04-06 15:42:59.490 [info] [Model][doInitialScan] Initial repository scan completed - repositories (1), closed repositories (0), parent repositories (0), unsafe repositories (0)
2025-04-06 15:42:59.558 [info] > git for-each-ref --format=%(refname)%00%(upstream:short)%00%(objectname)%00%(upstream:track)%00%(upstream:remotename)%00%(upstream:remoteref) refs/heads/main refs/remotes/main [88ms]
2025-04-06 15:42:59.588 [info] > git status -z -uall [15ms]
2025-04-06 15:42:59.589 [info] > git for-each-ref --sort -committerdate --format %(refname)%00%(objectname)%00%(*objectname) [2ms]
2025-04-06 15:42:59.624 [info] > git for-each-ref --format=%(refname)%00%(upstream:short)%00%(objectname)%00%(upstream:track)%00%(upstream:remotename)%00%(upstream:remoteref) refs/heads/main refs/remotes/main [19ms]
2025-04-06 15:42:59.891 [info] > git config --get --local branch.main.vscode-merge-base [255ms]
2025-04-06 15:42:59.891 [warning] [Git][config] git config failed: Failed to execute git
2025-04-06 15:42:59.904 [info] > git config --get commit.template [285ms]
2025-04-06 15:42:59.973 [info] > git check-ignore -v -z --stdin [26ms]
2025-04-06 15:42:59.974 [info] > git for-each-ref --format=%(refname)%00%(upstream:short)%00%(objectname)%00%(upstream:track)%00%(upstream:remotename)%00%(upstream:remoteref) refs/heads/main refs/remotes/main [39ms]
2025-04-06 15:43:00.014 [info] > git ls-files --stage -- fastapi_todolist/app.py [42ms]
2025-04-06 15:43:00.036 [info] > git cat-file -s c76a0dd8afa5b25691aafdb603f604847fdaa80e [6ms]
2025-04-06 15:43:00.069 [info] > git status -z -uall [13ms]
2025-04-06 15:43:00.077 [info] > git for-each-ref --sort -committerdate --format %(refname)%00%(objectname)%00%(*objectname) [10ms]
2025-04-06 15:43:00.106 [info] > git show --textconv :fastapi_todolist/app.py [147ms]
2025-04-06 15:43:00.107 [info] > git for-each-ref --format=%(refname)%00%(upstream:short)%00%(objectname)%00%(upstream:track)%00%(upstream:remotename)%00%(upstream:remoteref) refs/heads/main refs/remotes/main [15ms]
2025-04-06 15:43:00.122 [info] > git config --get --local branch.main.vscode-merge-base [2ms]
2025-04-06 15:43:00.122 [warning] [Git][config] git config failed: Failed to execute git
2025-04-06 15:43:00.136 [info] > git config --get commit.template [31ms]
2025-04-06 15:43:00.150 [info] > git for-each-ref --format=%(refname)%00%(upstream:short)%00%(objectname)%00%(upstream:track)%00%(upstream:remotename)%00%(upstream:remoteref) refs/heads/main refs/remotes/main [1ms]
2025-04-06 15:43:00.175 [info] > git status -z -uall [12ms]
2025-04-06 15:43:00.176 [info] > git for-each-ref --sort -committerdate --format %(refname)%00%(objectname)%00%(*objectname) [2ms]
2025-04-06 15:43:00.193 [info] > git for-each-ref --format=%(refname)%00%(upstream:short)%00%(objectname)%00%(upstream:track)%00%(upstream:remotename)%00%(upstream:remoteref) refs/heads/main refs/remotes/main [3ms]
2025-04-06 15:43:00.207 [info] > git config --get --local branch.main.vscode-merge-base [3ms]
2025-04-06 15:43:00.208 [warning] [Git][config] git config failed: Failed to execute git
2025-04-06 15:43:00.222 [info] > git reflog main --grep-reflog=branch: Created from *. [3ms]
2025-04-06 15:43:00.233 [info] > git reflog main --grep-reflog=branch: Created from *. [97ms]
2025-04-06 15:43:00.244 [info] > git reflog main --grep-reflog=branch: Created from *. [340ms]
2025-04-06 15:43:00.288 [info] > git symbolic-ref --short refs/remotes/origin/HEAD [32ms]
2025-04-06 15:43:00.288 [info] fatal: ref refs/remotes/origin/HEAD is not a symbolic ref
2025-04-06 15:43:00.288 [warning] [Repository][getDefaultBranch] Failed to get default branch details: Failed to execute git.
2025-04-06 15:43:00.300 [info] > git symbolic-ref --short refs/remotes/origin/HEAD [56ms]
2025-04-06 15:43:00.300 [info] fatal: ref refs/remotes/origin/HEAD is not a symbolic ref
2025-04-06 15:43:00.300 [warning] [Repository][getDefaultBranch] Failed to get default branch details: Failed to execute git.
2025-04-06 15:43:00.312 [info] > git symbolic-ref --short refs/remotes/origin/HEAD [79ms]
2025-04-06 15:43:00.312 [info] fatal: ref refs/remotes/origin/HEAD is not a symbolic ref
2025-04-06 15:43:00.312 [warning] [Repository][getDefaultBranch] Failed to get default branch details: Failed to execute git.
2025-04-06 15:43:00.329 [info] > git merge-base refs/heads/main refs/remotes/origin/main [5ms]
2025-04-06 15:43:00.341 [info] > git merge-base refs/heads/main refs/remotes/origin/main [29ms]
2025-04-06 15:43:00.354 [info] > git merge-base refs/heads/main refs/remotes/origin/main [54ms]
2025-04-06 15:43:00.379 [info] > git diff --name-status -z --diff-filter=ADMR dde64a2d87286c48d40bc8d0d9be42946f748614...refs/remotes/origin/main [12ms]
2025-04-06 15:43:00.379 [info] > git diff --name-status -z --diff-filter=ADMR dde64a2d87286c48d40bc8d0d9be42946f748614...refs/remotes/origin/main [25ms]
2025-04-06 15:43:00.379 [info] > git diff --name-status -z --diff-filter=ADMR dde64a2d87286c48d40bc8d0d9be42946f748614...refs/remotes/origin/main [38ms]
2025-04-06 15:43:00.713 [info] > git blame --root --incremental dde64a2d87286c48d40bc8d0d9be42946f748614 -- fastapi_todolist/app.py [430ms]
2025-04-06 15:43:01.040 [info] > git diff --name-status -z --diff-filter=ADMR @{upstream} [8ms]
2025-04-06 15:45:01.026 [info] > git diff --name-status -z --diff-filter=ADMR @{upstream} [1ms]
2025-04-06 15:45:11.922 [info] > git config --get commit.template [13ms]
2025-04-06 15:45:11.923 [info] > git for-each-ref --format=%(refname)%00%(upstream:short)%00%(objectname)%00%(upstream:track)%00%(upstream:remotename)%00%(upstream:remoteref) refs/heads/main refs/remotes/main [1ms]
2025-04-06 15:45:11.950 [info] > git status -z -uall [13ms]
2025-04-06 15:45:11.950 [info] > git for-each-ref --sort -committerdate --format %(refname)%00%(objectname)%00%(*objectname) [1ms]
2025-04-06 15:46:10.261 [info] > git config --get commit.template [12ms]
2025-04-06 15:46:10.262 [info] > git for-each-ref --format=%(refname)%00%(upstream:short)%00%(objectname)%00%(upstream:track)%00%(upstream:remotename)%00%(upstream:remoteref) refs/heads/main refs/remotes/main [1ms]
2025-04-06 15:46:10.287 [info] > git status -z -uall [12ms]
2025-04-06 15:46:10.288 [info] > git for-each-ref --sort -committerdate --format %(refname)%00%(objectname)%00%(*objectname) [1ms]
2025-04-06 15:46:29.380 [info] > git ls-files --stage -- poetry.lock [1ms]
2025-04-06 15:46:29.448 [info] > git cat-file -s 9696901417d2a99ce09c05fb49eec9ca8cafd9cb [56ms]
2025-04-06 15:46:29.449 [info] > git show --textconv :poetry.lock [82ms]
2025-04-06 15:46:33.888 [info] > git blame --root --incremental dde64a2d87286c48d40bc8d0d9be42946f748614 -- poetry.lock [1ms]
2025-04-06 15:47:00.464 [info] > git ls-files --stage -- README.md [1ms]
2025-04-06 15:47:00.501 [info] > git show --textconv :README.md [56ms]
2025-04-06 15:47:00.501 [info] > git cat-file -s 554e9c0bc41775b615cb1484ce7795c47cd61c20 [23ms]
2025-04-06 15:47:00.844 [info] > git show --textconv :poetry.lock [13ms]
2025-04-06 15:47:00.845 [info] > git ls-files --stage -- poetry.lock [1ms]
2025-04-06 15:47:00.859 [info] > git cat-file -s 9696901417d2a99ce09c05fb49eec9ca8cafd9cb [1ms]
2025-04-06 15:47:01.028 [info] > git diff --name-status -z --diff-filter=ADMR @{upstream} [1ms]
2025-04-06 15:47:17.026 [info] > git config --get commit.template [2ms]
2025-04-06 15:47:17.039 [info] > git for-each-ref --format=%(refname)%00%(upstream:short)%00%(objectname)%00%(upstream:track)%00%(upstream:remotename)%00%(upstream:remoteref) refs/heads/main refs/remotes/main [1ms]
2025-04-06 15:47:17.064 [info] > git status -z -uall [13ms]
2025-04-06 15:47:17.064 [info] > git for-each-ref --sort -committerdate --format %(refname)%00%(objectname)%00%(*objectname) [1ms]
2025-04-06 15:48:16.190 [info] > git config --get commit.template [11ms]
2025-04-06 15:48:16.192 [info] > git for-each-ref --format=%(refname)%00%(upstream:short)%00%(objectname)%00%(upstream:track)%00%(upstream:remotename)%00%(upstream:remoteref) refs/heads/main refs/remotes/main [2ms]
2025-04-06 15:48:16.214 [info] > git status -z -uall [11ms]
2025-04-06 15:48:16.214 [info] > git for-each-ref --sort -committerdate --format %(refname)%00%(objectname)%00%(*objectname) [1ms]
2025-04-06 15:49:01.031 [info] > git diff --name-status -z --diff-filter=ADMR @{upstream} [1ms]
2025-04-06 15:49:27.837 [info] > git config --get commit.template [0ms]
2025-04-06 15:49:27.849 [info] > git for-each-ref --format=%(refname)%00%(upstream:short)%00%(objectname)%00%(upstream:track)%00%(upstream:remotename)%00%(upstream:remoteref) refs/heads/main refs/remotes/main [0ms]
2025-04-06 15:49:27.872 [info] > git status -z -uall [11ms]
2025-04-06 15:49:27.873 [info] > git for-each-ref --sort -committerdate --format %(refname)%00%(objectname)%00%(*objectname) [1ms]
2025-04-06 15:49:41.212 [info] > git config --get commit.template [1ms]
2025-04-06 15:49:41.224 [info] > git for-each-ref --format=%(refname)%00%(upstream:short)%00%(objectname)%00%(upstream:track)%00%(upstream:remotename)%00%(upstream:remoteref) refs/heads/main refs/remotes/main [1ms]
2025-04-06 15:49:41.246 [info] > git status -z -uall [12ms]
2025-04-06 15:49:41.246 [info] > git for-each-ref --sort -committerdate --format %(refname)%00%(objectname)%00%(*objectname) [1ms]
2025-04-06 15:50:28.008 [info] > git show --textconv :fastapi_todolist/app.py [14ms]
2025-04-06 15:50:28.008 [info] > git ls-files --stage -- fastapi_todolist/app.py [1ms]
2025-04-06 15:50:28.022 [info] > git cat-file -s c76a0dd8afa5b25691aafdb603f604847fdaa80e [1ms]
2025-04-06 15:50:40.050 [info] > git config --get commit.template [12ms]
2025-04-06 15:50:40.051 [info] > git for-each-ref --format=%(refname)%00%(upstream:short)%00%(objectname)%00%(upstream:track)%00%(upstream:remotename)%00%(upstream:remoteref) refs/heads/main refs/remotes/main [1ms]
2025-04-06 15:50:40.076 [info] > git status -z -uall [12ms]
2025-04-06 15:50:40.078 [info] > git for-each-ref --sort -committerdate --format %(refname)%00%(objectname)%00%(*objectname) [2ms]
2025-04-06 15:50:57.556 [info] > git config --get commit.template [1ms]
2025-04-06 15:50:57.569 [info] > git for-each-ref --format=%(refname)%00%(upstream:short)%00%(objectname)%00%(upstream:track)%00%(upstream:remotename)%00%(upstream:remoteref) refs/heads/main refs/remotes/main [1ms]
2025-04-06 15:50:57.595 [info] > git status -z -uall [13ms]
2025-04-06 15:50:57.596 [info] > git for-each-ref --sort -committerdate --format %(refname)%00%(objectname)%00%(*objectname) [1ms]
2025-04-06 15:51:01.028 [info] > git diff --name-status -z --diff-filter=ADMR @{upstream} [1ms]
2025-04-06 15:51:10.528 [info] > git show --textconv :poetry.lock [13ms]
2025-04-06 15:51:10.529 [info] > git ls-files --stage -- poetry.lock [1ms]
2025-04-06 15:51:10.543 [info] > git cat-file -s 9696901417d2a99ce09c05fb49eec9ca8cafd9cb [1ms]
2025-04-06 15:51:10.684 [info] > git config --get commit.template [12ms]
2025-04-06 15:51:10.685 [info] > git for-each-ref --format=%(refname)%00%(upstream:short)%00%(objectname)%00%(upstream:track)%00%(upstream:remotename)%00%(upstream:remoteref) refs/heads/main refs/remotes/main [1ms]
2025-04-06 15:51:10.709 [info] > git status -z -uall [12ms]
2025-04-06 15:51:10.710 [info] > git for-each-ref --sort -committerdate --format %(refname)%00%(objectname)%00%(*objectname) [1ms]
2025-04-06 15:51:12.078 [info] > git show --textconv :pyproject.toml [13ms]
2025-04-06 15:51:12.078 [info] > git ls-files --stage -- pyproject.toml [1ms]
2025-04-06 15:51:12.091 [info] > git cat-file -s 0c4dbca80b4a5d1e74902b53d0715d54a8b79749 [1ms]
2025-04-06 15:51:20.359 [info] > git config --get commit.template [1ms]
2025-04-06 15:51:20.370 [info] > git for-each-ref --format=%(refname)%00%(upstream:short)%00%(objectname)%00%(upstream:track)%00%(upstream:remotename)%00%(upstream:remoteref) refs/heads/main refs/remotes/main [0ms]
2025-04-06 15:51:20.392 [info] > git status -z -uall [11ms]
2025-04-06 15:51:20.393 [info] > git for-each-ref --sort -committerdate --format %(refname)%00%(objectname)%00%(*objectname) [1ms]
2025-04-06 15:52:07.789 [info] > git config --get commit.template [1ms]
2025-04-06 15:52:07.803 [info] > git for-each-ref --format=%(refname)%00%(upstream:short)%00%(objectname)%00%(upstream:track)%00%(upstream:remotename)%00%(upstream:remoteref) refs/heads/main refs/remotes/main [1ms]
2025-04-06 15:52:07.830 [info] > git status -z -uall [14ms]
2025-04-06 15:52:07.831 [info] > git for-each-ref --sort -committerdate --format %(refname)%00%(objectname)%00%(*objectname) [1ms]
2025-04-06 15:52:14.237 [info] > git show --textconv :poetry.lock [15ms]
2025-04-06 15:52:14.238 [info] > git ls-files --stage -- poetry.lock [1ms]
2025-04-06 15:52:14.254 [info] > git cat-file -s 9696901417d2a99ce09c05fb49eec9ca8cafd9cb [0ms]
2025-04-06 15:52:22.055 [info] > git config --get commit.template [1ms]
2025-04-06 15:52:22.066 [info] > git for-each-ref --format=%(refname)%00%(upstream:short)%00%(objectname)%00%(upstream:track)%00%(upstream:remotename)%00%(upstream:remoteref) refs/heads/main refs/remotes/main [1ms]
2025-04-06 15:52:22.088 [info] > git status -z -uall [11ms]
2025-04-06 15:52:22.088 [info] > git for-each-ref --sort -committerdate --format %(refname)%00%(objectname)%00%(*objectname) [1ms]
2025-04-06 15:53:01.032 [info] > git diff --name-status -z --diff-filter=ADMR @{upstream} [1ms]
2025-04-06 15:54:46.768 [info] > git config --get commit.template [13ms]
2025-04-06 15:54:46.768 [info] > git for-each-ref --format=%(refname)%00%(upstream:short)%00%(objectname)%00%(upstream:track)%00%(upstream:remotename)%00%(upstream:remoteref) refs/heads/main refs/remotes/main [0ms]
2025-04-06 15:54:46.794 [info] > git status -z -uall [13ms]
2025-04-06 15:54:46.794 [info] > git for-each-ref --sort -committerdate --format %(refname)%00%(objectname)%00%(*objectname) [1ms]
2025-04-06 15:54:59.465 [info] > git config --get commit.template [15ms]
2025-04-06 15:54:59.465 [info] > git for-each-ref --format=%(refname)%00%(upstream:short)%00%(objectname)%00%(upstream:track)%00%(upstream:remotename)%00%(upstream:remoteref) refs/heads/main refs/remotes/main [1ms]
2025-04-06 15:54:59.494 [info] > git status -z -uall [15ms]
2025-04-06 15:54:59.494 [info] > git for-each-ref --sort -committerdate --format %(refname)%00%(objectname)%00%(*objectname) [1ms]
2025-04-06 15:55:01.032 [info] > git diff --name-status -z --diff-filter=ADMR @{upstream} [1ms]
2025-04-06 15:55:01.446 [info] > git show --textconv :fastapi_todolist/app.py [16ms]
2025-04-06 15:55:01.447 [info] > git ls-files --stage -- fastapi_todolist/app.py [2ms]
2025-04-06 15:55:01.463 [info] > git cat-file -s c76a0dd8afa5b25691aafdb603f604847fdaa80e [1ms]
2025-04-06 15:55:02.978 [info] > git show --textconv :poetry.lock [16ms]
2025-04-06 15:55:02.979 [info] > git ls-files --stage -- poetry.lock [2ms]
2025-04-06 15:55:02.994 [info] > git cat-file -s 9696901417d2a99ce09c05fb49eec9ca8cafd9cb [1ms]
2025-04-06 15:55:04.321 [info] > git check-ignore -v -z --stdin [0ms]
2025-04-06 15:55:06.915 [info] > git check-ignore -v -z --stdin [1ms]
2025-04-06 15:56:28.517 [info] > git config --get commit.template [2ms]
2025-04-06 15:56:28.531 [info] > git for-each-ref --format=%(refname)%00%(upstream:short)%00%(objectname)%00%(upstream:track)%00%(upstream:remotename)%00%(upstream:remoteref) refs/heads/main refs/remotes/main [1ms]
2025-04-06 15:56:28.558 [info] > git status -z -uall [14ms]
2025-04-06 15:56:28.559 [info] > git for-each-ref --sort -committerdate --format %(refname)%00%(objectname)%00%(*objectname) [1ms]
2025-04-06 15:56:36.930 [info] > git show --textconv :fastapi_todolist/app.py [14ms]
2025-04-06 15:56:36.931 [info] > git ls-files --stage -- fastapi_todolist/app.py [2ms]
2025-04-06 15:56:36.946 [info] > git cat-file -s c76a0dd8afa5b25691aafdb603f604847fdaa80e [1ms]
2025-04-06 15:56:40.955 [info] > git config --get commit.template [15ms]
2025-04-06 15:56:40.955 [info] > git for-each-ref --format=%(refname)%00%(upstream:short)%00%(objectname)%00%(upstream:track)%00%(upstream:remotename)%00%(upstream:remoteref) refs/heads/main refs/remotes/main [0ms]
2025-04-06 15:56:40.985 [info] > git status -z -uall [15ms]
2025-04-06 15:56:40.986 [info] > git for-each-ref --sort -committerdate --format %(refname)%00%(objectname)%00%(*objectname) [2ms]
2025-04-06 15:57:01.035 [info] > git diff --name-status -z --diff-filter=ADMR @{upstream} [1ms]
2025-04-06 15:57:17.308 [info] > git config --get commit.template [15ms]
2025-04-06 15:57:17.309 [info] > git for-each-ref --format=%(refname)%00%(upstream:short)%00%(objectname)%00%(upstream:track)%00%(upstream:remotename)%00%(upstream:remoteref) refs/heads/main refs/remotes/main [2ms]
2025-04-06 15:57:17.339 [info] > git status -z -uall [15ms]
2025-04-06 15:57:17.339 [info] > git for-each-ref --sort -committerdate --format %(refname)%00%(objectname)%00%(*objectname) [1ms]
2025-04-06 15:59:01.039 [info] > git diff --name-status -z --diff-filter=ADMR @{upstream} [1ms]
2025-04-06 16:01:01.036 [info] > git diff --name-status -z --diff-filter=ADMR @{upstream} [1ms]
2025-04-06 16:02:59.164 [info] > git config --get commit.template [14ms]
2025-04-06 16:02:59.164 [info] > git for-each-ref --format=%(refname)%00%(upstream:short)%00%(objectname)%00%(upstream:track)%00%(upstream:remotename)%00%(upstream:remoteref) refs/heads/main refs/remotes/main [1ms]
2025-04-06 16:02:59.190 [info] > git status -z -uall [13ms]
2025-04-06 16:02:59.191 [info] > git for-each-ref --sort -committerdate --format %(refname)%00%(objectname)%00%(*objectname) [1ms]
2025-04-06 16:03:01.039 [info] > git diff --name-status -z --diff-filter=ADMR @{upstream} [1ms]
2025-04-06 16:03:09.675 [info] > git config --get commit.template [14ms]
2025-04-06 16:03:09.675 [info] > git for-each-ref --format=%(refname)%00%(upstream:short)%00%(objectname)%00%(upstream:track)%00%(upstream:remotename)%00%(upstream:remoteref) refs/heads/main refs/remotes/main [1ms]
2025-04-06 16:03:09.703 [info] > git status -z -uall [15ms]
2025-04-06 16:03:09.703 [info] > git for-each-ref --sort -committerdate --format %(refname)%00%(objectname)%00%(*objectname) [1ms]
2025-04-06 16:03:20.442 [info] > git config --get commit.template [14ms]
2025-04-06 16:03:20.442 [info] > git for-each-ref --format=%(refname)%00%(upstream:short)%00%(objectname)%00%(upstream:track)%00%(upstream:remotename)%00%(upstream:remoteref) refs/heads/main refs/remotes/main [1ms]
2025-04-06 16:03:20.469 [info] > git status -z -uall [14ms]
2025-04-06 16:03:20.470 [info] > git for-each-ref --sort -committerdate --format %(refname)%00%(objectname)%00%(*objectname) [1ms]
2025-04-06 16:04:15.110 [info] > git config --get commit.template [13ms]
2025-04-06 16:04:15.110 [info] > git for-each-ref --format=%(refname)%00%(upstream:short)%00%(objectname)%00%(upstream:track)%00%(upstream:remotename)%00%(upstream:remoteref) refs/heads/main refs/remotes/main [1ms]
2025-04-06 16:04:15.137 [info] > git status -z -uall [13ms]
2025-04-06 16:04:15.138 [info] > git for-each-ref --sort -committerdate --format %(refname)%00%(objectname)%00%(*objectname) [1ms]
2025-04-06 16:05:01.041 [info] > git diff --name-status -z --diff-filter=ADMR @{upstream} [1ms]
2025-04-06 16:05:21.723 [info] > git config --get commit.template [0ms]
2025-04-06 16:05:21.737 [info] > git for-each-ref --format=%(refname)%00%(upstream:short)%00%(objectname)%00%(upstream:track)%00%(upstream:remotename)%00%(upstream:remoteref) refs/heads/main refs/remotes/main [1ms]
2025-04-06 16:05:21.764 [info] > git status -z -uall [14ms]
2025-04-06 16:05:21.764 [info] > git for-each-ref --sort -committerdate --format %(refname)%00%(objectname)%00%(*objectname) [0ms]
2025-04-06 16:05:26.787 [info] > git config --get commit.template [11ms]
2025-04-06 16:05:26.787 [info] > git for-each-ref --format=%(refname)%00%(upstream:short)%00%(objectname)%00%(upstream:track)%00%(upstream:remotename)%00%(upstream:remoteref) refs/heads/main refs/remotes/main [1ms]
2025-04-06 16:05:26.809 [info] > git status -z -uall [11ms]
2025-04-06 16:05:26.810 [info] > git for-each-ref --sort -committerdate --format %(refname)%00%(objectname)%00%(*objectname) [1ms]
2025-04-06 16:07:01.042 [info] > git diff --name-status -z --diff-filter=ADMR @{upstream} [1ms]
2025-04-06 16:07:10.057 [info] > git config --get commit.template [13ms]
2025-04-06 16:07:10.058 [info] > git for-each-ref --format=%(refname)%00%(upstream:short)%00%(objectname)%00%(upstream:track)%00%(upstream:remotename)%00%(upstream:remoteref) refs/heads/main refs/remotes/main [1ms]
2025-04-06 16:07:10.084 [info] > git status -z -uall [13ms]
2025-04-06 16:07:10.085 [info] > git for-each-ref --sort -committerdate --format %(refname)%00%(objectname)%00%(*objectname) [1ms]
2025-04-06 16:07:12.291 [info] > git show --textconv :poetry.lock [13ms]
2025-04-06 16:07:12.291 [info] > git ls-files --stage -- poetry.lock [1ms]
2025-04-06 16:07:12.305 [info] > git cat-file -s 9696901417d2a99ce09c05fb49eec9ca8cafd9cb [1ms]
2025-04-06 16:07:31.420 [info] > git config --get commit.template [15ms]
2025-04-06 16:07:31.421 [info] > git for-each-ref --format=%(refname)%00%(upstream:short)%00%(objectname)%00%(upstream:track)%00%(upstream:remotename)%00%(upstream:remoteref) refs/heads/main refs/remotes/main [1ms]
2025-04-06 16:07:31.449 [info] > git status -z -uall [15ms]
2025-04-06 16:07:31.449 [info] > git for-each-ref --sort -committerdate --format %(refname)%00%(objectname)%00%(*objectname) [1ms]
2025-04-06 16:07:33.744 [info] > git show --textconv :pyproject.toml [13ms]
2025-04-06 16:07:33.745 [info] > git ls-files --stage -- pyproject.toml [1ms]
2025-04-06 16:07:33.759 [info] > git cat-file -s 0c4dbca80b4a5d1e74902b53d0715d54a8b79749 [1ms]
2025-04-06 16:07:40.760 [info] > git blame --root --incremental dde64a2d87286c48d40bc8d0d9be42946f748614 -- pyproject.toml [31ms]
2025-04-06 16:07:54.368 [info] > git config --get commit.template [10ms]
2025-04-06 16:07:54.369 [info] > git for-each-ref --format=%(refname)%00%(upstream:short)%00%(objectname)%00%(upstream:track)%00%(upstream:remotename)%00%(upstream:remoteref) refs/heads/main refs/remotes/main [1ms]
2025-04-06 16:07:54.391 [info] > git status -z -uall [11ms]
2025-04-06 16:07:54.392 [info] > git for-each-ref --sort -committerdate --format %(refname)%00%(objectname)%00%(*objectname) [1ms]
2025-04-06 16:07:59.167 [info] > git show --textconv :poetry.lock [14ms]
2025-04-06 16:07:59.168 [info] > git ls-files --stage -- poetry.lock [2ms]
2025-04-06 16:07:59.182 [info] > git cat-file -s 9696901417d2a99ce09c05fb49eec9ca8cafd9cb [1ms]
2025-04-06 16:09:01.043 [info] > git diff --name-status -z --diff-filter=ADMR @{upstream} [1ms]
2025-04-06 16:10:33.880 [info] > git config --get commit.template [15ms]
2025-04-06 16:10:33.881 [info] > git for-each-ref --format=%(refname)%00%(upstream:short)%00%(objectname)%00%(upstream:track)%00%(upstream:remotename)%00%(upstream:remoteref) refs/heads/main refs/remotes/main [1ms]
2025-04-06 16:10:33.911 [info] > git status -z -uall [16ms]
2025-04-06 16:10:33.911 [info] > git for-each-ref --sort -committerdate --format %(refname)%00%(objectname)%00%(*objectname) [1ms]
2025-04-06 16:11:01.044 [info] > git diff --name-status -z --diff-filter=ADMR @{upstream} [1ms]
2025-04-06 16:12:03.988 [info] > git config --get commit.template [11ms]
2025-04-06 16:12:03.989 [info] > git for-each-ref --format=%(refname)%00%(upstream:short)%00%(objectname)%00%(upstream:track)%00%(upstream:remotename)%00%(upstream:remoteref) refs/heads/main refs/remotes/main [1ms]
2025-04-06 16:12:04.012 [info] > git status -z -uall [12ms]
2025-04-06 16:12:04.013 [info] > git for-each-ref --sort -committerdate --format %(refname)%00%(objectname)%00%(*objectname) [1ms]
2025-04-06 16:13:01.048 [info] > git diff --name-status -z --diff-filter=ADMR @{upstream} [2ms]
